[0.018s] Invoking command in '/home/hecate/code/24-visual-group-second-assessment-Chris/Question2-ROS2/miner_ws/build/mine_publisher': CMAKE_PREFIX_PATH=/home/hecate/code/24-visual-group-second-assessment-Chris/Question2-ROS2/miner_ws/install/miner_interfaces:/home/hecate/code/24-visual-group-second-assessment-Chris/Question2-ROS2/miner_ws/install/mine_service:/home/hecate/code/24-visual-group-second-assessment-Chris/Question2-ROS2/miner_ws/install/mine_publisher:/opt/ros/humble LD_LIBRARY_PATH=/home/hecate/code/24-visual-group-second-assessment-Chris/Question2-ROS2/miner_ws/install/miner_interfaces/lib:/home/hecate/code/24-visual-group-second-assessment-Chris/Question2-ROS2/miner_ws/install/mine_service/lib:/home/hecate/code/24-visual-group-second-assessment-Chris/Question2-ROS2/miner_ws/install/mine_publisher/lib:/opt/ros/humble/opt/rviz_ogre_vendor/lib:/opt/ros/humble/lib/x86_64-linux-gnu:/opt/ros/humble/lib /usr/bin/cmake --build /home/hecate/code/24-visual-group-second-assessment-Chris/Question2-ROS2/miner_ws/build/mine_publisher -- -j8 -l8
[0.064s] [35m[1mConsolidate compiler generated dependencies of target mine_publisher[0m
[0.067s] [35m[1mConsolidate compiler generated dependencies of target mine_publisher_node[0m
[0.089s] [ 50%] Built target mine_publisher_node
[0.095s] [ 75%] [32mBuilding CXX object CMakeFiles/mine_publisher.dir/src/mine_publisher_node.cpp.o[0m
[4.431s] [100%] [32m[1mLinking CXX shared library libmine_publisher.so[0m
[4.665s] [100%] Built target mine_publisher
[4.679s] Invoked command in '/home/hecate/code/24-visual-group-second-assessment-Chris/Question2-ROS2/miner_ws/build/mine_publisher' returned '0': CMAKE_PREFIX_PATH=/home/hecate/code/24-visual-group-second-assessment-Chris/Question2-ROS2/miner_ws/install/miner_interfaces:/home/hecate/code/24-visual-group-second-assessment-Chris/Question2-ROS2/miner_ws/install/mine_service:/home/hecate/code/24-visual-group-second-assessment-Chris/Question2-ROS2/miner_ws/install/mine_publisher:/opt/ros/humble LD_LIBRARY_PATH=/home/hecate/code/24-visual-group-second-assessment-Chris/Question2-ROS2/miner_ws/install/miner_interfaces/lib:/home/hecate/code/24-visual-group-second-assessment-Chris/Question2-ROS2/miner_ws/install/mine_service/lib:/home/hecate/code/24-visual-group-second-assessment-Chris/Question2-ROS2/miner_ws/install/mine_publisher/lib:/opt/ros/humble/opt/rviz_ogre_vendor/lib:/opt/ros/humble/lib/x86_64-linux-gnu:/opt/ros/humble/lib /usr/bin/cmake --build /home/hecate/code/24-visual-group-second-assessment-Chris/Question2-ROS2/miner_ws/build/mine_publisher -- -j8 -l8
[4.705s] Invoking command in '/home/hecate/code/24-visual-group-second-assessment-Chris/Question2-ROS2/miner_ws/build/mine_publisher': CMAKE_PREFIX_PATH=/home/hecate/code/24-visual-group-second-assessment-Chris/Question2-ROS2/miner_ws/install/miner_interfaces:/home/hecate/code/24-visual-group-second-assessment-Chris/Question2-ROS2/miner_ws/install/mine_service:/home/hecate/code/24-visual-group-second-assessment-Chris/Question2-ROS2/miner_ws/install/mine_publisher:/opt/ros/humble LD_LIBRARY_PATH=/home/hecate/code/24-visual-group-second-assessment-Chris/Question2-ROS2/miner_ws/install/miner_interfaces/lib:/home/hecate/code/24-visual-group-second-assessment-Chris/Question2-ROS2/miner_ws/install/mine_service/lib:/home/hecate/code/24-visual-group-second-assessment-Chris/Question2-ROS2/miner_ws/install/mine_publisher/lib:/opt/ros/humble/opt/rviz_ogre_vendor/lib:/opt/ros/humble/lib/x86_64-linux-gnu:/opt/ros/humble/lib /usr/bin/cmake --install /home/hecate/code/24-visual-group-second-assessment-Chris/Question2-ROS2/miner_ws/build/mine_publisher
[4.711s] -- Install configuration: ""
[4.711s] -- Execute custom install script
[4.712s] -- Up-to-date symlink: /home/hecate/code/24-visual-group-second-assessment-Chris/Question2-ROS2/miner_ws/install/mine_publisher/lib/mine_publisher/mine_publisher_node
[4.712s] -- Up-to-date symlink: /home/hecate/code/24-visual-group-second-assessment-Chris/Question2-ROS2/miner_ws/install/mine_publisher/include/mine_publisher/mine_publisher_node.hpp
[4.712s] -- Up-to-date symlink: /home/hecate/code/24-visual-group-second-assessment-Chris/Question2-ROS2/miner_ws/install/mine_publisher/share/mine_publisher/launch/mine_publisher.launch.py
[4.712s] -- Up-to-date symlink: /home/hecate/code/24-visual-group-second-assessment-Chris/Question2-ROS2/miner_ws/install/mine_publisher/share/mine_publisher/config/mine_publisher.yaml
[4.712s] -- Up-to-date symlink: /home/hecate/code/24-visual-group-second-assessment-Chris/Question2-ROS2/miner_ws/install/mine_publisher/share/ament_index/resource_index/package_run_dependencies/mine_publisher
[4.713s] -- Up-to-date symlink: /home/hecate/code/24-visual-group-second-assessment-Chris/Question2-ROS2/miner_ws/install/mine_publisher/share/ament_index/resource_index/parent_prefix_path/mine_publisher
[4.713s] -- Up-to-date symlink: /home/hecate/code/24-visual-group-second-assessment-Chris/Question2-ROS2/miner_ws/install/mine_publisher/share/mine_publisher/environment/ament_prefix_path.sh
[4.713s] -- Up-to-date symlink: /home/hecate/code/24-visual-group-second-assessment-Chris/Question2-ROS2/miner_ws/install/mine_publisher/share/mine_publisher/environment/ament_prefix_path.dsv
[4.713s] -- Up-to-date symlink: /home/hecate/code/24-visual-group-second-assessment-Chris/Question2-ROS2/miner_ws/install/mine_publisher/share/mine_publisher/environment/path.sh
[4.713s] -- Up-to-date symlink: /home/hecate/code/24-visual-group-second-assessment-Chris/Question2-ROS2/miner_ws/install/mine_publisher/share/mine_publisher/environment/path.dsv
[4.713s] -- Up-to-date symlink: /home/hecate/code/24-visual-group-second-assessment-Chris/Question2-ROS2/miner_ws/install/mine_publisher/share/mine_publisher/local_setup.bash
[4.714s] -- Up-to-date symlink: /home/hecate/code/24-visual-group-second-assessment-Chris/Question2-ROS2/miner_ws/install/mine_publisher/share/mine_publisher/local_setup.sh
[4.714s] -- Up-to-date symlink: /home/hecate/code/24-visual-group-second-assessment-Chris/Question2-ROS2/miner_ws/install/mine_publisher/share/mine_publisher/local_setup.zsh
[4.714s] -- Up-to-date symlink: /home/hecate/code/24-visual-group-second-assessment-Chris/Question2-ROS2/miner_ws/install/mine_publisher/share/mine_publisher/local_setup.dsv
[4.715s] -- Symlinking: /home/hecate/code/24-visual-group-second-assessment-Chris/Question2-ROS2/miner_ws/install/mine_publisher/share/mine_publisher/package.dsv
[4.730s] -- Up-to-date symlink: /home/hecate/code/24-visual-group-second-assessment-Chris/Question2-ROS2/miner_ws/install/mine_publisher/share/ament_index/resource_index/packages/mine_publisher
[4.731s] -- Up-to-date symlink: /home/hecate/code/24-visual-group-second-assessment-Chris/Question2-ROS2/miner_ws/install/mine_publisher/share/ament_index/resource_index/rclcpp_components/mine_publisher
[4.731s] -- Up-to-date symlink: /home/hecate/code/24-visual-group-second-assessment-Chris/Question2-ROS2/miner_ws/install/mine_publisher/share/mine_publisher/cmake/ament_cmake_export_targets-extras.cmake
[4.731s] -- Up-to-date symlink: /home/hecate/code/24-visual-group-second-assessment-Chris/Question2-ROS2/miner_ws/install/mine_publisher/share/mine_publisher/cmake/ament_cmake_export_dependencies-extras.cmake
[4.731s] -- Up-to-date symlink: /home/hecate/code/24-visual-group-second-assessment-Chris/Question2-ROS2/miner_ws/install/mine_publisher/share/mine_publisher/cmake/mine_publisherConfig.cmake
[4.731s] -- Up-to-date symlink: /home/hecate/code/24-visual-group-second-assessment-Chris/Question2-ROS2/miner_ws/install/mine_publisher/share/mine_publisher/cmake/mine_publisherConfig-version.cmake
[4.731s] -- Up-to-date symlink: /home/hecate/code/24-visual-group-second-assessment-Chris/Question2-ROS2/miner_ws/install/mine_publisher/share/mine_publisher/package.xml
[4.731s] -- Installing: /home/hecate/code/24-visual-group-second-assessment-Chris/Question2-ROS2/miner_ws/install/mine_publisher/lib/libmine_publisher.so
[4.734s] -- Set runtime path of "/home/hecate/code/24-visual-group-second-assessment-Chris/Question2-ROS2/miner_ws/install/mine_publisher/lib/libmine_publisher.so" to ""
[4.734s] -- Up-to-date: /home/hecate/code/24-visual-group-second-assessment-Chris/Question2-ROS2/miner_ws/install/mine_publisher/share/mine_publisher/cmake/export_mine_publisherExport.cmake
[4.734s] -- Up-to-date: /home/hecate/code/24-visual-group-second-assessment-Chris/Question2-ROS2/miner_ws/install/mine_publisher/share/mine_publisher/cmake/export_mine_publisherExport-noconfig.cmake
[4.739s] Invoked command in '/home/hecate/code/24-visual-group-second-assessment-Chris/Question2-ROS2/miner_ws/build/mine_publisher' returned '0': CMAKE_PREFIX_PATH=/home/hecate/code/24-visual-group-second-assessment-Chris/Question2-ROS2/miner_ws/install/miner_interfaces:/home/hecate/code/24-visual-group-second-assessment-Chris/Question2-ROS2/miner_ws/install/mine_service:/home/hecate/code/24-visual-group-second-assessment-Chris/Question2-ROS2/miner_ws/install/mine_publisher:/opt/ros/humble LD_LIBRARY_PATH=/home/hecate/code/24-visual-group-second-assessment-Chris/Question2-ROS2/miner_ws/install/miner_interfaces/lib:/home/hecate/code/24-visual-group-second-assessment-Chris/Question2-ROS2/miner_ws/install/mine_service/lib:/home/hecate/code/24-visual-group-second-assessment-Chris/Question2-ROS2/miner_ws/install/mine_publisher/lib:/opt/ros/humble/opt/rviz_ogre_vendor/lib:/opt/ros/humble/lib/x86_64-linux-gnu:/opt/ros/humble/lib /usr/bin/cmake --install /home/hecate/code/24-visual-group-second-assessment-Chris/Question2-ROS2/miner_ws/build/mine_publisher
