[0.015s] Invoking command in '/home/hecate/code/24-visual-group-second-assessment-Chris/Question2-ROS2/miner_ws/build/miner_interfaces': CMAKE_PREFIX_PATH=/opt/ros/humble /usr/bin/cmake --build /home/hecate/code/24-visual-group-second-assessment-Chris/Question2-ROS2/miner_ws/build/miner_interfaces -- -j8 -l8
[0.078s] [  6%] Built target miner_interfaces__cpp
[0.078s] [ 12%] Built target miner_interfaces__rosidl_generator_c
[0.090s] [ 12%] Built target ament_cmake_python_symlink_miner_interfaces
[0.114s] [ 23%] Built target miner_interfaces__rosidl_typesupport_c
[0.115s] [ 34%] Built target miner_interfaces__rosidl_typesupport_cpp
[0.115s] [ 44%] Built target miner_interfaces__rosidl_typesupport_introspection_cpp
[0.115s] [ 65%] Built target miner_interfaces__rosidl_typesupport_introspection_c
[0.115s] [ 65%] Built target miner_interfaces__rosidl_typesupport_fastrtps_cpp
[0.127s] [ 76%] Built target miner_interfaces__rosidl_typesupport_fastrtps_c
[0.156s] [ 76%] Built target miner_interfaces
[0.184s] [ 78%] Built target miner_interfaces__py
[0.212s] [ 87%] Built target miner_interfaces__rosidl_generator_py
[0.252s] [100%] Built target miner_interfaces__rosidl_typesupport_c__pyext
[0.252s] [100%] Built target miner_interfaces__rosidl_typesupport_fastrtps_c__pyext
[0.252s] [100%] Built target miner_interfaces__rosidl_typesupport_introspection_c__pyext
[0.416s] running egg_info
[0.417s] writing miner_interfaces.egg-info/PKG-INFO
[0.417s] writing dependency_links to miner_interfaces.egg-info/dependency_links.txt
[0.417s] writing top-level names to miner_interfaces.egg-info/top_level.txt
[0.420s] reading manifest file 'miner_interfaces.egg-info/SOURCES.txt'
[0.420s] writing manifest file 'miner_interfaces.egg-info/SOURCES.txt'
[0.461s] [100%] Built target ament_cmake_python_build_miner_interfaces_egg
[0.481s] Invoked command in '/home/hecate/code/24-visual-group-second-assessment-Chris/Question2-ROS2/miner_ws/build/miner_interfaces' returned '0': CMAKE_PREFIX_PATH=/opt/ros/humble /usr/bin/cmake --build /home/hecate/code/24-visual-group-second-assessment-Chris/Question2-ROS2/miner_ws/build/miner_interfaces -- -j8 -l8
[0.597s] Invoking command in '/home/hecate/code/24-visual-group-second-assessment-Chris/Question2-ROS2/miner_ws/build/miner_interfaces': CMAKE_PREFIX_PATH=/opt/ros/humble /usr/bin/cmake --install /home/hecate/code/24-visual-group-second-assessment-Chris/Question2-ROS2/miner_ws/build/miner_interfaces
[0.605s] -- Install configuration: ""
[0.605s] -- Execute custom install script
[0.605s] -- Up-to-date symlink: /home/hecate/code/24-visual-group-second-assessment-Chris/Question2-ROS2/miner_ws/install/miner_interfaces/share/ament_index/resource_index/rosidl_interfaces/miner_interfaces
[0.606s] -- Up-to-date symlink: /home/hecate/code/24-visual-group-second-assessment-Chris/Question2-ROS2/miner_ws/install/miner_interfaces/include/miner_interfaces/miner_interfaces/msg/detail/ore__functions.h
[0.606s] -- Up-to-date symlink: /home/hecate/code/24-visual-group-second-assessment-Chris/Question2-ROS2/miner_ws/install/miner_interfaces/include/miner_interfaces/miner_interfaces/msg/detail/ore__struct.h
[0.606s] -- Up-to-date symlink: /home/hecate/code/24-visual-group-second-assessment-Chris/Question2-ROS2/miner_ws/install/miner_interfaces/include/miner_interfaces/miner_interfaces/msg/detail/ore__type_support.h
[0.606s] -- Up-to-date symlink: /home/hecate/code/24-visual-group-second-assessment-Chris/Question2-ROS2/miner_ws/install/miner_interfaces/include/miner_interfaces/miner_interfaces/msg/detail/ores__functions.h
[0.607s] -- Up-to-date symlink: /home/hecate/code/24-visual-group-second-assessment-Chris/Question2-ROS2/miner_ws/install/miner_interfaces/include/miner_interfaces/miner_interfaces/msg/detail/ores__struct.h
[0.607s] -- Up-to-date symlink: /home/hecate/code/24-visual-group-second-assessment-Chris/Question2-ROS2/miner_ws/install/miner_interfaces/include/miner_interfaces/miner_interfaces/msg/detail/ores__type_support.h
[0.607s] -- Up-to-date symlink: /home/hecate/code/24-visual-group-second-assessment-Chris/Question2-ROS2/miner_ws/install/miner_interfaces/include/miner_interfaces/miner_interfaces/msg/ore.h
[0.607s] -- Up-to-date symlink: /home/hecate/code/24-visual-group-second-assessment-Chris/Question2-ROS2/miner_ws/install/miner_interfaces/include/miner_interfaces/miner_interfaces/msg/ores.h
[0.607s] -- Up-to-date symlink: /home/hecate/code/24-visual-group-second-assessment-Chris/Question2-ROS2/miner_ws/install/miner_interfaces/include/miner_interfaces/miner_interfaces/msg/rosidl_generator_c__visibility_control.h
[0.607s] -- Up-to-date symlink: /home/hecate/code/24-visual-group-second-assessment-Chris/Question2-ROS2/miner_ws/install/miner_interfaces/include/miner_interfaces/miner_interfaces/srv/detail/mine_map__functions.h
[0.607s] -- Up-to-date symlink: /home/hecate/code/24-visual-group-second-assessment-Chris/Question2-ROS2/miner_ws/install/miner_interfaces/include/miner_interfaces/miner_interfaces/srv/detail/mine_map__struct.h
[0.607s] -- Up-to-date symlink: /home/hecate/code/24-visual-group-second-assessment-Chris/Question2-ROS2/miner_ws/install/miner_interfaces/include/miner_interfaces/miner_interfaces/srv/detail/mine_map__type_support.h
[0.608s] -- Up-to-date symlink: /home/hecate/code/24-visual-group-second-assessment-Chris/Question2-ROS2/miner_ws/install/miner_interfaces/include/miner_interfaces/miner_interfaces/srv/mine_map.h
[0.608s] -- Up-to-date symlink: /home/hecate/code/24-visual-group-second-assessment-Chris/Question2-ROS2/miner_ws/install/miner_interfaces/share/miner_interfaces/environment/library_path.sh
[0.608s] -- Up-to-date symlink: /home/hecate/code/24-visual-group-second-assessment-Chris/Question2-ROS2/miner_ws/install/miner_interfaces/share/miner_interfaces/environment/library_path.dsv
[0.608s] -- Up-to-date symlink: /home/hecate/code/24-visual-group-second-assessment-Chris/Question2-ROS2/miner_ws/install/miner_interfaces/include/miner_interfaces/miner_interfaces/msg/detail/ore__rosidl_typesupport_fastrtps_c.h
[0.608s] -- Up-to-date symlink: /home/hecate/code/24-visual-group-second-assessment-Chris/Question2-ROS2/miner_ws/install/miner_interfaces/include/miner_interfaces/miner_interfaces/msg/detail/ores__rosidl_typesupport_fastrtps_c.h
[0.608s] -- Up-to-date symlink: /home/hecate/code/24-visual-group-second-assessment-Chris/Question2-ROS2/miner_ws/install/miner_interfaces/include/miner_interfaces/miner_interfaces/msg/rosidl_typesupport_fastrtps_c__visibility_control.h
[0.609s] -- Up-to-date symlink: /home/hecate/code/24-visual-group-second-assessment-Chris/Question2-ROS2/miner_ws/install/miner_interfaces/include/miner_interfaces/miner_interfaces/srv/detail/mine_map__rosidl_typesupport_fastrtps_c.h
[0.609s] -- Up-to-date symlink: /home/hecate/code/24-visual-group-second-assessment-Chris/Question2-ROS2/miner_ws/install/miner_interfaces/include/miner_interfaces/miner_interfaces/msg/detail/ore__builder.hpp
[0.609s] -- Up-to-date symlink: /home/hecate/code/24-visual-group-second-assessment-Chris/Question2-ROS2/miner_ws/install/miner_interfaces/include/miner_interfaces/miner_interfaces/msg/detail/ore__struct.hpp
[0.609s] -- Up-to-date symlink: /home/hecate/code/24-visual-group-second-assessment-Chris/Question2-ROS2/miner_ws/install/miner_interfaces/include/miner_interfaces/miner_interfaces/msg/detail/ore__traits.hpp
[0.609s] -- Up-to-date symlink: /home/hecate/code/24-visual-group-second-assessment-Chris/Question2-ROS2/miner_ws/install/miner_interfaces/include/miner_interfaces/miner_interfaces/msg/detail/ores__builder.hpp
[0.610s] -- Up-to-date symlink: /home/hecate/code/24-visual-group-second-assessment-Chris/Question2-ROS2/miner_ws/install/miner_interfaces/include/miner_interfaces/miner_interfaces/msg/detail/ores__struct.hpp
[0.610s] -- Up-to-date symlink: /home/hecate/code/24-visual-group-second-assessment-Chris/Question2-ROS2/miner_ws/install/miner_interfaces/include/miner_interfaces/miner_interfaces/msg/detail/ores__traits.hpp
[0.610s] -- Up-to-date symlink: /home/hecate/code/24-visual-group-second-assessment-Chris/Question2-ROS2/miner_ws/install/miner_interfaces/include/miner_interfaces/miner_interfaces/msg/ore.hpp
[0.610s] -- Up-to-date symlink: /home/hecate/code/24-visual-group-second-assessment-Chris/Question2-ROS2/miner_ws/install/miner_interfaces/include/miner_interfaces/miner_interfaces/msg/ores.hpp
[0.610s] -- Up-to-date symlink: /home/hecate/code/24-visual-group-second-assessment-Chris/Question2-ROS2/miner_ws/install/miner_interfaces/include/miner_interfaces/miner_interfaces/srv/detail/mine_map__builder.hpp
[0.610s] -- Up-to-date symlink: /home/hecate/code/24-visual-group-second-assessment-Chris/Question2-ROS2/miner_ws/install/miner_interfaces/include/miner_interfaces/miner_interfaces/srv/detail/mine_map__struct.hpp
[0.610s] -- Up-to-date symlink: /home/hecate/code/24-visual-group-second-assessment-Chris/Question2-ROS2/miner_ws/install/miner_interfaces/include/miner_interfaces/miner_interfaces/srv/detail/mine_map__traits.hpp
[0.610s] -- Up-to-date symlink: /home/hecate/code/24-visual-group-second-assessment-Chris/Question2-ROS2/miner_ws/install/miner_interfaces/include/miner_interfaces/miner_interfaces/srv/mine_map.hpp
[0.611s] -- Up-to-date symlink: /home/hecate/code/24-visual-group-second-assessment-Chris/Question2-ROS2/miner_ws/install/miner_interfaces/include/miner_interfaces/miner_interfaces/msg/detail/ore__rosidl_typesupport_fastrtps_cpp.hpp
[0.611s] -- Up-to-date symlink: /home/hecate/code/24-visual-group-second-assessment-Chris/Question2-ROS2/miner_ws/install/miner_interfaces/include/miner_interfaces/miner_interfaces/msg/detail/ores__rosidl_typesupport_fastrtps_cpp.hpp
[0.611s] -- Up-to-date symlink: /home/hecate/code/24-visual-group-second-assessment-Chris/Question2-ROS2/miner_ws/install/miner_interfaces/include/miner_interfaces/miner_interfaces/msg/rosidl_typesupport_fastrtps_cpp__visibility_control.h
[0.611s] -- Up-to-date symlink: /home/hecate/code/24-visual-group-second-assessment-Chris/Question2-ROS2/miner_ws/install/miner_interfaces/include/miner_interfaces/miner_interfaces/srv/detail/mine_map__rosidl_typesupport_fastrtps_cpp.hpp
[0.612s] -- Up-to-date symlink: /home/hecate/code/24-visual-group-second-assessment-Chris/Question2-ROS2/miner_ws/install/miner_interfaces/include/miner_interfaces/miner_interfaces/msg/detail/ore__rosidl_typesupport_introspection_c.h
[0.612s] -- Up-to-date symlink: /home/hecate/code/24-visual-group-second-assessment-Chris/Question2-ROS2/miner_ws/install/miner_interfaces/include/miner_interfaces/miner_interfaces/msg/detail/ores__rosidl_typesupport_introspection_c.h
[0.612s] -- Up-to-date symlink: /home/hecate/code/24-visual-group-second-assessment-Chris/Question2-ROS2/miner_ws/install/miner_interfaces/include/miner_interfaces/miner_interfaces/msg/rosidl_typesupport_introspection_c__visibility_control.h
[0.612s] -- Up-to-date symlink: /home/hecate/code/24-visual-group-second-assessment-Chris/Question2-ROS2/miner_ws/install/miner_interfaces/include/miner_interfaces/miner_interfaces/srv/detail/mine_map__rosidl_typesupport_introspection_c.h
[0.613s] -- Up-to-date symlink: /home/hecate/code/24-visual-group-second-assessment-Chris/Question2-ROS2/miner_ws/install/miner_interfaces/include/miner_interfaces/miner_interfaces/msg/detail/ore__rosidl_typesupport_introspection_cpp.hpp
[0.613s] -- Up-to-date symlink: /home/hecate/code/24-visual-group-second-assessment-Chris/Question2-ROS2/miner_ws/install/miner_interfaces/include/miner_interfaces/miner_interfaces/msg/detail/ores__rosidl_typesupport_introspection_cpp.hpp
[0.613s] -- Up-to-date symlink: /home/hecate/code/24-visual-group-second-assessment-Chris/Question2-ROS2/miner_ws/install/miner_interfaces/include/miner_interfaces/miner_interfaces/srv/detail/mine_map__rosidl_typesupport_introspection_cpp.hpp
[0.613s] -- Up-to-date symlink: /home/hecate/code/24-visual-group-second-assessment-Chris/Question2-ROS2/miner_ws/install/miner_interfaces/share/miner_interfaces/environment/pythonpath.sh
[0.613s] -- Up-to-date symlink: /home/hecate/code/24-visual-group-second-assessment-Chris/Question2-ROS2/miner_ws/install/miner_interfaces/share/miner_interfaces/environment/pythonpath.dsv
[0.613s] -- Up-to-date symlink: /home/hecate/code/24-visual-group-second-assessment-Chris/Question2-ROS2/miner_ws/install/miner_interfaces/local/lib/python3.10/dist-packages/miner_interfaces-0.0.0-py3.10.egg-info/PKG-INFO
[0.614s] -- Up-to-date symlink: /home/hecate/code/24-visual-group-second-assessment-Chris/Question2-ROS2/miner_ws/install/miner_interfaces/local/lib/python3.10/dist-packages/miner_interfaces-0.0.0-py3.10.egg-info/SOURCES.txt
[0.614s] -- Up-to-date symlink: /home/hecate/code/24-visual-group-second-assessment-Chris/Question2-ROS2/miner_ws/install/miner_interfaces/local/lib/python3.10/dist-packages/miner_interfaces-0.0.0-py3.10.egg-info/dependency_links.txt
[0.614s] -- Up-to-date symlink: /home/hecate/code/24-visual-group-second-assessment-Chris/Question2-ROS2/miner_ws/install/miner_interfaces/local/lib/python3.10/dist-packages/miner_interfaces-0.0.0-py3.10.egg-info/top_level.txt
[0.615s] -- Up-to-date symlink: /home/hecate/code/24-visual-group-second-assessment-Chris/Question2-ROS2/miner_ws/install/miner_interfaces/local/lib/python3.10/dist-packages/miner_interfaces/__init__.py
[0.615s] -- Up-to-date symlink: /home/hecate/code/24-visual-group-second-assessment-Chris/Question2-ROS2/miner_ws/install/miner_interfaces/local/lib/python3.10/dist-packages/miner_interfaces/_miner_interfaces_s.ep.rosidl_typesupport_c.c
[0.615s] -- Up-to-date symlink: /home/hecate/code/24-visual-group-second-assessment-Chris/Question2-ROS2/miner_ws/install/miner_interfaces/local/lib/python3.10/dist-packages/miner_interfaces/_miner_interfaces_s.ep.rosidl_typesupport_fastrtps_c.c
[0.615s] -- Up-to-date symlink: /home/hecate/code/24-visual-group-second-assessment-Chris/Question2-ROS2/miner_ws/install/miner_interfaces/local/lib/python3.10/dist-packages/miner_interfaces/_miner_interfaces_s.ep.rosidl_typesupport_introspection_c.c
[0.615s] -- Up-to-date symlink: /home/hecate/code/24-visual-group-second-assessment-Chris/Question2-ROS2/miner_ws/install/miner_interfaces/local/lib/python3.10/dist-packages/miner_interfaces/libminer_interfaces__rosidl_generator_py.so
[0.615s] -- Up-to-date symlink: /home/hecate/code/24-visual-group-second-assessment-Chris/Question2-ROS2/miner_ws/install/miner_interfaces/local/lib/python3.10/dist-packages/miner_interfaces/miner_interfaces_s__rosidl_typesupport_c.cpython-310-x86_64-linux-gnu.so
[0.615s] -- Up-to-date symlink: /home/hecate/code/24-visual-group-second-assessment-Chris/Question2-ROS2/miner_ws/install/miner_interfaces/local/lib/python3.10/dist-packages/miner_interfaces/miner_interfaces_s__rosidl_typesupport_fastrtps_c.cpython-310-x86_64-linux-gnu.so
[0.615s] -- Up-to-date symlink: /home/hecate/code/24-visual-group-second-assessment-Chris/Question2-ROS2/miner_ws/install/miner_interfaces/local/lib/python3.10/dist-packages/miner_interfaces/miner_interfaces_s__rosidl_typesupport_introspection_c.cpython-310-x86_64-linux-gnu.so
[0.615s] -- Up-to-date symlink: /home/hecate/code/24-visual-group-second-assessment-Chris/Question2-ROS2/miner_ws/install/miner_interfaces/local/lib/python3.10/dist-packages/miner_interfaces/msg/__init__.py
[0.615s] -- Up-to-date symlink: /home/hecate/code/24-visual-group-second-assessment-Chris/Question2-ROS2/miner_ws/install/miner_interfaces/local/lib/python3.10/dist-packages/miner_interfaces/msg/_ore.py
[0.616s] -- Up-to-date symlink: /home/hecate/code/24-visual-group-second-assessment-Chris/Question2-ROS2/miner_ws/install/miner_interfaces/local/lib/python3.10/dist-packages/miner_interfaces/msg/_ore_s.c
[0.616s] -- Up-to-date symlink: /home/hecate/code/24-visual-group-second-assessment-Chris/Question2-ROS2/miner_ws/install/miner_interfaces/local/lib/python3.10/dist-packages/miner_interfaces/msg/_ores.py
[0.616s] -- Up-to-date symlink: /home/hecate/code/24-visual-group-second-assessment-Chris/Question2-ROS2/miner_ws/install/miner_interfaces/local/lib/python3.10/dist-packages/miner_interfaces/msg/_ores_s.c
[0.616s] -- Up-to-date symlink: /home/hecate/code/24-visual-group-second-assessment-Chris/Question2-ROS2/miner_ws/install/miner_interfaces/local/lib/python3.10/dist-packages/miner_interfaces/srv/__init__.py
[0.616s] -- Up-to-date symlink: /home/hecate/code/24-visual-group-second-assessment-Chris/Question2-ROS2/miner_ws/install/miner_interfaces/local/lib/python3.10/dist-packages/miner_interfaces/srv/_mine_map.py
[0.616s] -- Up-to-date symlink: /home/hecate/code/24-visual-group-second-assessment-Chris/Question2-ROS2/miner_ws/install/miner_interfaces/local/lib/python3.10/dist-packages/miner_interfaces/srv/_mine_map_s.c
[0.616s] -- Up-to-date symlink: /home/hecate/code/24-visual-group-second-assessment-Chris/Question2-ROS2/miner_ws/install/miner_interfaces/local/lib/python3.10/dist-packages/miner_interfaces/miner_interfaces_s__rosidl_typesupport_fastrtps_c.cpython-310-x86_64-linux-gnu.so
[0.617s] -- Up-to-date symlink: /home/hecate/code/24-visual-group-second-assessment-Chris/Question2-ROS2/miner_ws/install/miner_interfaces/local/lib/python3.10/dist-packages/miner_interfaces/miner_interfaces_s__rosidl_typesupport_introspection_c.cpython-310-x86_64-linux-gnu.so
[0.617s] -- Up-to-date symlink: /home/hecate/code/24-visual-group-second-assessment-Chris/Question2-ROS2/miner_ws/install/miner_interfaces/local/lib/python3.10/dist-packages/miner_interfaces/miner_interfaces_s__rosidl_typesupport_c.cpython-310-x86_64-linux-gnu.so
[0.617s] -- Up-to-date symlink: /home/hecate/code/24-visual-group-second-assessment-Chris/Question2-ROS2/miner_ws/install/miner_interfaces/share/miner_interfaces/msg/Ore.idl
[0.617s] -- Up-to-date symlink: /home/hecate/code/24-visual-group-second-assessment-Chris/Question2-ROS2/miner_ws/install/miner_interfaces/share/miner_interfaces/msg/Ores.idl
[0.617s] -- Up-to-date symlink: /home/hecate/code/24-visual-group-second-assessment-Chris/Question2-ROS2/miner_ws/install/miner_interfaces/share/miner_interfaces/srv/MineMap.idl
[0.617s] -- Up-to-date symlink: /home/hecate/code/24-visual-group-second-assessment-Chris/Question2-ROS2/miner_ws/install/miner_interfaces/share/miner_interfaces/msg/Ore.msg
[0.618s] -- Up-to-date symlink: /home/hecate/code/24-visual-group-second-assessment-Chris/Question2-ROS2/miner_ws/install/miner_interfaces/share/miner_interfaces/msg/Ores.msg
[0.618s] -- Up-to-date symlink: /home/hecate/code/24-visual-group-second-assessment-Chris/Question2-ROS2/miner_ws/install/miner_interfaces/share/miner_interfaces/srv/MineMap.srv
[0.618s] -- Up-to-date symlink: /home/hecate/code/24-visual-group-second-assessment-Chris/Question2-ROS2/miner_ws/install/miner_interfaces/share/miner_interfaces/srv/MineMap_Request.msg
[0.618s] -- Up-to-date symlink: /home/hecate/code/24-visual-group-second-assessment-Chris/Question2-ROS2/miner_ws/install/miner_interfaces/share/miner_interfaces/srv/MineMap_Response.msg
[0.618s] -- Up-to-date symlink: /home/hecate/code/24-visual-group-second-assessment-Chris/Question2-ROS2/miner_ws/install/miner_interfaces/share/ament_index/resource_index/package_run_dependencies/miner_interfaces
[0.618s] -- Up-to-date symlink: /home/hecate/code/24-visual-group-second-assessment-Chris/Question2-ROS2/miner_ws/install/miner_interfaces/share/ament_index/resource_index/parent_prefix_path/miner_interfaces
[0.619s] -- Up-to-date symlink: /home/hecate/code/24-visual-group-second-assessment-Chris/Question2-ROS2/miner_ws/install/miner_interfaces/share/miner_interfaces/environment/ament_prefix_path.sh
[0.619s] -- Up-to-date symlink: /home/hecate/code/24-visual-group-second-assessment-Chris/Question2-ROS2/miner_ws/install/miner_interfaces/share/miner_interfaces/environment/ament_prefix_path.dsv
[0.619s] -- Up-to-date symlink: /home/hecate/code/24-visual-group-second-assessment-Chris/Question2-ROS2/miner_ws/install/miner_interfaces/share/miner_interfaces/environment/path.sh
[0.619s] -- Up-to-date symlink: /home/hecate/code/24-visual-group-second-assessment-Chris/Question2-ROS2/miner_ws/install/miner_interfaces/share/miner_interfaces/environment/path.dsv
[0.619s] -- Up-to-date symlink: /home/hecate/code/24-visual-group-second-assessment-Chris/Question2-ROS2/miner_ws/install/miner_interfaces/share/miner_interfaces/local_setup.bash
[0.620s] -- Up-to-date symlink: /home/hecate/code/24-visual-group-second-assessment-Chris/Question2-ROS2/miner_ws/install/miner_interfaces/share/miner_interfaces/local_setup.sh
[0.620s] -- Up-to-date symlink: /home/hecate/code/24-visual-group-second-assessment-Chris/Question2-ROS2/miner_ws/install/miner_interfaces/share/miner_interfaces/local_setup.zsh
[0.620s] -- Up-to-date symlink: /home/hecate/code/24-visual-group-second-assessment-Chris/Question2-ROS2/miner_ws/install/miner_interfaces/share/miner_interfaces/local_setup.dsv
[0.620s] -- Symlinking: /home/hecate/code/24-visual-group-second-assessment-Chris/Question2-ROS2/miner_ws/install/miner_interfaces/share/miner_interfaces/package.dsv
[0.632s] -- Up-to-date symlink: /home/hecate/code/24-visual-group-second-assessment-Chris/Question2-ROS2/miner_ws/install/miner_interfaces/share/ament_index/resource_index/packages/miner_interfaces
[0.632s] -- Up-to-date symlink: /home/hecate/code/24-visual-group-second-assessment-Chris/Question2-ROS2/miner_ws/install/miner_interfaces/share/miner_interfaces/cmake/rosidl_cmake-extras.cmake
[0.632s] -- Up-to-date symlink: /home/hecate/code/24-visual-group-second-assessment-Chris/Question2-ROS2/miner_ws/install/miner_interfaces/share/miner_interfaces/cmake/ament_cmake_export_dependencies-extras.cmake
[0.632s] -- Up-to-date symlink: /home/hecate/code/24-visual-group-second-assessment-Chris/Question2-ROS2/miner_ws/install/miner_interfaces/share/miner_interfaces/cmake/ament_cmake_export_include_directories-extras.cmake
[0.633s] -- Up-to-date symlink: /home/hecate/code/24-visual-group-second-assessment-Chris/Question2-ROS2/miner_ws/install/miner_interfaces/share/miner_interfaces/cmake/ament_cmake_export_libraries-extras.cmake
[0.633s] -- Up-to-date symlink: /home/hecate/code/24-visual-group-second-assessment-Chris/Question2-ROS2/miner_ws/install/miner_interfaces/share/miner_interfaces/cmake/ament_cmake_export_targets-extras.cmake
[0.633s] -- Up-to-date symlink: /home/hecate/code/24-visual-group-second-assessment-Chris/Question2-ROS2/miner_ws/install/miner_interfaces/share/miner_interfaces/cmake/rosidl_cmake_export_typesupport_targets-extras.cmake
[0.633s] -- Up-to-date symlink: /home/hecate/code/24-visual-group-second-assessment-Chris/Question2-ROS2/miner_ws/install/miner_interfaces/share/miner_interfaces/cmake/rosidl_cmake_export_typesupport_libraries-extras.cmake
[0.633s] -- Up-to-date symlink: /home/hecate/code/24-visual-group-second-assessment-Chris/Question2-ROS2/miner_ws/install/miner_interfaces/share/miner_interfaces/cmake/miner_interfacesConfig.cmake
[0.633s] -- Up-to-date symlink: /home/hecate/code/24-visual-group-second-assessment-Chris/Question2-ROS2/miner_ws/install/miner_interfaces/share/miner_interfaces/cmake/miner_interfacesConfig-version.cmake
[0.633s] -- Up-to-date symlink: /home/hecate/code/24-visual-group-second-assessment-Chris/Question2-ROS2/miner_ws/install/miner_interfaces/share/miner_interfaces/package.xml
[0.634s] -- Up-to-date: /home/hecate/code/24-visual-group-second-assessment-Chris/Question2-ROS2/miner_ws/install/miner_interfaces/lib/libminer_interfaces__rosidl_generator_c.so
[0.634s] -- Up-to-date: /home/hecate/code/24-visual-group-second-assessment-Chris/Question2-ROS2/miner_ws/install/miner_interfaces/lib/libminer_interfaces__rosidl_typesupport_fastrtps_c.so
[0.634s] -- Up-to-date: /home/hecate/code/24-visual-group-second-assessment-Chris/Question2-ROS2/miner_ws/install/miner_interfaces/lib/libminer_interfaces__rosidl_typesupport_fastrtps_cpp.so
[0.635s] -- Up-to-date: /home/hecate/code/24-visual-group-second-assessment-Chris/Question2-ROS2/miner_ws/install/miner_interfaces/lib/libminer_interfaces__rosidl_typesupport_introspection_c.so
[0.635s] -- Up-to-date: /home/hecate/code/24-visual-group-second-assessment-Chris/Question2-ROS2/miner_ws/install/miner_interfaces/lib/libminer_interfaces__rosidl_typesupport_c.so
[0.635s] -- Up-to-date: /home/hecate/code/24-visual-group-second-assessment-Chris/Question2-ROS2/miner_ws/install/miner_interfaces/lib/libminer_interfaces__rosidl_typesupport_introspection_cpp.so
[0.635s] -- Up-to-date: /home/hecate/code/24-visual-group-second-assessment-Chris/Question2-ROS2/miner_ws/install/miner_interfaces/lib/libminer_interfaces__rosidl_typesupport_cpp.so
[0.673s] Listing '/home/hecate/code/24-visual-group-second-assessment-Chris/Question2-ROS2/miner_ws/install/miner_interfaces/local/lib/python3.10/dist-packages/miner_interfaces'...
[0.673s] Listing '/home/hecate/code/24-visual-group-second-assessment-Chris/Question2-ROS2/miner_ws/install/miner_interfaces/local/lib/python3.10/dist-packages/miner_interfaces/msg'...
[0.673s] Listing '/home/hecate/code/24-visual-group-second-assessment-Chris/Question2-ROS2/miner_ws/install/miner_interfaces/local/lib/python3.10/dist-packages/miner_interfaces/srv'...
[0.678s] -- Up-to-date: /home/hecate/code/24-visual-group-second-assessment-Chris/Question2-ROS2/miner_ws/install/miner_interfaces/lib/libminer_interfaces__rosidl_generator_py.so
[0.678s] -- Up-to-date: /home/hecate/code/24-visual-group-second-assessment-Chris/Question2-ROS2/miner_ws/install/miner_interfaces/share/miner_interfaces/cmake/export_miner_interfaces__rosidl_generator_cExport.cmake
[0.678s] -- Up-to-date: /home/hecate/code/24-visual-group-second-assessment-Chris/Question2-ROS2/miner_ws/install/miner_interfaces/share/miner_interfaces/cmake/export_miner_interfaces__rosidl_generator_cExport-noconfig.cmake
[0.679s] -- Up-to-date: /home/hecate/code/24-visual-group-second-assessment-Chris/Question2-ROS2/miner_ws/install/miner_interfaces/share/miner_interfaces/cmake/export_miner_interfaces__rosidl_typesupport_fastrtps_cExport.cmake
[0.679s] -- Up-to-date: /home/hecate/code/24-visual-group-second-assessment-Chris/Question2-ROS2/miner_ws/install/miner_interfaces/share/miner_interfaces/cmake/export_miner_interfaces__rosidl_typesupport_fastrtps_cExport-noconfig.cmake
[0.679s] -- Up-to-date: /home/hecate/code/24-visual-group-second-assessment-Chris/Question2-ROS2/miner_ws/install/miner_interfaces/share/miner_interfaces/cmake/export_miner_interfaces__rosidl_generator_cppExport.cmake
[0.679s] -- Up-to-date: /home/hecate/code/24-visual-group-second-assessment-Chris/Question2-ROS2/miner_ws/install/miner_interfaces/share/miner_interfaces/cmake/export_miner_interfaces__rosidl_typesupport_fastrtps_cppExport.cmake
[0.679s] -- Up-to-date: /home/hecate/code/24-visual-group-second-assessment-Chris/Question2-ROS2/miner_ws/install/miner_interfaces/share/miner_interfaces/cmake/export_miner_interfaces__rosidl_typesupport_fastrtps_cppExport-noconfig.cmake
[0.679s] -- Up-to-date: /home/hecate/code/24-visual-group-second-assessment-Chris/Question2-ROS2/miner_ws/install/miner_interfaces/share/miner_interfaces/cmake/miner_interfaces__rosidl_typesupport_introspection_cExport.cmake
[0.679s] -- Up-to-date: /home/hecate/code/24-visual-group-second-assessment-Chris/Question2-ROS2/miner_ws/install/miner_interfaces/share/miner_interfaces/cmake/miner_interfaces__rosidl_typesupport_introspection_cExport-noconfig.cmake
[0.679s] -- Up-to-date: /home/hecate/code/24-visual-group-second-assessment-Chris/Question2-ROS2/miner_ws/install/miner_interfaces/share/miner_interfaces/cmake/miner_interfaces__rosidl_typesupport_cExport.cmake
[0.679s] -- Up-to-date: /home/hecate/code/24-visual-group-second-assessment-Chris/Question2-ROS2/miner_ws/install/miner_interfaces/share/miner_interfaces/cmake/miner_interfaces__rosidl_typesupport_cExport-noconfig.cmake
[0.679s] -- Up-to-date: /home/hecate/code/24-visual-group-second-assessment-Chris/Question2-ROS2/miner_ws/install/miner_interfaces/share/miner_interfaces/cmake/miner_interfaces__rosidl_typesupport_introspection_cppExport.cmake
[0.679s] -- Up-to-date: /home/hecate/code/24-visual-group-second-assessment-Chris/Question2-ROS2/miner_ws/install/miner_interfaces/share/miner_interfaces/cmake/miner_interfaces__rosidl_typesupport_introspection_cppExport-noconfig.cmake
[0.680s] -- Up-to-date: /home/hecate/code/24-visual-group-second-assessment-Chris/Question2-ROS2/miner_ws/install/miner_interfaces/share/miner_interfaces/cmake/miner_interfaces__rosidl_typesupport_cppExport.cmake
[0.680s] -- Up-to-date: /home/hecate/code/24-visual-group-second-assessment-Chris/Question2-ROS2/miner_ws/install/miner_interfaces/share/miner_interfaces/cmake/miner_interfaces__rosidl_typesupport_cppExport-noconfig.cmake
[0.680s] -- Up-to-date: /home/hecate/code/24-visual-group-second-assessment-Chris/Question2-ROS2/miner_ws/install/miner_interfaces/share/miner_interfaces/cmake/export_miner_interfaces__rosidl_generator_pyExport.cmake
[0.680s] -- Up-to-date: /home/hecate/code/24-visual-group-second-assessment-Chris/Question2-ROS2/miner_ws/install/miner_interfaces/share/miner_interfaces/cmake/export_miner_interfaces__rosidl_generator_pyExport-noconfig.cmake
[0.682s] Invoked command in '/home/hecate/code/24-visual-group-second-assessment-Chris/Question2-ROS2/miner_ws/build/miner_interfaces' returned '0': CMAKE_PREFIX_PATH=/opt/ros/humble /usr/bin/cmake --install /home/hecate/code/24-visual-group-second-assessment-Chris/Question2-ROS2/miner_ws/build/miner_interfaces
