[0.025s] Invoking command in '/home/hecate/code/24-visual-group-second-assessment-Chris/Question2-ROS2/miner_ws/build/mine_publisher': CMAKE_PREFIX_PATH=/home/hecate/code/24-visual-group-second-assessment-Chris/Question2-ROS2/miner_ws/install/miner_interfaces:/home/hecate/code/24-visual-group-second-assessment-Chris/Question2-ROS2/miner_ws/install/mine_publisher:/opt/ros/humble LD_LIBRARY_PATH=/home/hecate/code/24-visual-group-second-assessment-Chris/Question2-ROS2/miner_ws/install/miner_interfaces/lib:/home/hecate/code/24-visual-group-second-assessment-Chris/Question2-ROS2/miner_ws/install/mine_publisher/lib:/opt/ros/humble/opt/rviz_ogre_vendor/lib:/opt/ros/humble/lib/x86_64-linux-gnu:/opt/ros/humble/lib /usr/bin/cmake --build /home/hecate/code/24-visual-group-second-assessment-Chris/Question2-ROS2/miner_ws/build/mine_publisher -- -j8 -l8
[0.084s] [35m[1mConsolidate compiler generated dependencies of target mine_publisher[0m
[0.095s] [ 50%] Built target mine_publisher_node
[0.100s] [ 75%] [32mBuilding CXX object CMakeFiles/mine_publisher.dir/src/mine_publisher_node.cpp.o[0m
[3.702s] [100%] [32m[1mLinking CXX shared library libmine_publisher.so[0m
[3.897s] [100%] Built target mine_publisher
[3.910s] Invoked command in '/home/hecate/code/24-visual-group-second-assessment-Chris/Question2-ROS2/miner_ws/build/mine_publisher' returned '0': CMAKE_PREFIX_PATH=/home/hecate/code/24-visual-group-second-assessment-Chris/Question2-ROS2/miner_ws/install/miner_interfaces:/home/hecate/code/24-visual-group-second-assessment-Chris/Question2-ROS2/miner_ws/install/mine_publisher:/opt/ros/humble LD_LIBRARY_PATH=/home/hecate/code/24-visual-group-second-assessment-Chris/Question2-ROS2/miner_ws/install/miner_interfaces/lib:/home/hecate/code/24-visual-group-second-assessment-Chris/Question2-ROS2/miner_ws/install/mine_publisher/lib:/opt/ros/humble/opt/rviz_ogre_vendor/lib:/opt/ros/humble/lib/x86_64-linux-gnu:/opt/ros/humble/lib /usr/bin/cmake --build /home/hecate/code/24-visual-group-second-assessment-Chris/Question2-ROS2/miner_ws/build/mine_publisher -- -j8 -l8
[3.933s] Invoking command in '/home/hecate/code/24-visual-group-second-assessment-Chris/Question2-ROS2/miner_ws/build/mine_publisher': CMAKE_PREFIX_PATH=/home/hecate/code/24-visual-group-second-assessment-Chris/Question2-ROS2/miner_ws/install/miner_interfaces:/home/hecate/code/24-visual-group-second-assessment-Chris/Question2-ROS2/miner_ws/install/mine_publisher:/opt/ros/humble LD_LIBRARY_PATH=/home/hecate/code/24-visual-group-second-assessment-Chris/Question2-ROS2/miner_ws/install/miner_interfaces/lib:/home/hecate/code/24-visual-group-second-assessment-Chris/Question2-ROS2/miner_ws/install/mine_publisher/lib:/opt/ros/humble/opt/rviz_ogre_vendor/lib:/opt/ros/humble/lib/x86_64-linux-gnu:/opt/ros/humble/lib /usr/bin/cmake --install /home/hecate/code/24-visual-group-second-assessment-Chris/Question2-ROS2/miner_ws/build/mine_publisher
[3.939s] -- Install configuration: ""
[3.939s] -- Execute custom install script
[3.939s] -- Up-to-date symlink: /home/hecate/code/24-visual-group-second-assessment-Chris/Question2-ROS2/miner_ws/install/mine_publisher/lib/mine_publisher/mine_publisher_node
[3.940s] -- Up-to-date symlink: /home/hecate/code/24-visual-group-second-assessment-Chris/Question2-ROS2/miner_ws/install/mine_publisher/include/mine_publisher/mine_publisher_node.hpp
[3.940s] -- Up-to-date symlink: /home/hecate/code/24-visual-group-second-assessment-Chris/Question2-ROS2/miner_ws/install/mine_publisher/share/mine_publisher/launch/mine_publisher.launch.py
[3.940s] -- Up-to-date symlink: /home/hecate/code/24-visual-group-second-assessment-Chris/Question2-ROS2/miner_ws/install/mine_publisher/share/mine_publisher/config/mine_publisher.yaml
[3.940s] -- Up-to-date symlink: /home/hecate/code/24-visual-group-second-assessment-Chris/Question2-ROS2/miner_ws/install/mine_publisher/share/ament_index/resource_index/package_run_dependencies/mine_publisher
[3.940s] -- Up-to-date symlink: /home/hecate/code/24-visual-group-second-assessment-Chris/Question2-ROS2/miner_ws/install/mine_publisher/share/ament_index/resource_index/parent_prefix_path/mine_publisher
[3.940s] -- Up-to-date symlink: /home/hecate/code/24-visual-group-second-assessment-Chris/Question2-ROS2/miner_ws/install/mine_publisher/share/mine_publisher/environment/ament_prefix_path.sh
[3.941s] -- Up-to-date symlink: /home/hecate/code/24-visual-group-second-assessment-Chris/Question2-ROS2/miner_ws/install/mine_publisher/share/mine_publisher/environment/ament_prefix_path.dsv
[3.941s] -- Up-to-date symlink: /home/hecate/code/24-visual-group-second-assessment-Chris/Question2-ROS2/miner_ws/install/mine_publisher/share/mine_publisher/environment/path.sh
[3.941s] -- Up-to-date symlink: /home/hecate/code/24-visual-group-second-assessment-Chris/Question2-ROS2/miner_ws/install/mine_publisher/share/mine_publisher/environment/path.dsv
[3.941s] -- Up-to-date symlink: /home/hecate/code/24-visual-group-second-assessment-Chris/Question2-ROS2/miner_ws/install/mine_publisher/share/mine_publisher/local_setup.bash
[3.941s] -- Up-to-date symlink: /home/hecate/code/24-visual-group-second-assessment-Chris/Question2-ROS2/miner_ws/install/mine_publisher/share/mine_publisher/local_setup.sh
[3.941s] -- Up-to-date symlink: /home/hecate/code/24-visual-group-second-assessment-Chris/Question2-ROS2/miner_ws/install/mine_publisher/share/mine_publisher/local_setup.zsh
[3.941s] -- Up-to-date symlink: /home/hecate/code/24-visual-group-second-assessment-Chris/Question2-ROS2/miner_ws/install/mine_publisher/share/mine_publisher/local_setup.dsv
[3.942s] -- Symlinking: /home/hecate/code/24-visual-group-second-assessment-Chris/Question2-ROS2/miner_ws/install/mine_publisher/share/mine_publisher/package.dsv
[3.949s] -- Up-to-date symlink: /home/hecate/code/24-visual-group-second-assessment-Chris/Question2-ROS2/miner_ws/install/mine_publisher/share/ament_index/resource_index/packages/mine_publisher
[3.949s] -- Up-to-date symlink: /home/hecate/code/24-visual-group-second-assessment-Chris/Question2-ROS2/miner_ws/install/mine_publisher/share/ament_index/resource_index/rclcpp_components/mine_publisher
[3.949s] -- Up-to-date symlink: /home/hecate/code/24-visual-group-second-assessment-Chris/Question2-ROS2/miner_ws/install/mine_publisher/share/mine_publisher/cmake/ament_cmake_export_targets-extras.cmake
[3.949s] -- Up-to-date symlink: /home/hecate/code/24-visual-group-second-assessment-Chris/Question2-ROS2/miner_ws/install/mine_publisher/share/mine_publisher/cmake/ament_cmake_export_dependencies-extras.cmake
[3.949s] -- Up-to-date symlink: /home/hecate/code/24-visual-group-second-assessment-Chris/Question2-ROS2/miner_ws/install/mine_publisher/share/mine_publisher/cmake/mine_publisherConfig.cmake
[3.949s] -- Up-to-date symlink: /home/hecate/code/24-visual-group-second-assessment-Chris/Question2-ROS2/miner_ws/install/mine_publisher/share/mine_publisher/cmake/mine_publisherConfig-version.cmake
[3.949s] -- Up-to-date symlink: /home/hecate/code/24-visual-group-second-assessment-Chris/Question2-ROS2/miner_ws/install/mine_publisher/share/mine_publisher/package.xml
[3.950s] -- Installing: /home/hecate/code/24-visual-group-second-assessment-Chris/Question2-ROS2/miner_ws/install/mine_publisher/lib/libmine_publisher.so
[3.952s] -- Set runtime path of "/home/hecate/code/24-visual-group-second-assessment-Chris/Question2-ROS2/miner_ws/install/mine_publisher/lib/libmine_publisher.so" to ""
[3.952s] -- Up-to-date: /home/hecate/code/24-visual-group-second-assessment-Chris/Question2-ROS2/miner_ws/install/mine_publisher/share/mine_publisher/cmake/export_mine_publisherExport.cmake
[3.952s] -- Up-to-date: /home/hecate/code/24-visual-group-second-assessment-Chris/Question2-ROS2/miner_ws/install/mine_publisher/share/mine_publisher/cmake/export_mine_publisherExport-noconfig.cmake
[3.955s] Invoked command in '/home/hecate/code/24-visual-group-second-assessment-Chris/Question2-ROS2/miner_ws/build/mine_publisher' returned '0': CMAKE_PREFIX_PATH=/home/hecate/code/24-visual-group-second-assessment-Chris/Question2-ROS2/miner_ws/install/miner_interfaces:/home/hecate/code/24-visual-group-second-assessment-Chris/Question2-ROS2/miner_ws/install/mine_publisher:/opt/ros/humble LD_LIBRARY_PATH=/home/hecate/code/24-visual-group-second-assessment-Chris/Question2-ROS2/miner_ws/install/miner_interfaces/lib:/home/hecate/code/24-visual-group-second-assessment-Chris/Question2-ROS2/miner_ws/install/mine_publisher/lib:/opt/ros/humble/opt/rviz_ogre_vendor/lib:/opt/ros/humble/lib/x86_64-linux-gnu:/opt/ros/humble/lib /usr/bin/cmake --install /home/hecate/code/24-visual-group-second-assessment-Chris/Question2-ROS2/miner_ws/build/mine_publisher
