[0.015s] Invoking command in '/home/hecate/code/24-visual-group-second-assessment-Chris/Question2-ROS2/miner_ws/build/miner_client': CMAKE_PREFIX_PATH=/home/hecate/code/24-visual-group-second-assessment-Chris/Question2-ROS2/miner_ws/install/miner_interfaces:/home/hecate/code/24-visual-group-second-assessment-Chris/Question2-ROS2/miner_ws/install/miner_client:/home/hecate/code/24-visual-group-second-assessment-Chris/Question2-ROS2/miner_ws/install/mine_service:/home/hecate/code/24-visual-group-second-assessment-Chris/Question2-ROS2/miner_ws/install/mine_publisher:/opt/ros/humble LD_LIBRARY_PATH=/home/hecate/code/24-visual-group-second-assessment-Chris/Question2-ROS2/miner_ws/install/miner_interfaces/lib:/home/hecate/code/24-visual-group-second-assessment-Chris/Question2-ROS2/miner_ws/install/miner_client/lib:/home/hecate/code/24-visual-group-second-assessment-Chris/Question2-ROS2/miner_ws/install/mine_service/lib:/home/hecate/code/24-visual-group-second-assessment-Chris/Question2-ROS2/miner_ws/install/mine_publisher/lib:/opt/ros/humble/opt/rviz_ogre_vendor/lib:/opt/ros/humble/lib/x86_64-linux-gnu:/opt/ros/humble/lib /usr/bin/cmake --build /home/hecate/code/24-visual-group-second-assessment-Chris/Question2-ROS2/miner_ws/build/miner_client -- -j8 -l8
[0.074s] [35m[1mConsolidate compiler generated dependencies of target miner_client[0m
[0.090s] [ 50%] Built target miner_client_node
[0.097s] [ 75%] [32mBuilding CXX object CMakeFiles/miner_client.dir/src/miner_client_node.cpp.o[0m
[2.095s] In file included from [01m[K/opt/ros/humble/include/rclcpp/rclcpp/logging.hpp:24[m[K,
[2.095s]                  from [01m[K/opt/ros/humble/include/rclcpp/rclcpp/client.hpp:40[m[K,
[2.095s]                  from [01m[K/opt/ros/humble/include/rclcpp/rclcpp/callback_group.hpp:24[m[K,
[2.095s]                  from [01m[K/opt/ros/humble/include/rclcpp/rclcpp/any_executable.hpp:20[m[K,
[2.095s]                  from [01m[K/opt/ros/humble/include/rclcpp/rclcpp/memory_strategy.hpp:25[m[K,
[2.095s]                  from [01m[K/opt/ros/humble/include/rclcpp/rclcpp/memory_strategies.hpp:18[m[K,
[2.096s]                  from [01m[K/opt/ros/humble/include/rclcpp/rclcpp/executor_options.hpp:20[m[K,
[2.096s]                  from [01m[K/opt/ros/humble/include/rclcpp/rclcpp/executor.hpp:37[m[K,
[2.096s]                  from [01m[K/opt/ros/humble/include/rclcpp/rclcpp/executors/multi_threaded_executor.hpp:25[m[K,
[2.096s]                  from [01m[K/opt/ros/humble/include/rclcpp/rclcpp/executors.hpp:21[m[K,
[2.096s]                  from [01m[K/opt/ros/humble/include/rclcpp/rclcpp/rclcpp.hpp:155[m[K,
[2.096s]                  from [01m[K/home/hecate/code/24-visual-group-second-assessment-Chris/Question2-ROS2/miner_ws/src/miner_client/include/miner_client/miner_client_node.hpp:9[m[K,
[2.096s]                  from [01m[K/home/hecate/code/24-visual-group-second-assessment-Chris/Question2-ROS2/miner_ws/src/miner_client/src/miner_client_node.cpp:4[m[K:
[2.096s] [01m[K/home/hecate/code/24-visual-group-second-assessment-Chris/Question2-ROS2/miner_ws/src/miner_client/src/miner_client_node.cpp:[m[K In member function ‘[01m[Kvoid miner_client::MinerClientNode::mine_callback(miner_interfaces::msg::Ores)[m[K’:
[2.096s] [01m[K/home/hecate/code/24-visual-group-second-assessment-Chris/Question2-ROS2/miner_ws/src/miner_client/src/miner_client_node.cpp:51:35:[m[K [01;35m[Kwarning: [m[Ktoo many arguments for format [[01;35m[K]8;;https://gcc.gnu.org/onlinedocs/gcc/Warning-Options.html#index-Wformat-extra-args-Wformat-extra-args]8;;[m[K]
[2.096s]    51 |   RCLCPP_INFO(this->get_logger(), [01;35m[K"Received {} ores."[m[K, origin_ores_msg_.ores.size());
[2.096s]       |                                   [01;35m[K^~~~~~~~~~~~~~~~~~~[m[K
[7.272s] [100%] [32m[1mLinking CXX shared library libminer_client.so[0m
[7.667s] [100%] Built target miner_client
[7.681s] Invoked command in '/home/hecate/code/24-visual-group-second-assessment-Chris/Question2-ROS2/miner_ws/build/miner_client' returned '0': CMAKE_PREFIX_PATH=/home/hecate/code/24-visual-group-second-assessment-Chris/Question2-ROS2/miner_ws/install/miner_interfaces:/home/hecate/code/24-visual-group-second-assessment-Chris/Question2-ROS2/miner_ws/install/miner_client:/home/hecate/code/24-visual-group-second-assessment-Chris/Question2-ROS2/miner_ws/install/mine_service:/home/hecate/code/24-visual-group-second-assessment-Chris/Question2-ROS2/miner_ws/install/mine_publisher:/opt/ros/humble LD_LIBRARY_PATH=/home/hecate/code/24-visual-group-second-assessment-Chris/Question2-ROS2/miner_ws/install/miner_interfaces/lib:/home/hecate/code/24-visual-group-second-assessment-Chris/Question2-ROS2/miner_ws/install/miner_client/lib:/home/hecate/code/24-visual-group-second-assessment-Chris/Question2-ROS2/miner_ws/install/mine_service/lib:/home/hecate/code/24-visual-group-second-assessment-Chris/Question2-ROS2/miner_ws/install/mine_publisher/lib:/opt/ros/humble/opt/rviz_ogre_vendor/lib:/opt/ros/humble/lib/x86_64-linux-gnu:/opt/ros/humble/lib /usr/bin/cmake --build /home/hecate/code/24-visual-group-second-assessment-Chris/Question2-ROS2/miner_ws/build/miner_client -- -j8 -l8
[7.710s] Invoking command in '/home/hecate/code/24-visual-group-second-assessment-Chris/Question2-ROS2/miner_ws/build/miner_client': CMAKE_PREFIX_PATH=/home/hecate/code/24-visual-group-second-assessment-Chris/Question2-ROS2/miner_ws/install/miner_interfaces:/home/hecate/code/24-visual-group-second-assessment-Chris/Question2-ROS2/miner_ws/install/miner_client:/home/hecate/code/24-visual-group-second-assessment-Chris/Question2-ROS2/miner_ws/install/mine_service:/home/hecate/code/24-visual-group-second-assessment-Chris/Question2-ROS2/miner_ws/install/mine_publisher:/opt/ros/humble LD_LIBRARY_PATH=/home/hecate/code/24-visual-group-second-assessment-Chris/Question2-ROS2/miner_ws/install/miner_interfaces/lib:/home/hecate/code/24-visual-group-second-assessment-Chris/Question2-ROS2/miner_ws/install/miner_client/lib:/home/hecate/code/24-visual-group-second-assessment-Chris/Question2-ROS2/miner_ws/install/mine_service/lib:/home/hecate/code/24-visual-group-second-assessment-Chris/Question2-ROS2/miner_ws/install/mine_publisher/lib:/opt/ros/humble/opt/rviz_ogre_vendor/lib:/opt/ros/humble/lib/x86_64-linux-gnu:/opt/ros/humble/lib /usr/bin/cmake --install /home/hecate/code/24-visual-group-second-assessment-Chris/Question2-ROS2/miner_ws/build/miner_client
[7.716s] -- Install configuration: ""
[7.716s] -- Execute custom install script
[7.716s] -- Up-to-date symlink: /home/hecate/code/24-visual-group-second-assessment-Chris/Question2-ROS2/miner_ws/install/miner_client/lib/miner_client/miner_client_node
[7.717s] -- Up-to-date symlink: /home/hecate/code/24-visual-group-second-assessment-Chris/Question2-ROS2/miner_ws/install/miner_client/include/miner_client/miner_client_node.hpp
[7.717s] -- Up-to-date symlink: /home/hecate/code/24-visual-group-second-assessment-Chris/Question2-ROS2/miner_ws/install/miner_client/share/miner_client/launch/miner_client.launch.py
[7.717s] -- Up-to-date symlink: /home/hecate/code/24-visual-group-second-assessment-Chris/Question2-ROS2/miner_ws/install/miner_client/share/ament_index/resource_index/package_run_dependencies/miner_client
[7.717s] -- Up-to-date symlink: /home/hecate/code/24-visual-group-second-assessment-Chris/Question2-ROS2/miner_ws/install/miner_client/share/ament_index/resource_index/parent_prefix_path/miner_client
[7.717s] -- Up-to-date symlink: /home/hecate/code/24-visual-group-second-assessment-Chris/Question2-ROS2/miner_ws/install/miner_client/share/miner_client/environment/ament_prefix_path.sh
[7.717s] -- Up-to-date symlink: /home/hecate/code/24-visual-group-second-assessment-Chris/Question2-ROS2/miner_ws/install/miner_client/share/miner_client/environment/ament_prefix_path.dsv
[7.717s] -- Up-to-date symlink: /home/hecate/code/24-visual-group-second-assessment-Chris/Question2-ROS2/miner_ws/install/miner_client/share/miner_client/environment/path.sh
[7.718s] -- Up-to-date symlink: /home/hecate/code/24-visual-group-second-assessment-Chris/Question2-ROS2/miner_ws/install/miner_client/share/miner_client/environment/path.dsv
[7.718s] -- Up-to-date symlink: /home/hecate/code/24-visual-group-second-assessment-Chris/Question2-ROS2/miner_ws/install/miner_client/share/miner_client/local_setup.bash
[7.718s] -- Up-to-date symlink: /home/hecate/code/24-visual-group-second-assessment-Chris/Question2-ROS2/miner_ws/install/miner_client/share/miner_client/local_setup.sh
[7.718s] -- Up-to-date symlink: /home/hecate/code/24-visual-group-second-assessment-Chris/Question2-ROS2/miner_ws/install/miner_client/share/miner_client/local_setup.zsh
[7.718s] -- Up-to-date symlink: /home/hecate/code/24-visual-group-second-assessment-Chris/Question2-ROS2/miner_ws/install/miner_client/share/miner_client/local_setup.dsv
[7.718s] -- Symlinking: /home/hecate/code/24-visual-group-second-assessment-Chris/Question2-ROS2/miner_ws/install/miner_client/share/miner_client/package.dsv
[7.726s] -- Up-to-date symlink: /home/hecate/code/24-visual-group-second-assessment-Chris/Question2-ROS2/miner_ws/install/miner_client/share/ament_index/resource_index/packages/miner_client
[7.726s] -- Up-to-date symlink: /home/hecate/code/24-visual-group-second-assessment-Chris/Question2-ROS2/miner_ws/install/miner_client/share/ament_index/resource_index/rclcpp_components/miner_client
[7.726s] -- Up-to-date symlink: /home/hecate/code/24-visual-group-second-assessment-Chris/Question2-ROS2/miner_ws/install/miner_client/share/miner_client/cmake/ament_cmake_export_targets-extras.cmake
[7.726s] -- Up-to-date symlink: /home/hecate/code/24-visual-group-second-assessment-Chris/Question2-ROS2/miner_ws/install/miner_client/share/miner_client/cmake/ament_cmake_export_dependencies-extras.cmake
[7.726s] -- Up-to-date symlink: /home/hecate/code/24-visual-group-second-assessment-Chris/Question2-ROS2/miner_ws/install/miner_client/share/miner_client/cmake/miner_clientConfig.cmake
[7.727s] -- Up-to-date symlink: /home/hecate/code/24-visual-group-second-assessment-Chris/Question2-ROS2/miner_ws/install/miner_client/share/miner_client/cmake/miner_clientConfig-version.cmake
[7.727s] -- Up-to-date symlink: /home/hecate/code/24-visual-group-second-assessment-Chris/Question2-ROS2/miner_ws/install/miner_client/share/miner_client/package.xml
[7.727s] -- Installing: /home/hecate/code/24-visual-group-second-assessment-Chris/Question2-ROS2/miner_ws/install/miner_client/lib/libminer_client.so
[7.742s] -- Set runtime path of "/home/hecate/code/24-visual-group-second-assessment-Chris/Question2-ROS2/miner_ws/install/miner_client/lib/libminer_client.so" to ""
[7.742s] -- Up-to-date: /home/hecate/code/24-visual-group-second-assessment-Chris/Question2-ROS2/miner_ws/install/miner_client/share/miner_client/cmake/export_miner_clientExport.cmake
[7.742s] -- Up-to-date: /home/hecate/code/24-visual-group-second-assessment-Chris/Question2-ROS2/miner_ws/install/miner_client/share/miner_client/cmake/export_miner_clientExport-noconfig.cmake
[7.746s] Invoked command in '/home/hecate/code/24-visual-group-second-assessment-Chris/Question2-ROS2/miner_ws/build/miner_client' returned '0': CMAKE_PREFIX_PATH=/home/hecate/code/24-visual-group-second-assessment-Chris/Question2-ROS2/miner_ws/install/miner_interfaces:/home/hecate/code/24-visual-group-second-assessment-Chris/Question2-ROS2/miner_ws/install/miner_client:/home/hecate/code/24-visual-group-second-assessment-Chris/Question2-ROS2/miner_ws/install/mine_service:/home/hecate/code/24-visual-group-second-assessment-Chris/Question2-ROS2/miner_ws/install/mine_publisher:/opt/ros/humble LD_LIBRARY_PATH=/home/hecate/code/24-visual-group-second-assessment-Chris/Question2-ROS2/miner_ws/install/miner_interfaces/lib:/home/hecate/code/24-visual-group-second-assessment-Chris/Question2-ROS2/miner_ws/install/miner_client/lib:/home/hecate/code/24-visual-group-second-assessment-Chris/Question2-ROS2/miner_ws/install/mine_service/lib:/home/hecate/code/24-visual-group-second-assessment-Chris/Question2-ROS2/miner_ws/install/mine_publisher/lib:/opt/ros/humble/opt/rviz_ogre_vendor/lib:/opt/ros/humble/lib/x86_64-linux-gnu:/opt/ros/humble/lib /usr/bin/cmake --install /home/hecate/code/24-visual-group-second-assessment-Chris/Question2-ROS2/miner_ws/build/miner_client
