[0.011s] Invoking command in '/home/hecate/code/24-visual-group-second-assessment-Chris/Question2-ROS2/miner_ws/build/miner_interfaces': CMAKE_PREFIX_PATH=/opt/ros/humble /usr/bin/cmake --build /home/hecate/code/24-visual-group-second-assessment-Chris/Question2-ROS2/miner_ws/build/miner_interfaces -- -j8 -l8
[0.045s] [35m[1mConsolidate compiler generated dependencies of target miner_interfaces__rosidl_generator_c[0m
[0.054s] [  5%] Built target miner_interfaces__cpp
[0.054s] [  5%] [32mBuilding C object CMakeFiles/miner_interfaces__rosidl_generator_c.dir/rosidl_generator_c/miner_interfaces/msg/detail/ores__functions.c.o[0m
[0.062s] [  5%] Built target ament_cmake_python_symlink_miner_interfaces
[0.064s] [35m[1mConsolidate compiler generated dependencies of target miner_interfaces__rosidl_typesupport_cpp[0m
[0.065s] [35m[1mConsolidate compiler generated dependencies of target miner_interfaces__rosidl_typesupport_introspection_cpp[0m
[0.066s] [35m[1mConsolidate compiler generated dependencies of target miner_interfaces__rosidl_typesupport_fastrtps_cpp[0m
[0.068s] In file included from [01m[K/home/hecate/code/24-visual-group-second-assessment-Chris/Question2-ROS2/miner_ws/build/miner_interfaces/rosidl_generator_c/miner_interfaces/msg/detail/ores__functions.h:19[m[K,
[0.069s]                  from [01m[K/home/hecate/code/24-visual-group-second-assessment-Chris/Question2-ROS2/miner_ws/build/miner_interfaces/rosidl_generator_c/miner_interfaces/msg/detail/ores__functions.c:4[m[K:
[0.069s] [01m[K/home/hecate/code/24-visual-group-second-assessment-Chris/Question2-ROS2/miner_ws/build/miner_interfaces/rosidl_generator_c/miner_interfaces/msg/detail/ores__struct.h:24:10:[m[K [01;31m[Kfatal error: [m[Kminer_interfaces/msg/detail/mine__struct.h: No such file or directory
[0.069s]    24 | #include [01;31m[K"miner_interfaces/msg/detail/mine__struct.h"[m[K
[0.069s]       |          [01;31m[K^~~~~~~~~~~~~~~~~~~~~~~~~~~~~~~~~~~~~~~~~~~~[m[K
[0.069s] compilation terminated.
[0.070s] gmake[2]: *** [CMakeFiles/miner_interfaces__rosidl_generator_c.dir/build.make:196: CMakeFiles/miner_interfaces__rosidl_generator_c.dir/rosidl_generator_c/miner_interfaces/msg/detail/ores__functions.c.o] Error 1
[0.070s] gmake[1]: *** [CMakeFiles/Makefile2:213: CMakeFiles/miner_interfaces__rosidl_generator_c.dir/all] Error 2
[0.070s] gmake[1]: *** Waiting for unfinished jobs....
[0.080s] [  7%] [32mBuilding CXX object CMakeFiles/miner_interfaces__rosidl_typesupport_cpp.dir/rosidl_typesupport_cpp/miner_interfaces/msg/ores__type_support.cpp.o[0m
[0.086s] [ 12%] [32mBuilding CXX object CMakeFiles/miner_interfaces__rosidl_typesupport_introspection_cpp.dir/rosidl_typesupport_introspection_cpp/miner_interfaces/msg/detail/ores__type_support.cpp.o[0m
[0.086s] [ 12%] [32mBuilding CXX object CMakeFiles/miner_interfaces__rosidl_typesupport_fastrtps_cpp.dir/rosidl_typesupport_fastrtps_cpp/miner_interfaces/msg/detail/dds_fastrtps/ores__type_support.cpp.o[0m
[0.144s] In file included from [01m[K/home/hecate/code/24-visual-group-second-assessment-Chris/Question2-ROS2/miner_ws/build/miner_interfaces/rosidl_typesupport_cpp/miner_interfaces/msg/ores__type_support.cpp:7[m[K:
[0.144s] [01m[K/home/hecate/code/24-visual-group-second-assessment-Chris/Question2-ROS2/miner_ws/build/miner_interfaces/rosidl_generator_cpp/miner_interfaces/msg/detail/ores__struct.hpp:22:10:[m[K [01;31m[Kfatal error: [m[Kminer_interfaces/msg/detail/mine__struct.hpp: No such file or directory
[0.144s]    22 | #include [01;31m[K"miner_interfaces/msg/detail/mine__struct.hpp"[m[K
[0.144s]       |          [01;31m[K^~~~~~~~~~~~~~~~~~~~~~~~~~~~~~~~~~~~~~~~~~~~~~[m[K
[0.144s] compilation terminated.
[0.144s] gmake[2]: *** [CMakeFiles/miner_interfaces__rosidl_typesupport_cpp.dir/build.make:165: CMakeFiles/miner_interfaces__rosidl_typesupport_cpp.dir/rosidl_typesupport_cpp/miner_interfaces/msg/ores__type_support.cpp.o] Error 1
[0.145s] gmake[1]: *** [CMakeFiles/Makefile2:395: CMakeFiles/miner_interfaces__rosidl_typesupport_cpp.dir/all] Error 2
[0.150s] In file included from [01m[K/home/hecate/code/24-visual-group-second-assessment-Chris/Question2-ROS2/miner_ws/build/miner_interfaces/rosidl_typesupport_introspection_cpp/miner_interfaces/msg/detail/ores__type_support.cpp:12[m[K:
[0.150s] [01m[K/home/hecate/code/24-visual-group-second-assessment-Chris/Question2-ROS2/miner_ws/build/miner_interfaces/rosidl_generator_cpp/miner_interfaces/msg/detail/ores__struct.hpp:22:10:[m[K [01;31m[Kfatal error: [m[Kminer_interfaces/msg/detail/mine__struct.hpp: No such file or directory
[0.150s]    22 | #include [01;31m[K"miner_interfaces/msg/detail/mine__struct.hpp"[m[K
[0.150s]       |          [01;31m[K^~~~~~~~~~~~~~~~~~~~~~~~~~~~~~~~~~~~~~~~~~~~~~[m[K
[0.150s] compilation terminated.
[0.151s] gmake[2]: *** [CMakeFiles/miner_interfaces__rosidl_typesupport_introspection_cpp.dir/build.make:173: CMakeFiles/miner_interfaces__rosidl_typesupport_introspection_cpp.dir/rosidl_typesupport_introspection_cpp/miner_interfaces/msg/detail/ores__type_support.cpp.o] Error 1
[0.151s] gmake[1]: *** [CMakeFiles/Makefile2:369: CMakeFiles/miner_interfaces__rosidl_typesupport_introspection_cpp.dir/all] Error 2
[0.176s] In file included from [01m[K/home/hecate/code/24-visual-group-second-assessment-Chris/Question2-ROS2/miner_ws/build/miner_interfaces/rosidl_typesupport_fastrtps_cpp/miner_interfaces/msg/detail/ores__rosidl_typesupport_fastrtps_cpp.hpp:11[m[K,
[0.176s]                  from [01m[K/home/hecate/code/24-visual-group-second-assessment-Chris/Question2-ROS2/miner_ws/build/miner_interfaces/rosidl_typesupport_fastrtps_cpp/miner_interfaces/msg/detail/dds_fastrtps/ores__type_support.cpp:4[m[K:
[0.176s] [01m[K/home/hecate/code/24-visual-group-second-assessment-Chris/Question2-ROS2/miner_ws/build/miner_interfaces/rosidl_generator_cpp/miner_interfaces/msg/detail/ores__struct.hpp:22:10:[m[K [01;31m[Kfatal error: [m[Kminer_interfaces/msg/detail/mine__struct.hpp: No such file or directory
[0.176s]    22 | #include [01;31m[K"miner_interfaces/msg/detail/mine__struct.hpp"[m[K
[0.176s]       |          [01;31m[K^~~~~~~~~~~~~~~~~~~~~~~~~~~~~~~~~~~~~~~~~~~~~~[m[K
[0.176s] compilation terminated.
[0.178s] gmake[2]: *** [CMakeFiles/miner_interfaces__rosidl_typesupport_fastrtps_cpp.dir/build.make:173: CMakeFiles/miner_interfaces__rosidl_typesupport_fastrtps_cpp.dir/rosidl_typesupport_fastrtps_cpp/miner_interfaces/msg/detail/dds_fastrtps/ores__type_support.cpp.o] Error 1
[0.178s] gmake[1]: *** [CMakeFiles/Makefile2:291: CMakeFiles/miner_interfaces__rosidl_typesupport_fastrtps_cpp.dir/all] Error 2
[0.315s] running egg_info
[0.315s] writing miner_interfaces.egg-info/PKG-INFO
[0.316s] writing dependency_links to miner_interfaces.egg-info/dependency_links.txt
[0.316s] writing top-level names to miner_interfaces.egg-info/top_level.txt
[0.317s] reading manifest file 'miner_interfaces.egg-info/SOURCES.txt'
[0.318s] writing manifest file 'miner_interfaces.egg-info/SOURCES.txt'
[0.349s] [ 12%] Built target ament_cmake_python_build_miner_interfaces_egg
[0.349s] gmake: *** [Makefile:146: all] Error 2
[0.351s] Invoked command in '/home/hecate/code/24-visual-group-second-assessment-Chris/Question2-ROS2/miner_ws/build/miner_interfaces' returned '2': CMAKE_PREFIX_PATH=/opt/ros/humble /usr/bin/cmake --build /home/hecate/code/24-visual-group-second-assessment-Chris/Question2-ROS2/miner_ws/build/miner_interfaces -- -j8 -l8
