[35m[1mConsolidate compiler generated dependencies of target look_buffer_transform[0m
[100%] Built target look_buffer_transform
-- Install configuration: ""
-- Execute custom install script
-- Up-to-date symlink: /home/hecate/code/24-visual-group-second-assessment-Chris/Question3-tf2/3-ROS-urdf-src/install/look_buffer_transform/lib/look_buffer_transform/look_buffer_transform
-- Up-to-date symlink: /home/hecate/code/24-visual-group-second-assessment-Chris/Question3-tf2/3-ROS-urdf-src/install/look_buffer_transform/share/ament_index/resource_index/package_run_dependencies/look_buffer_transform
-- Up-to-date symlink: /home/hecate/code/24-visual-group-second-assessment-Chris/Question3-tf2/3-ROS-urdf-src/install/look_buffer_transform/share/ament_index/resource_index/parent_prefix_path/look_buffer_transform
-- Up-to-date symlink: /home/hecate/code/24-visual-group-second-assessment-Chris/Question3-tf2/3-ROS-urdf-src/install/look_buffer_transform/share/look_buffer_transform/environment/ament_prefix_path.sh
-- Up-to-date symlink: /home/hecate/code/24-visual-group-second-assessment-Chris/Question3-tf2/3-ROS-urdf-src/install/look_buffer_transform/share/look_buffer_transform/environment/ament_prefix_path.dsv
-- Up-to-date symlink: /home/hecate/code/24-visual-group-second-assessment-Chris/Question3-tf2/3-ROS-urdf-src/install/look_buffer_transform/share/look_buffer_transform/environment/path.sh
-- Up-to-date symlink: /home/hecate/code/24-visual-group-second-assessment-Chris/Question3-tf2/3-ROS-urdf-src/install/look_buffer_transform/share/look_buffer_transform/environment/path.dsv
-- Up-to-date symlink: /home/hecate/code/24-visual-group-second-assessment-Chris/Question3-tf2/3-ROS-urdf-src/install/look_buffer_transform/share/look_buffer_transform/local_setup.bash
-- Up-to-date symlink: /home/hecate/code/24-visual-group-second-assessment-Chris/Question3-tf2/3-ROS-urdf-src/install/look_buffer_transform/share/look_buffer_transform/local_setup.sh
-- Up-to-date symlink: /home/hecate/code/24-visual-group-second-assessment-Chris/Question3-tf2/3-ROS-urdf-src/install/look_buffer_transform/share/look_buffer_transform/local_setup.zsh
-- Up-to-date symlink: /home/hecate/code/24-visual-group-second-assessment-Chris/Question3-tf2/3-ROS-urdf-src/install/look_buffer_transform/share/look_buffer_transform/local_setup.dsv
-- Symlinking: /home/hecate/code/24-visual-group-second-assessment-Chris/Question3-tf2/3-ROS-urdf-src/install/look_buffer_transform/share/look_buffer_transform/package.dsv
-- Up-to-date symlink: /home/hecate/code/24-visual-group-second-assessment-Chris/Question3-tf2/3-ROS-urdf-src/install/look_buffer_transform/share/ament_index/resource_index/packages/look_buffer_transform
-- Up-to-date symlink: /home/hecate/code/24-visual-group-second-assessment-Chris/Question3-tf2/3-ROS-urdf-src/install/look_buffer_transform/share/look_buffer_transform/cmake/look_buffer_transformConfig.cmake
-- Up-to-date symlink: /home/hecate/code/24-visual-group-second-assessment-Chris/Question3-tf2/3-ROS-urdf-src/install/look_buffer_transform/share/look_buffer_transform/cmake/look_buffer_transformConfig-version.cmake
-- Up-to-date symlink: /home/hecate/code/24-visual-group-second-assessment-Chris/Question3-tf2/3-ROS-urdf-src/install/look_buffer_transform/share/look_buffer_transform/package.xml
