[0.017s] Invoking command in '/home/hecate/code/24-visual-group-second-assessment-Chris/Question2-ROS2/miner_ws/build/miner_interfaces': CMAKE_PREFIX_PATH=${CMAKE_PREFIX_PATH}:/opt/ros/humble /usr/bin/cmake --build /home/hecate/code/24-visual-group-second-assessment-Chris/Question2-ROS2/miner_ws/build/miner_interfaces -- -j8 -l8
[0.087s] [  2%] Built target miner_interfaces__cpp
[0.121s] [  2%] Built target ament_cmake_python_symlink_miner_interfaces
[0.151s] [ 12%] Built target miner_interfaces__rosidl_typesupport_fastrtps_cpp
[0.455s] running egg_info
[0.457s] writing miner_interfaces.egg-info/PKG-INFO
[0.457s] writing dependency_links to miner_interfaces.egg-info/dependency_links.txt
[0.457s] writing top-level names to miner_interfaces.egg-info/top_level.txt
[0.462s] reading manifest file 'miner_interfaces.egg-info/SOURCES.txt'
[0.462s] writing manifest file 'miner_interfaces.egg-info/SOURCES.txt'
[0.504s] [ 12%] Built target ament_cmake_python_build_miner_interfaces_egg
[0.534s] [ 23%] Built target miner_interfaces__rosidl_typesupport_cpp
[0.566s] [ 34%] Built target miner_interfaces__rosidl_typesupport_introspection_cpp
[0.591s] [ 44%] Built target miner_interfaces__rosidl_generator_c
[0.626s] [ 55%] Built target miner_interfaces__rosidl_typesupport_fastrtps_c
[0.654s] [ 65%] Built target miner_interfaces__rosidl_typesupport_c
[0.684s] [ 76%] Built target miner_interfaces__rosidl_typesupport_introspection_c
[0.707s] [ 76%] Built target miner_interfaces
[0.734s] [ 78%] Built target miner_interfaces__py
[0.762s] [ 87%] Built target miner_interfaces__rosidl_generator_py
[0.790s] [ 91%] Built target miner_interfaces__rosidl_typesupport_fastrtps_c__pyext
[0.818s] [ 95%] Built target miner_interfaces__rosidl_typesupport_c__pyext
[0.846s] [100%] Built target miner_interfaces__rosidl_typesupport_introspection_c__pyext
[0.859s] Invoked command in '/home/hecate/code/24-visual-group-second-assessment-Chris/Question2-ROS2/miner_ws/build/miner_interfaces' returned '0': CMAKE_PREFIX_PATH=${CMAKE_PREFIX_PATH}:/opt/ros/humble /usr/bin/cmake --build /home/hecate/code/24-visual-group-second-assessment-Chris/Question2-ROS2/miner_ws/build/miner_interfaces -- -j8 -l8
[0.992s] Invoking command in '/home/hecate/code/24-visual-group-second-assessment-Chris/Question2-ROS2/miner_ws/build/miner_interfaces': CMAKE_PREFIX_PATH=${CMAKE_PREFIX_PATH}:/opt/ros/humble /usr/bin/cmake --install /home/hecate/code/24-visual-group-second-assessment-Chris/Question2-ROS2/miner_ws/build/miner_interfaces
[1.001s] -- Install configuration: ""
[1.002s] -- Execute custom install script
[1.002s] -- Up-to-date symlink: /home/hecate/code/24-visual-group-second-assessment-Chris/Question2-ROS2/miner_ws/install/miner_interfaces/share/ament_index/resource_index/rosidl_interfaces/miner_interfaces
[1.003s] -- Up-to-date symlink: /home/hecate/code/24-visual-group-second-assessment-Chris/Question2-ROS2/miner_ws/install/miner_interfaces/include/miner_interfaces/miner_interfaces/msg/detail/ore__functions.h
[1.003s] -- Up-to-date symlink: /home/hecate/code/24-visual-group-second-assessment-Chris/Question2-ROS2/miner_ws/install/miner_interfaces/include/miner_interfaces/miner_interfaces/msg/detail/ore__struct.h
[1.003s] -- Up-to-date symlink: /home/hecate/code/24-visual-group-second-assessment-Chris/Question2-ROS2/miner_ws/install/miner_interfaces/include/miner_interfaces/miner_interfaces/msg/detail/ore__type_support.h
[1.003s] -- Up-to-date symlink: /home/hecate/code/24-visual-group-second-assessment-Chris/Question2-ROS2/miner_ws/install/miner_interfaces/include/miner_interfaces/miner_interfaces/msg/detail/ores__functions.h
[1.004s] -- Up-to-date symlink: /home/hecate/code/24-visual-group-second-assessment-Chris/Question2-ROS2/miner_ws/install/miner_interfaces/include/miner_interfaces/miner_interfaces/msg/detail/ores__struct.h
[1.004s] -- Up-to-date symlink: /home/hecate/code/24-visual-group-second-assessment-Chris/Question2-ROS2/miner_ws/install/miner_interfaces/include/miner_interfaces/miner_interfaces/msg/detail/ores__type_support.h
[1.004s] -- Up-to-date symlink: /home/hecate/code/24-visual-group-second-assessment-Chris/Question2-ROS2/miner_ws/install/miner_interfaces/include/miner_interfaces/miner_interfaces/msg/ore.h
[1.004s] -- Up-to-date symlink: /home/hecate/code/24-visual-group-second-assessment-Chris/Question2-ROS2/miner_ws/install/miner_interfaces/include/miner_interfaces/miner_interfaces/msg/ores.h
[1.004s] -- Up-to-date symlink: /home/hecate/code/24-visual-group-second-assessment-Chris/Question2-ROS2/miner_ws/install/miner_interfaces/include/miner_interfaces/miner_interfaces/msg/rosidl_generator_c__visibility_control.h
[1.005s] -- Up-to-date symlink: /home/hecate/code/24-visual-group-second-assessment-Chris/Question2-ROS2/miner_ws/install/miner_interfaces/include/miner_interfaces/miner_interfaces/srv/detail/mine_map__functions.h
[1.005s] -- Up-to-date symlink: /home/hecate/code/24-visual-group-second-assessment-Chris/Question2-ROS2/miner_ws/install/miner_interfaces/include/miner_interfaces/miner_interfaces/srv/detail/mine_map__struct.h
[1.005s] -- Up-to-date symlink: /home/hecate/code/24-visual-group-second-assessment-Chris/Question2-ROS2/miner_ws/install/miner_interfaces/include/miner_interfaces/miner_interfaces/srv/detail/mine_map__type_support.h
[1.005s] -- Up-to-date symlink: /home/hecate/code/24-visual-group-second-assessment-Chris/Question2-ROS2/miner_ws/install/miner_interfaces/include/miner_interfaces/miner_interfaces/srv/mine_map.h
[1.005s] -- Up-to-date symlink: /home/hecate/code/24-visual-group-second-assessment-Chris/Question2-ROS2/miner_ws/install/miner_interfaces/share/miner_interfaces/environment/library_path.sh
[1.006s] -- Up-to-date symlink: /home/hecate/code/24-visual-group-second-assessment-Chris/Question2-ROS2/miner_ws/install/miner_interfaces/share/miner_interfaces/environment/library_path.dsv
[1.006s] -- Up-to-date symlink: /home/hecate/code/24-visual-group-second-assessment-Chris/Question2-ROS2/miner_ws/install/miner_interfaces/include/miner_interfaces/miner_interfaces/msg/detail/ore__rosidl_typesupport_fastrtps_c.h
[1.006s] -- Up-to-date symlink: /home/hecate/code/24-visual-group-second-assessment-Chris/Question2-ROS2/miner_ws/install/miner_interfaces/include/miner_interfaces/miner_interfaces/msg/detail/ores__rosidl_typesupport_fastrtps_c.h
[1.006s] -- Up-to-date symlink: /home/hecate/code/24-visual-group-second-assessment-Chris/Question2-ROS2/miner_ws/install/miner_interfaces/include/miner_interfaces/miner_interfaces/msg/rosidl_typesupport_fastrtps_c__visibility_control.h
[1.006s] -- Up-to-date symlink: /home/hecate/code/24-visual-group-second-assessment-Chris/Question2-ROS2/miner_ws/install/miner_interfaces/include/miner_interfaces/miner_interfaces/srv/detail/mine_map__rosidl_typesupport_fastrtps_c.h
[1.007s] -- Up-to-date symlink: /home/hecate/code/24-visual-group-second-assessment-Chris/Question2-ROS2/miner_ws/install/miner_interfaces/include/miner_interfaces/miner_interfaces/msg/detail/ore__builder.hpp
[1.007s] -- Up-to-date symlink: /home/hecate/code/24-visual-group-second-assessment-Chris/Question2-ROS2/miner_ws/install/miner_interfaces/include/miner_interfaces/miner_interfaces/msg/detail/ore__struct.hpp
[1.007s] -- Up-to-date symlink: /home/hecate/code/24-visual-group-second-assessment-Chris/Question2-ROS2/miner_ws/install/miner_interfaces/include/miner_interfaces/miner_interfaces/msg/detail/ore__traits.hpp
[1.007s] -- Up-to-date symlink: /home/hecate/code/24-visual-group-second-assessment-Chris/Question2-ROS2/miner_ws/install/miner_interfaces/include/miner_interfaces/miner_interfaces/msg/detail/ores__builder.hpp
[1.007s] -- Up-to-date symlink: /home/hecate/code/24-visual-group-second-assessment-Chris/Question2-ROS2/miner_ws/install/miner_interfaces/include/miner_interfaces/miner_interfaces/msg/detail/ores__struct.hpp
[1.008s] -- Up-to-date symlink: /home/hecate/code/24-visual-group-second-assessment-Chris/Question2-ROS2/miner_ws/install/miner_interfaces/include/miner_interfaces/miner_interfaces/msg/detail/ores__traits.hpp
[1.008s] -- Up-to-date symlink: /home/hecate/code/24-visual-group-second-assessment-Chris/Question2-ROS2/miner_ws/install/miner_interfaces/include/miner_interfaces/miner_interfaces/msg/ore.hpp
[1.008s] -- Up-to-date symlink: /home/hecate/code/24-visual-group-second-assessment-Chris/Question2-ROS2/miner_ws/install/miner_interfaces/include/miner_interfaces/miner_interfaces/msg/ores.hpp
[1.008s] -- Up-to-date symlink: /home/hecate/code/24-visual-group-second-assessment-Chris/Question2-ROS2/miner_ws/install/miner_interfaces/include/miner_interfaces/miner_interfaces/srv/detail/mine_map__builder.hpp
[1.008s] -- Up-to-date symlink: /home/hecate/code/24-visual-group-second-assessment-Chris/Question2-ROS2/miner_ws/install/miner_interfaces/include/miner_interfaces/miner_interfaces/srv/detail/mine_map__struct.hpp
[1.009s] -- Up-to-date symlink: /home/hecate/code/24-visual-group-second-assessment-Chris/Question2-ROS2/miner_ws/install/miner_interfaces/include/miner_interfaces/miner_interfaces/srv/detail/mine_map__traits.hpp
[1.009s] -- Up-to-date symlink: /home/hecate/code/24-visual-group-second-assessment-Chris/Question2-ROS2/miner_ws/install/miner_interfaces/include/miner_interfaces/miner_interfaces/srv/mine_map.hpp
[1.009s] -- Up-to-date symlink: /home/hecate/code/24-visual-group-second-assessment-Chris/Question2-ROS2/miner_ws/install/miner_interfaces/include/miner_interfaces/miner_interfaces/msg/detail/ore__rosidl_typesupport_fastrtps_cpp.hpp
[1.010s] -- Up-to-date symlink: /home/hecate/code/24-visual-group-second-assessment-Chris/Question2-ROS2/miner_ws/install/miner_interfaces/include/miner_interfaces/miner_interfaces/msg/detail/ores__rosidl_typesupport_fastrtps_cpp.hpp
[1.010s] -- Up-to-date symlink: /home/hecate/code/24-visual-group-second-assessment-Chris/Question2-ROS2/miner_ws/install/miner_interfaces/include/miner_interfaces/miner_interfaces/msg/rosidl_typesupport_fastrtps_cpp__visibility_control.h
[1.010s] -- Up-to-date symlink: /home/hecate/code/24-visual-group-second-assessment-Chris/Question2-ROS2/miner_ws/install/miner_interfaces/include/miner_interfaces/miner_interfaces/srv/detail/mine_map__rosidl_typesupport_fastrtps_cpp.hpp
[1.010s] -- Up-to-date symlink: /home/hecate/code/24-visual-group-second-assessment-Chris/Question2-ROS2/miner_ws/install/miner_interfaces/include/miner_interfaces/miner_interfaces/msg/detail/ore__rosidl_typesupport_introspection_c.h
[1.011s] -- Up-to-date symlink: /home/hecate/code/24-visual-group-second-assessment-Chris/Question2-ROS2/miner_ws/install/miner_interfaces/include/miner_interfaces/miner_interfaces/msg/detail/ores__rosidl_typesupport_introspection_c.h
[1.011s] -- Up-to-date symlink: /home/hecate/code/24-visual-group-second-assessment-Chris/Question2-ROS2/miner_ws/install/miner_interfaces/include/miner_interfaces/miner_interfaces/msg/rosidl_typesupport_introspection_c__visibility_control.h
[1.011s] -- Up-to-date symlink: /home/hecate/code/24-visual-group-second-assessment-Chris/Question2-ROS2/miner_ws/install/miner_interfaces/include/miner_interfaces/miner_interfaces/srv/detail/mine_map__rosidl_typesupport_introspection_c.h
[1.011s] -- Up-to-date symlink: /home/hecate/code/24-visual-group-second-assessment-Chris/Question2-ROS2/miner_ws/install/miner_interfaces/include/miner_interfaces/miner_interfaces/msg/detail/ore__rosidl_typesupport_introspection_cpp.hpp
[1.012s] -- Up-to-date symlink: /home/hecate/code/24-visual-group-second-assessment-Chris/Question2-ROS2/miner_ws/install/miner_interfaces/include/miner_interfaces/miner_interfaces/msg/detail/ores__rosidl_typesupport_introspection_cpp.hpp
[1.012s] -- Up-to-date symlink: /home/hecate/code/24-visual-group-second-assessment-Chris/Question2-ROS2/miner_ws/install/miner_interfaces/include/miner_interfaces/miner_interfaces/srv/detail/mine_map__rosidl_typesupport_introspection_cpp.hpp
[1.012s] -- Up-to-date symlink: /home/hecate/code/24-visual-group-second-assessment-Chris/Question2-ROS2/miner_ws/install/miner_interfaces/share/miner_interfaces/environment/pythonpath.sh
[1.012s] -- Up-to-date symlink: /home/hecate/code/24-visual-group-second-assessment-Chris/Question2-ROS2/miner_ws/install/miner_interfaces/share/miner_interfaces/environment/pythonpath.dsv
[1.012s] -- Up-to-date symlink: /home/hecate/code/24-visual-group-second-assessment-Chris/Question2-ROS2/miner_ws/install/miner_interfaces/local/lib/python3.10/dist-packages/miner_interfaces-0.0.0-py3.10.egg-info/PKG-INFO
[1.012s] -- Up-to-date symlink: /home/hecate/code/24-visual-group-second-assessment-Chris/Question2-ROS2/miner_ws/install/miner_interfaces/local/lib/python3.10/dist-packages/miner_interfaces-0.0.0-py3.10.egg-info/SOURCES.txt
[1.013s] -- Up-to-date symlink: /home/hecate/code/24-visual-group-second-assessment-Chris/Question2-ROS2/miner_ws/install/miner_interfaces/local/lib/python3.10/dist-packages/miner_interfaces-0.0.0-py3.10.egg-info/dependency_links.txt
[1.013s] -- Up-to-date symlink: /home/hecate/code/24-visual-group-second-assessment-Chris/Question2-ROS2/miner_ws/install/miner_interfaces/local/lib/python3.10/dist-packages/miner_interfaces-0.0.0-py3.10.egg-info/top_level.txt
[1.013s] -- Up-to-date symlink: /home/hecate/code/24-visual-group-second-assessment-Chris/Question2-ROS2/miner_ws/install/miner_interfaces/local/lib/python3.10/dist-packages/miner_interfaces/__init__.py
[1.013s] -- Up-to-date symlink: /home/hecate/code/24-visual-group-second-assessment-Chris/Question2-ROS2/miner_ws/install/miner_interfaces/local/lib/python3.10/dist-packages/miner_interfaces/_miner_interfaces_s.ep.rosidl_typesupport_c.c
[1.013s] -- Up-to-date symlink: /home/hecate/code/24-visual-group-second-assessment-Chris/Question2-ROS2/miner_ws/install/miner_interfaces/local/lib/python3.10/dist-packages/miner_interfaces/_miner_interfaces_s.ep.rosidl_typesupport_fastrtps_c.c
[1.014s] -- Up-to-date symlink: /home/hecate/code/24-visual-group-second-assessment-Chris/Question2-ROS2/miner_ws/install/miner_interfaces/local/lib/python3.10/dist-packages/miner_interfaces/_miner_interfaces_s.ep.rosidl_typesupport_introspection_c.c
[1.014s] -- Up-to-date symlink: /home/hecate/code/24-visual-group-second-assessment-Chris/Question2-ROS2/miner_ws/install/miner_interfaces/local/lib/python3.10/dist-packages/miner_interfaces/libminer_interfaces__rosidl_generator_py.so
[1.014s] -- Up-to-date symlink: /home/hecate/code/24-visual-group-second-assessment-Chris/Question2-ROS2/miner_ws/install/miner_interfaces/local/lib/python3.10/dist-packages/miner_interfaces/miner_interfaces_s__rosidl_typesupport_c.cpython-310-x86_64-linux-gnu.so
[1.014s] -- Up-to-date symlink: /home/hecate/code/24-visual-group-second-assessment-Chris/Question2-ROS2/miner_ws/install/miner_interfaces/local/lib/python3.10/dist-packages/miner_interfaces/miner_interfaces_s__rosidl_typesupport_fastrtps_c.cpython-310-x86_64-linux-gnu.so
[1.014s] -- Up-to-date symlink: /home/hecate/code/24-visual-group-second-assessment-Chris/Question2-ROS2/miner_ws/install/miner_interfaces/local/lib/python3.10/dist-packages/miner_interfaces/miner_interfaces_s__rosidl_typesupport_introspection_c.cpython-310-x86_64-linux-gnu.so
[1.014s] -- Up-to-date symlink: /home/hecate/code/24-visual-group-second-assessment-Chris/Question2-ROS2/miner_ws/install/miner_interfaces/local/lib/python3.10/dist-packages/miner_interfaces/msg/__init__.py
[1.014s] -- Up-to-date symlink: /home/hecate/code/24-visual-group-second-assessment-Chris/Question2-ROS2/miner_ws/install/miner_interfaces/local/lib/python3.10/dist-packages/miner_interfaces/msg/_ore.py
[1.014s] -- Up-to-date symlink: /home/hecate/code/24-visual-group-second-assessment-Chris/Question2-ROS2/miner_ws/install/miner_interfaces/local/lib/python3.10/dist-packages/miner_interfaces/msg/_ore_s.c
[1.014s] -- Up-to-date symlink: /home/hecate/code/24-visual-group-second-assessment-Chris/Question2-ROS2/miner_ws/install/miner_interfaces/local/lib/python3.10/dist-packages/miner_interfaces/msg/_ores.py
[1.015s] -- Up-to-date symlink: /home/hecate/code/24-visual-group-second-assessment-Chris/Question2-ROS2/miner_ws/install/miner_interfaces/local/lib/python3.10/dist-packages/miner_interfaces/msg/_ores_s.c
[1.015s] -- Up-to-date symlink: /home/hecate/code/24-visual-group-second-assessment-Chris/Question2-ROS2/miner_ws/install/miner_interfaces/local/lib/python3.10/dist-packages/miner_interfaces/srv/__init__.py
[1.015s] -- Up-to-date symlink: /home/hecate/code/24-visual-group-second-assessment-Chris/Question2-ROS2/miner_ws/install/miner_interfaces/local/lib/python3.10/dist-packages/miner_interfaces/srv/_mine_map.py
[1.015s] -- Up-to-date symlink: /home/hecate/code/24-visual-group-second-assessment-Chris/Question2-ROS2/miner_ws/install/miner_interfaces/local/lib/python3.10/dist-packages/miner_interfaces/srv/_mine_map_s.c
[1.016s] -- Up-to-date symlink: /home/hecate/code/24-visual-group-second-assessment-Chris/Question2-ROS2/miner_ws/install/miner_interfaces/local/lib/python3.10/dist-packages/miner_interfaces/miner_interfaces_s__rosidl_typesupport_fastrtps_c.cpython-310-x86_64-linux-gnu.so
[1.016s] -- Up-to-date symlink: /home/hecate/code/24-visual-group-second-assessment-Chris/Question2-ROS2/miner_ws/install/miner_interfaces/local/lib/python3.10/dist-packages/miner_interfaces/miner_interfaces_s__rosidl_typesupport_introspection_c.cpython-310-x86_64-linux-gnu.so
[1.017s] -- Up-to-date symlink: /home/hecate/code/24-visual-group-second-assessment-Chris/Question2-ROS2/miner_ws/install/miner_interfaces/local/lib/python3.10/dist-packages/miner_interfaces/miner_interfaces_s__rosidl_typesupport_c.cpython-310-x86_64-linux-gnu.so
[1.017s] -- Up-to-date symlink: /home/hecate/code/24-visual-group-second-assessment-Chris/Question2-ROS2/miner_ws/install/miner_interfaces/share/miner_interfaces/msg/Ore.idl
[1.017s] -- Up-to-date symlink: /home/hecate/code/24-visual-group-second-assessment-Chris/Question2-ROS2/miner_ws/install/miner_interfaces/share/miner_interfaces/msg/Ores.idl
[1.018s] -- Up-to-date symlink: /home/hecate/code/24-visual-group-second-assessment-Chris/Question2-ROS2/miner_ws/install/miner_interfaces/share/miner_interfaces/srv/MineMap.idl
[1.018s] -- Up-to-date symlink: /home/hecate/code/24-visual-group-second-assessment-Chris/Question2-ROS2/miner_ws/install/miner_interfaces/share/miner_interfaces/msg/Ore.msg
[1.018s] -- Up-to-date symlink: /home/hecate/code/24-visual-group-second-assessment-Chris/Question2-ROS2/miner_ws/install/miner_interfaces/share/miner_interfaces/msg/Ores.msg
[1.018s] -- Up-to-date symlink: /home/hecate/code/24-visual-group-second-assessment-Chris/Question2-ROS2/miner_ws/install/miner_interfaces/share/miner_interfaces/srv/MineMap.srv
[1.019s] -- Up-to-date symlink: /home/hecate/code/24-visual-group-second-assessment-Chris/Question2-ROS2/miner_ws/install/miner_interfaces/share/miner_interfaces/srv/MineMap_Request.msg
[1.019s] -- Up-to-date symlink: /home/hecate/code/24-visual-group-second-assessment-Chris/Question2-ROS2/miner_ws/install/miner_interfaces/share/miner_interfaces/srv/MineMap_Response.msg
[1.019s] -- Up-to-date symlink: /home/hecate/code/24-visual-group-second-assessment-Chris/Question2-ROS2/miner_ws/install/miner_interfaces/share/ament_index/resource_index/package_run_dependencies/miner_interfaces
[1.019s] -- Up-to-date symlink: /home/hecate/code/24-visual-group-second-assessment-Chris/Question2-ROS2/miner_ws/install/miner_interfaces/share/ament_index/resource_index/parent_prefix_path/miner_interfaces
[1.020s] -- Up-to-date symlink: /home/hecate/code/24-visual-group-second-assessment-Chris/Question2-ROS2/miner_ws/install/miner_interfaces/share/miner_interfaces/environment/ament_prefix_path.sh
[1.020s] -- Up-to-date symlink: /home/hecate/code/24-visual-group-second-assessment-Chris/Question2-ROS2/miner_ws/install/miner_interfaces/share/miner_interfaces/environment/ament_prefix_path.dsv
[1.020s] -- Up-to-date symlink: /home/hecate/code/24-visual-group-second-assessment-Chris/Question2-ROS2/miner_ws/install/miner_interfaces/share/miner_interfaces/environment/path.sh
[1.020s] -- Up-to-date symlink: /home/hecate/code/24-visual-group-second-assessment-Chris/Question2-ROS2/miner_ws/install/miner_interfaces/share/miner_interfaces/environment/path.dsv
[1.021s] -- Up-to-date symlink: /home/hecate/code/24-visual-group-second-assessment-Chris/Question2-ROS2/miner_ws/install/miner_interfaces/share/miner_interfaces/local_setup.bash
[1.021s] -- Up-to-date symlink: /home/hecate/code/24-visual-group-second-assessment-Chris/Question2-ROS2/miner_ws/install/miner_interfaces/share/miner_interfaces/local_setup.sh
[1.021s] -- Up-to-date symlink: /home/hecate/code/24-visual-group-second-assessment-Chris/Question2-ROS2/miner_ws/install/miner_interfaces/share/miner_interfaces/local_setup.zsh
[1.021s] -- Up-to-date symlink: /home/hecate/code/24-visual-group-second-assessment-Chris/Question2-ROS2/miner_ws/install/miner_interfaces/share/miner_interfaces/local_setup.dsv
[1.022s] -- Symlinking: /home/hecate/code/24-visual-group-second-assessment-Chris/Question2-ROS2/miner_ws/install/miner_interfaces/share/miner_interfaces/package.dsv
[1.037s] -- Up-to-date symlink: /home/hecate/code/24-visual-group-second-assessment-Chris/Question2-ROS2/miner_ws/install/miner_interfaces/share/ament_index/resource_index/packages/miner_interfaces
[1.037s] -- Up-to-date symlink: /home/hecate/code/24-visual-group-second-assessment-Chris/Question2-ROS2/miner_ws/install/miner_interfaces/share/miner_interfaces/cmake/rosidl_cmake-extras.cmake
[1.038s] -- Up-to-date symlink: /home/hecate/code/24-visual-group-second-assessment-Chris/Question2-ROS2/miner_ws/install/miner_interfaces/share/miner_interfaces/cmake/ament_cmake_export_dependencies-extras.cmake
[1.038s] -- Up-to-date symlink: /home/hecate/code/24-visual-group-second-assessment-Chris/Question2-ROS2/miner_ws/install/miner_interfaces/share/miner_interfaces/cmake/ament_cmake_export_include_directories-extras.cmake
[1.038s] -- Up-to-date symlink: /home/hecate/code/24-visual-group-second-assessment-Chris/Question2-ROS2/miner_ws/install/miner_interfaces/share/miner_interfaces/cmake/ament_cmake_export_libraries-extras.cmake
[1.038s] -- Up-to-date symlink: /home/hecate/code/24-visual-group-second-assessment-Chris/Question2-ROS2/miner_ws/install/miner_interfaces/share/miner_interfaces/cmake/ament_cmake_export_targets-extras.cmake
[1.038s] -- Up-to-date symlink: /home/hecate/code/24-visual-group-second-assessment-Chris/Question2-ROS2/miner_ws/install/miner_interfaces/share/miner_interfaces/cmake/rosidl_cmake_export_typesupport_targets-extras.cmake
[1.038s] -- Up-to-date symlink: /home/hecate/code/24-visual-group-second-assessment-Chris/Question2-ROS2/miner_ws/install/miner_interfaces/share/miner_interfaces/cmake/rosidl_cmake_export_typesupport_libraries-extras.cmake
[1.039s] -- Up-to-date symlink: /home/hecate/code/24-visual-group-second-assessment-Chris/Question2-ROS2/miner_ws/install/miner_interfaces/share/miner_interfaces/cmake/miner_interfacesConfig.cmake
[1.039s] -- Up-to-date symlink: /home/hecate/code/24-visual-group-second-assessment-Chris/Question2-ROS2/miner_ws/install/miner_interfaces/share/miner_interfaces/cmake/miner_interfacesConfig-version.cmake
[1.039s] -- Up-to-date symlink: /home/hecate/code/24-visual-group-second-assessment-Chris/Question2-ROS2/miner_ws/install/miner_interfaces/share/miner_interfaces/package.xml
[1.039s] -- Up-to-date: /home/hecate/code/24-visual-group-second-assessment-Chris/Question2-ROS2/miner_ws/install/miner_interfaces/lib/libminer_interfaces__rosidl_generator_c.so
[1.040s] -- Up-to-date: /home/hecate/code/24-visual-group-second-assessment-Chris/Question2-ROS2/miner_ws/install/miner_interfaces/lib/libminer_interfaces__rosidl_typesupport_fastrtps_c.so
[1.040s] -- Up-to-date: /home/hecate/code/24-visual-group-second-assessment-Chris/Question2-ROS2/miner_ws/install/miner_interfaces/lib/libminer_interfaces__rosidl_typesupport_fastrtps_cpp.so
[1.040s] -- Up-to-date: /home/hecate/code/24-visual-group-second-assessment-Chris/Question2-ROS2/miner_ws/install/miner_interfaces/lib/libminer_interfaces__rosidl_typesupport_introspection_c.so
[1.041s] -- Up-to-date: /home/hecate/code/24-visual-group-second-assessment-Chris/Question2-ROS2/miner_ws/install/miner_interfaces/lib/libminer_interfaces__rosidl_typesupport_c.so
[1.041s] -- Up-to-date: /home/hecate/code/24-visual-group-second-assessment-Chris/Question2-ROS2/miner_ws/install/miner_interfaces/lib/libminer_interfaces__rosidl_typesupport_introspection_cpp.so
[1.042s] -- Up-to-date: /home/hecate/code/24-visual-group-second-assessment-Chris/Question2-ROS2/miner_ws/install/miner_interfaces/lib/libminer_interfaces__rosidl_typesupport_cpp.so
[1.090s] Listing '/home/hecate/code/24-visual-group-second-assessment-Chris/Question2-ROS2/miner_ws/install/miner_interfaces/local/lib/python3.10/dist-packages/miner_interfaces'...
[1.090s] Listing '/home/hecate/code/24-visual-group-second-assessment-Chris/Question2-ROS2/miner_ws/install/miner_interfaces/local/lib/python3.10/dist-packages/miner_interfaces/msg'...
[1.090s] Listing '/home/hecate/code/24-visual-group-second-assessment-Chris/Question2-ROS2/miner_ws/install/miner_interfaces/local/lib/python3.10/dist-packages/miner_interfaces/srv'...
[1.096s] -- Up-to-date: /home/hecate/code/24-visual-group-second-assessment-Chris/Question2-ROS2/miner_ws/install/miner_interfaces/lib/libminer_interfaces__rosidl_generator_py.so
[1.097s] -- Up-to-date: /home/hecate/code/24-visual-group-second-assessment-Chris/Question2-ROS2/miner_ws/install/miner_interfaces/share/miner_interfaces/cmake/export_miner_interfaces__rosidl_generator_cExport.cmake
[1.097s] -- Up-to-date: /home/hecate/code/24-visual-group-second-assessment-Chris/Question2-ROS2/miner_ws/install/miner_interfaces/share/miner_interfaces/cmake/export_miner_interfaces__rosidl_generator_cExport-noconfig.cmake
[1.097s] -- Up-to-date: /home/hecate/code/24-visual-group-second-assessment-Chris/Question2-ROS2/miner_ws/install/miner_interfaces/share/miner_interfaces/cmake/export_miner_interfaces__rosidl_typesupport_fastrtps_cExport.cmake
[1.097s] -- Up-to-date: /home/hecate/code/24-visual-group-second-assessment-Chris/Question2-ROS2/miner_ws/install/miner_interfaces/share/miner_interfaces/cmake/export_miner_interfaces__rosidl_typesupport_fastrtps_cExport-noconfig.cmake
[1.097s] -- Up-to-date: /home/hecate/code/24-visual-group-second-assessment-Chris/Question2-ROS2/miner_ws/install/miner_interfaces/share/miner_interfaces/cmake/export_miner_interfaces__rosidl_generator_cppExport.cmake
[1.097s] -- Up-to-date: /home/hecate/code/24-visual-group-second-assessment-Chris/Question2-ROS2/miner_ws/install/miner_interfaces/share/miner_interfaces/cmake/export_miner_interfaces__rosidl_typesupport_fastrtps_cppExport.cmake
[1.098s] -- Up-to-date: /home/hecate/code/24-visual-group-second-assessment-Chris/Question2-ROS2/miner_ws/install/miner_interfaces/share/miner_interfaces/cmake/export_miner_interfaces__rosidl_typesupport_fastrtps_cppExport-noconfig.cmake
[1.098s] -- Up-to-date: /home/hecate/code/24-visual-group-second-assessment-Chris/Question2-ROS2/miner_ws/install/miner_interfaces/share/miner_interfaces/cmake/miner_interfaces__rosidl_typesupport_introspection_cExport.cmake
[1.098s] -- Up-to-date: /home/hecate/code/24-visual-group-second-assessment-Chris/Question2-ROS2/miner_ws/install/miner_interfaces/share/miner_interfaces/cmake/miner_interfaces__rosidl_typesupport_introspection_cExport-noconfig.cmake
[1.098s] -- Up-to-date: /home/hecate/code/24-visual-group-second-assessment-Chris/Question2-ROS2/miner_ws/install/miner_interfaces/share/miner_interfaces/cmake/miner_interfaces__rosidl_typesupport_cExport.cmake
[1.098s] -- Up-to-date: /home/hecate/code/24-visual-group-second-assessment-Chris/Question2-ROS2/miner_ws/install/miner_interfaces/share/miner_interfaces/cmake/miner_interfaces__rosidl_typesupport_cExport-noconfig.cmake
[1.099s] -- Up-to-date: /home/hecate/code/24-visual-group-second-assessment-Chris/Question2-ROS2/miner_ws/install/miner_interfaces/share/miner_interfaces/cmake/miner_interfaces__rosidl_typesupport_introspection_cppExport.cmake
[1.099s] -- Up-to-date: /home/hecate/code/24-visual-group-second-assessment-Chris/Question2-ROS2/miner_ws/install/miner_interfaces/share/miner_interfaces/cmake/miner_interfaces__rosidl_typesupport_introspection_cppExport-noconfig.cmake
[1.099s] -- Up-to-date: /home/hecate/code/24-visual-group-second-assessment-Chris/Question2-ROS2/miner_ws/install/miner_interfaces/share/miner_interfaces/cmake/miner_interfaces__rosidl_typesupport_cppExport.cmake
[1.099s] -- Up-to-date: /home/hecate/code/24-visual-group-second-assessment-Chris/Question2-ROS2/miner_ws/install/miner_interfaces/share/miner_interfaces/cmake/miner_interfaces__rosidl_typesupport_cppExport-noconfig.cmake
[1.100s] -- Up-to-date: /home/hecate/code/24-visual-group-second-assessment-Chris/Question2-ROS2/miner_ws/install/miner_interfaces/share/miner_interfaces/cmake/export_miner_interfaces__rosidl_generator_pyExport.cmake
[1.100s] -- Up-to-date: /home/hecate/code/24-visual-group-second-assessment-Chris/Question2-ROS2/miner_ws/install/miner_interfaces/share/miner_interfaces/cmake/export_miner_interfaces__rosidl_generator_pyExport-noconfig.cmake
[1.104s] Invoked command in '/home/hecate/code/24-visual-group-second-assessment-Chris/Question2-ROS2/miner_ws/build/miner_interfaces' returned '0': CMAKE_PREFIX_PATH=${CMAKE_PREFIX_PATH}:/opt/ros/humble /usr/bin/cmake --install /home/hecate/code/24-visual-group-second-assessment-Chris/Question2-ROS2/miner_ws/build/miner_interfaces
