[0.200s] DEBUG:colcon:Command line arguments: ['/usr/bin/colcon', 'build', '--symlink-install']
[0.201s] DEBUG:colcon:Parsed command line arguments: Namespace(log_base=None, log_level=None, verb_name='build', build_base='build', install_base='install', merge_install=False, symlink_install=True, test_result_base=None, continue_on_error=False, executor='parallel', parallel_workers=8, event_handlers=None, ignore_user_meta=False, metas=['./colcon.meta'], base_paths=['.'], packages_ignore=None, packages_ignore_regex=None, paths=None, packages_up_to=None, packages_up_to_regex=None, packages_above=None, packages_above_and_dependencies=None, packages_above_depth=None, packages_select_by_dep=None, packages_skip_by_dep=None, packages_skip_up_to=None, packages_select_build_failed=False, packages_skip_build_finished=False, packages_select_test_failures=False, packages_skip_test_passed=False, packages_select=None, packages_skip=None, packages_select_regex=None, packages_skip_regex=None, packages_start=None, packages_end=None, allow_overriding=[], cmake_args=None, cmake_target=None, cmake_target_skip_unavailable=False, cmake_clean_cache=False, cmake_clean_first=False, cmake_force_configure=False, ament_cmake_args=None, catkin_cmake_args=None, catkin_skip_building_tests=False, verb_parser=<colcon_defaults.argument_parser.defaults.DefaultArgumentsDecorator object at 0x7fb871093ca0>, verb_extension=<colcon_core.verb.build.BuildVerb object at 0x7fb8718bc730>, main=<bound method BuildVerb.main of <colcon_core.verb.build.BuildVerb object at 0x7fb8718bc730>>)
[0.224s] Level 1:colcon.colcon_core.package_discovery:discover_packages(colcon_meta) check parameters
[0.225s] Level 1:colcon.colcon_core.package_discovery:discover_packages(recursive) check parameters
[0.225s] Level 1:colcon.colcon_core.package_discovery:discover_packages(ignore) check parameters
[0.225s] Level 1:colcon.colcon_core.package_discovery:discover_packages(path) check parameters
[0.225s] Level 1:colcon.colcon_core.package_discovery:discover_packages(colcon_meta) discover
[0.225s] Level 1:colcon.colcon_core.package_discovery:discover_packages(recursive) discover
[0.225s] INFO:colcon.colcon_core.package_discovery:Crawling recursively for packages in '/home/hecate/code/24-visual-group-second-assessment-Chris/Question2-ROS2/miner_ws'
[0.225s] Level 1:colcon.colcon_core.package_identification:_identify(.) by extensions ['ignore', 'ignore_ament_install']
[0.225s] Level 1:colcon.colcon_core.package_identification:_identify(.) by extension 'ignore'
[0.225s] Level 1:colcon.colcon_core.package_identification:_identify(.) by extension 'ignore_ament_install'
[0.225s] Level 1:colcon.colcon_core.package_identification:_identify(.) by extensions ['colcon_pkg']
[0.225s] Level 1:colcon.colcon_core.package_identification:_identify(.) by extension 'colcon_pkg'
[0.225s] Level 1:colcon.colcon_core.package_identification:_identify(.) by extensions ['colcon_meta']
[0.225s] Level 1:colcon.colcon_core.package_identification:_identify(.) by extension 'colcon_meta'
[0.225s] Level 1:colcon.colcon_core.package_identification:_identify(.) by extensions ['ros']
[0.225s] Level 1:colcon.colcon_core.package_identification:_identify(.) by extension 'ros'
[0.233s] Level 1:colcon.colcon_core.package_identification:_identify(.) by extensions ['cmake', 'python']
[0.233s] Level 1:colcon.colcon_core.package_identification:_identify(.) by extension 'cmake'
[0.233s] Level 1:colcon.colcon_core.package_identification:_identify(.) by extension 'python'
[0.233s] Level 1:colcon.colcon_core.package_identification:_identify(.) by extensions ['python_setup_py']
[0.233s] Level 1:colcon.colcon_core.package_identification:_identify(.) by extension 'python_setup_py'
[0.233s] Level 1:colcon.colcon_core.package_identification:_identify(build) by extensions ['ignore', 'ignore_ament_install']
[0.233s] Level 1:colcon.colcon_core.package_identification:_identify(build) by extension 'ignore'
[0.233s] Level 1:colcon.colcon_core.package_identification:_identify(build) ignored
[0.233s] Level 1:colcon.colcon_core.package_identification:_identify(install) by extensions ['ignore', 'ignore_ament_install']
[0.233s] Level 1:colcon.colcon_core.package_identification:_identify(install) by extension 'ignore'
[0.233s] Level 1:colcon.colcon_core.package_identification:_identify(install) ignored
[0.233s] Level 1:colcon.colcon_core.package_identification:_identify(log) by extensions ['ignore', 'ignore_ament_install']
[0.233s] Level 1:colcon.colcon_core.package_identification:_identify(log) by extension 'ignore'
[0.233s] Level 1:colcon.colcon_core.package_identification:_identify(log) ignored
[0.233s] Level 1:colcon.colcon_core.package_identification:_identify(src) by extensions ['ignore', 'ignore_ament_install']
[0.233s] Level 1:colcon.colcon_core.package_identification:_identify(src) by extension 'ignore'
[0.233s] Level 1:colcon.colcon_core.package_identification:_identify(src) by extension 'ignore_ament_install'
[0.233s] Level 1:colcon.colcon_core.package_identification:_identify(src) by extensions ['colcon_pkg']
[0.233s] Level 1:colcon.colcon_core.package_identification:_identify(src) by extension 'colcon_pkg'
[0.233s] Level 1:colcon.colcon_core.package_identification:_identify(src) by extensions ['colcon_meta']
[0.233s] Level 1:colcon.colcon_core.package_identification:_identify(src) by extension 'colcon_meta'
[0.233s] Level 1:colcon.colcon_core.package_identification:_identify(src) by extensions ['ros']
[0.233s] Level 1:colcon.colcon_core.package_identification:_identify(src) by extension 'ros'
[0.233s] Level 1:colcon.colcon_core.package_identification:_identify(src) by extensions ['cmake', 'python']
[0.234s] Level 1:colcon.colcon_core.package_identification:_identify(src) by extension 'cmake'
[0.234s] Level 1:colcon.colcon_core.package_identification:_identify(src) by extension 'python'
[0.234s] Level 1:colcon.colcon_core.package_identification:_identify(src) by extensions ['python_setup_py']
[0.234s] Level 1:colcon.colcon_core.package_identification:_identify(src) by extension 'python_setup_py'
[0.234s] Level 1:colcon.colcon_core.package_identification:_identify(src/mine_publisher) by extensions ['ignore', 'ignore_ament_install']
[0.234s] Level 1:colcon.colcon_core.package_identification:_identify(src/mine_publisher) by extension 'ignore'
[0.234s] Level 1:colcon.colcon_core.package_identification:_identify(src/mine_publisher) by extension 'ignore_ament_install'
[0.234s] Level 1:colcon.colcon_core.package_identification:_identify(src/mine_publisher) by extensions ['colcon_pkg']
[0.234s] Level 1:colcon.colcon_core.package_identification:_identify(src/mine_publisher) by extension 'colcon_pkg'
[0.234s] Level 1:colcon.colcon_core.package_identification:_identify(src/mine_publisher) by extensions ['colcon_meta']
[0.234s] Level 1:colcon.colcon_core.package_identification:_identify(src/mine_publisher) by extension 'colcon_meta'
[0.234s] Level 1:colcon.colcon_core.package_identification:_identify(src/mine_publisher) by extensions ['ros']
[0.234s] Level 1:colcon.colcon_core.package_identification:_identify(src/mine_publisher) by extension 'ros'
[0.236s] DEBUG:colcon.colcon_core.package_identification:Package 'src/mine_publisher' with type 'ros.ament_cmake' and name 'mine_publisher'
[0.236s] Level 1:colcon.colcon_core.package_identification:_identify(src/mine_service) by extensions ['ignore', 'ignore_ament_install']
[0.236s] Level 1:colcon.colcon_core.package_identification:_identify(src/mine_service) by extension 'ignore'
[0.236s] Level 1:colcon.colcon_core.package_identification:_identify(src/mine_service) by extension 'ignore_ament_install'
[0.236s] Level 1:colcon.colcon_core.package_identification:_identify(src/mine_service) by extensions ['colcon_pkg']
[0.236s] Level 1:colcon.colcon_core.package_identification:_identify(src/mine_service) by extension 'colcon_pkg'
[0.236s] Level 1:colcon.colcon_core.package_identification:_identify(src/mine_service) by extensions ['colcon_meta']
[0.236s] Level 1:colcon.colcon_core.package_identification:_identify(src/mine_service) by extension 'colcon_meta'
[0.236s] Level 1:colcon.colcon_core.package_identification:_identify(src/mine_service) by extensions ['ros']
[0.236s] Level 1:colcon.colcon_core.package_identification:_identify(src/mine_service) by extension 'ros'
[0.237s] DEBUG:colcon.colcon_core.package_identification:Package 'src/mine_service' with type 'ros.ament_cmake' and name 'mine_service'
[0.237s] Level 1:colcon.colcon_core.package_identification:_identify(src/miner_interfaces) by extensions ['ignore', 'ignore_ament_install']
[0.237s] Level 1:colcon.colcon_core.package_identification:_identify(src/miner_interfaces) by extension 'ignore'
[0.237s] Level 1:colcon.colcon_core.package_identification:_identify(src/miner_interfaces) by extension 'ignore_ament_install'
[0.237s] Level 1:colcon.colcon_core.package_identification:_identify(src/miner_interfaces) by extensions ['colcon_pkg']
[0.237s] Level 1:colcon.colcon_core.package_identification:_identify(src/miner_interfaces) by extension 'colcon_pkg'
[0.237s] Level 1:colcon.colcon_core.package_identification:_identify(src/miner_interfaces) by extensions ['colcon_meta']
[0.237s] Level 1:colcon.colcon_core.package_identification:_identify(src/miner_interfaces) by extension 'colcon_meta'
[0.237s] Level 1:colcon.colcon_core.package_identification:_identify(src/miner_interfaces) by extensions ['ros']
[0.237s] Level 1:colcon.colcon_core.package_identification:_identify(src/miner_interfaces) by extension 'ros'
[0.237s] DEBUG:colcon.colcon_core.package_identification:Package 'src/miner_interfaces' with type 'ros.ament_cmake' and name 'miner_interfaces'
[0.237s] Level 1:colcon.colcon_core.package_discovery:discover_packages(recursive) using defaults
[0.237s] Level 1:colcon.colcon_core.package_discovery:discover_packages(ignore) discover
[0.237s] Level 1:colcon.colcon_core.package_discovery:discover_packages(ignore) using defaults
[0.237s] Level 1:colcon.colcon_core.package_discovery:discover_packages(path) discover
[0.238s] Level 1:colcon.colcon_core.package_discovery:discover_packages(path) using defaults
[0.253s] Level 1:colcon.colcon_core.package_discovery:discover_packages(prefix_path) check parameters
[0.253s] Level 1:colcon.colcon_core.package_discovery:discover_packages(prefix_path) discover
[0.255s] DEBUG:colcon.colcon_installed_package_information.package_discovery:Found 309 installed packages in /opt/ros/humble
[0.256s] Level 1:colcon.colcon_core.package_discovery:discover_packages(prefix_path) using defaults
[0.295s] Level 5:colcon.colcon_core.verb:set package 'miner_interfaces' build argument 'cmake_args' from command line to 'None'
[0.295s] Level 5:colcon.colcon_core.verb:set package 'miner_interfaces' build argument 'cmake_target' from command line to 'None'
[0.295s] Level 5:colcon.colcon_core.verb:set package 'miner_interfaces' build argument 'cmake_target_skip_unavailable' from command line to 'False'
[0.295s] Level 5:colcon.colcon_core.verb:set package 'miner_interfaces' build argument 'cmake_clean_cache' from command line to 'False'
[0.295s] Level 5:colcon.colcon_core.verb:set package 'miner_interfaces' build argument 'cmake_clean_first' from command line to 'False'
[0.295s] Level 5:colcon.colcon_core.verb:set package 'miner_interfaces' build argument 'cmake_force_configure' from command line to 'False'
[0.295s] Level 5:colcon.colcon_core.verb:set package 'miner_interfaces' build argument 'ament_cmake_args' from command line to 'None'
[0.295s] Level 5:colcon.colcon_core.verb:set package 'miner_interfaces' build argument 'catkin_cmake_args' from command line to 'None'
[0.295s] Level 5:colcon.colcon_core.verb:set package 'miner_interfaces' build argument 'catkin_skip_building_tests' from command line to 'False'
[0.295s] DEBUG:colcon.colcon_core.verb:Building package 'miner_interfaces' with the following arguments: {'ament_cmake_args': None, 'build_base': '/home/hecate/code/24-visual-group-second-assessment-Chris/Question2-ROS2/miner_ws/build/miner_interfaces', 'catkin_cmake_args': None, 'catkin_skip_building_tests': False, 'cmake_args': None, 'cmake_clean_cache': False, 'cmake_clean_first': False, 'cmake_force_configure': False, 'cmake_target': None, 'cmake_target_skip_unavailable': False, 'install_base': '/home/hecate/code/24-visual-group-second-assessment-Chris/Question2-ROS2/miner_ws/install/miner_interfaces', 'merge_install': False, 'path': '/home/hecate/code/24-visual-group-second-assessment-Chris/Question2-ROS2/miner_ws/src/miner_interfaces', 'symlink_install': True, 'test_result_base': None}
[0.296s] Level 5:colcon.colcon_core.verb:set package 'mine_publisher' build argument 'cmake_args' from command line to 'None'
[0.296s] Level 5:colcon.colcon_core.verb:set package 'mine_publisher' build argument 'cmake_target' from command line to 'None'
[0.296s] Level 5:colcon.colcon_core.verb:set package 'mine_publisher' build argument 'cmake_target_skip_unavailable' from command line to 'False'
[0.296s] Level 5:colcon.colcon_core.verb:set package 'mine_publisher' build argument 'cmake_clean_cache' from command line to 'False'
[0.296s] Level 5:colcon.colcon_core.verb:set package 'mine_publisher' build argument 'cmake_clean_first' from command line to 'False'
[0.296s] Level 5:colcon.colcon_core.verb:set package 'mine_publisher' build argument 'cmake_force_configure' from command line to 'False'
[0.296s] Level 5:colcon.colcon_core.verb:set package 'mine_publisher' build argument 'ament_cmake_args' from command line to 'None'
[0.296s] Level 5:colcon.colcon_core.verb:set package 'mine_publisher' build argument 'catkin_cmake_args' from command line to 'None'
[0.296s] Level 5:colcon.colcon_core.verb:set package 'mine_publisher' build argument 'catkin_skip_building_tests' from command line to 'False'
[0.296s] DEBUG:colcon.colcon_core.verb:Building package 'mine_publisher' with the following arguments: {'ament_cmake_args': None, 'build_base': '/home/hecate/code/24-visual-group-second-assessment-Chris/Question2-ROS2/miner_ws/build/mine_publisher', 'catkin_cmake_args': None, 'catkin_skip_building_tests': False, 'cmake_args': None, 'cmake_clean_cache': False, 'cmake_clean_first': False, 'cmake_force_configure': False, 'cmake_target': None, 'cmake_target_skip_unavailable': False, 'install_base': '/home/hecate/code/24-visual-group-second-assessment-Chris/Question2-ROS2/miner_ws/install/mine_publisher', 'merge_install': False, 'path': '/home/hecate/code/24-visual-group-second-assessment-Chris/Question2-ROS2/miner_ws/src/mine_publisher', 'symlink_install': True, 'test_result_base': None}
[0.297s] Level 5:colcon.colcon_core.verb:set package 'mine_service' build argument 'cmake_args' from command line to 'None'
[0.297s] Level 5:colcon.colcon_core.verb:set package 'mine_service' build argument 'cmake_target' from command line to 'None'
[0.297s] Level 5:colcon.colcon_core.verb:set package 'mine_service' build argument 'cmake_target_skip_unavailable' from command line to 'False'
[0.297s] Level 5:colcon.colcon_core.verb:set package 'mine_service' build argument 'cmake_clean_cache' from command line to 'False'
[0.297s] Level 5:colcon.colcon_core.verb:set package 'mine_service' build argument 'cmake_clean_first' from command line to 'False'
[0.297s] Level 5:colcon.colcon_core.verb:set package 'mine_service' build argument 'cmake_force_configure' from command line to 'False'
[0.297s] Level 5:colcon.colcon_core.verb:set package 'mine_service' build argument 'ament_cmake_args' from command line to 'None'
[0.297s] Level 5:colcon.colcon_core.verb:set package 'mine_service' build argument 'catkin_cmake_args' from command line to 'None'
[0.297s] Level 5:colcon.colcon_core.verb:set package 'mine_service' build argument 'catkin_skip_building_tests' from command line to 'False'
[0.297s] DEBUG:colcon.colcon_core.verb:Building package 'mine_service' with the following arguments: {'ament_cmake_args': None, 'build_base': '/home/hecate/code/24-visual-group-second-assessment-Chris/Question2-ROS2/miner_ws/build/mine_service', 'catkin_cmake_args': None, 'catkin_skip_building_tests': False, 'cmake_args': None, 'cmake_clean_cache': False, 'cmake_clean_first': False, 'cmake_force_configure': False, 'cmake_target': None, 'cmake_target_skip_unavailable': False, 'install_base': '/home/hecate/code/24-visual-group-second-assessment-Chris/Question2-ROS2/miner_ws/install/mine_service', 'merge_install': False, 'path': '/home/hecate/code/24-visual-group-second-assessment-Chris/Question2-ROS2/miner_ws/src/mine_service', 'symlink_install': True, 'test_result_base': None}
[0.297s] INFO:colcon.colcon_core.executor:Executing jobs using 'parallel' executor
[0.300s] DEBUG:colcon.colcon_parallel_executor.executor.parallel:run_until_complete
[0.300s] INFO:colcon.colcon_ros.task.ament_cmake.build:Building ROS package in '/home/hecate/code/24-visual-group-second-assessment-Chris/Question2-ROS2/miner_ws/src/miner_interfaces' with build type 'ament_cmake'
[0.300s] INFO:colcon.colcon_cmake.task.cmake.build:Building CMake package in '/home/hecate/code/24-visual-group-second-assessment-Chris/Question2-ROS2/miner_ws/src/miner_interfaces'
[0.303s] INFO:colcon.colcon_core.plugin_system:Skipping extension 'colcon_core.shell.bat': Not used on non-Windows systems
[0.303s] INFO:colcon.colcon_core.shell:Skip shell extension 'powershell' for command environment: Not usable outside of PowerShell
[0.303s] DEBUG:colcon.colcon_core.shell:Skip shell extension 'dsv' for command environment
[0.310s] DEBUG:colcon.colcon_core.event_handler.log_command:Invoking command in '/home/hecate/code/24-visual-group-second-assessment-Chris/Question2-ROS2/miner_ws/build/miner_interfaces': CMAKE_PREFIX_PATH=/opt/ros/humble /usr/bin/cmake --build /home/hecate/code/24-visual-group-second-assessment-Chris/Question2-ROS2/miner_ws/build/miner_interfaces -- -j8 -l8
[0.560s] DEBUG:colcon.colcon_core.event_handler.log_command:Invoked command in '/home/hecate/code/24-visual-group-second-assessment-Chris/Question2-ROS2/miner_ws/build/miner_interfaces' returned '0': CMAKE_PREFIX_PATH=/opt/ros/humble /usr/bin/cmake --build /home/hecate/code/24-visual-group-second-assessment-Chris/Question2-ROS2/miner_ws/build/miner_interfaces -- -j8 -l8
[0.643s] DEBUG:colcon.colcon_core.event_handler.log_command:Invoking command in '/home/hecate/code/24-visual-group-second-assessment-Chris/Question2-ROS2/miner_ws/build/miner_interfaces': CMAKE_PREFIX_PATH=/opt/ros/humble /usr/bin/cmake --install /home/hecate/code/24-visual-group-second-assessment-Chris/Question2-ROS2/miner_ws/build/miner_interfaces
[0.697s] Level 1:colcon.colcon_core.environment:create_environment_scripts_only(miner_interfaces)
[0.698s] DEBUG:colcon.colcon_core.event_handler.log_command:Invoked command in '/home/hecate/code/24-visual-group-second-assessment-Chris/Question2-ROS2/miner_ws/build/miner_interfaces' returned '0': CMAKE_PREFIX_PATH=/opt/ros/humble /usr/bin/cmake --install /home/hecate/code/24-visual-group-second-assessment-Chris/Question2-ROS2/miner_ws/build/miner_interfaces
[0.702s] Level 1:colcon.colcon_core.environment:checking '/home/hecate/code/24-visual-group-second-assessment-Chris/Question2-ROS2/miner_ws/install/miner_interfaces' for CMake module files
[0.702s] Level 1:colcon.colcon_core.environment:checking '/home/hecate/code/24-visual-group-second-assessment-Chris/Question2-ROS2/miner_ws/install/miner_interfaces' for CMake config files
[0.703s] Level 1:colcon.colcon_core.shell:create_environment_hook('miner_interfaces', 'cmake_prefix_path')
[0.704s] INFO:colcon.colcon_core.shell:Creating environment hook '/home/hecate/code/24-visual-group-second-assessment-Chris/Question2-ROS2/miner_ws/install/miner_interfaces/share/miner_interfaces/hook/cmake_prefix_path.ps1'
[0.704s] INFO:colcon.colcon_core.shell:Creating environment descriptor '/home/hecate/code/24-visual-group-second-assessment-Chris/Question2-ROS2/miner_ws/install/miner_interfaces/share/miner_interfaces/hook/cmake_prefix_path.dsv'
[0.704s] INFO:colcon.colcon_core.shell:Creating environment hook '/home/hecate/code/24-visual-group-second-assessment-Chris/Question2-ROS2/miner_ws/install/miner_interfaces/share/miner_interfaces/hook/cmake_prefix_path.sh'
[0.705s] Level 1:colcon.colcon_core.environment:checking '/home/hecate/code/24-visual-group-second-assessment-Chris/Question2-ROS2/miner_ws/install/miner_interfaces/lib'
[0.705s] Level 1:colcon.colcon_core.shell:create_environment_hook('miner_interfaces', 'ld_library_path_lib')
[0.706s] INFO:colcon.colcon_core.shell:Creating environment hook '/home/hecate/code/24-visual-group-second-assessment-Chris/Question2-ROS2/miner_ws/install/miner_interfaces/share/miner_interfaces/hook/ld_library_path_lib.ps1'
[0.706s] INFO:colcon.colcon_core.shell:Creating environment descriptor '/home/hecate/code/24-visual-group-second-assessment-Chris/Question2-ROS2/miner_ws/install/miner_interfaces/share/miner_interfaces/hook/ld_library_path_lib.dsv'
[0.707s] INFO:colcon.colcon_core.shell:Creating environment hook '/home/hecate/code/24-visual-group-second-assessment-Chris/Question2-ROS2/miner_ws/install/miner_interfaces/share/miner_interfaces/hook/ld_library_path_lib.sh'
[0.707s] Level 1:colcon.colcon_core.environment:checking '/home/hecate/code/24-visual-group-second-assessment-Chris/Question2-ROS2/miner_ws/install/miner_interfaces/bin'
[0.707s] Level 1:colcon.colcon_core.environment:checking '/home/hecate/code/24-visual-group-second-assessment-Chris/Question2-ROS2/miner_ws/install/miner_interfaces/lib/pkgconfig/miner_interfaces.pc'
[0.707s] Level 1:colcon.colcon_core.environment:checking '/home/hecate/code/24-visual-group-second-assessment-Chris/Question2-ROS2/miner_ws/install/miner_interfaces/lib/python3.10/site-packages'
[0.707s] Level 1:colcon.colcon_core.environment:checking '/home/hecate/code/24-visual-group-second-assessment-Chris/Question2-ROS2/miner_ws/install/miner_interfaces/bin'
[0.708s] INFO:colcon.colcon_core.shell:Creating package script '/home/hecate/code/24-visual-group-second-assessment-Chris/Question2-ROS2/miner_ws/install/miner_interfaces/share/miner_interfaces/package.ps1'
[0.709s] INFO:colcon.colcon_core.shell:Creating package descriptor '/home/hecate/code/24-visual-group-second-assessment-Chris/Question2-ROS2/miner_ws/install/miner_interfaces/share/miner_interfaces/package.dsv'
[0.709s] INFO:colcon.colcon_core.shell:Creating package script '/home/hecate/code/24-visual-group-second-assessment-Chris/Question2-ROS2/miner_ws/install/miner_interfaces/share/miner_interfaces/package.sh'
[0.710s] INFO:colcon.colcon_core.shell:Creating package script '/home/hecate/code/24-visual-group-second-assessment-Chris/Question2-ROS2/miner_ws/install/miner_interfaces/share/miner_interfaces/package.bash'
[0.710s] INFO:colcon.colcon_core.shell:Creating package script '/home/hecate/code/24-visual-group-second-assessment-Chris/Question2-ROS2/miner_ws/install/miner_interfaces/share/miner_interfaces/package.zsh'
[0.711s] Level 1:colcon.colcon_core.environment:create_file_with_runtime_dependencies(/home/hecate/code/24-visual-group-second-assessment-Chris/Question2-ROS2/miner_ws/install/miner_interfaces/share/colcon-core/packages/miner_interfaces)
[0.782s] Level 1:colcon.colcon_core.environment:create_environment_scripts_only(miner_interfaces)
[0.784s] Level 1:colcon.colcon_core.environment:checking '/home/hecate/code/24-visual-group-second-assessment-Chris/Question2-ROS2/miner_ws/install/miner_interfaces' for CMake module files
[0.784s] Level 1:colcon.colcon_core.environment:checking '/home/hecate/code/24-visual-group-second-assessment-Chris/Question2-ROS2/miner_ws/install/miner_interfaces' for CMake config files
[0.785s] Level 1:colcon.colcon_core.shell:create_environment_hook('miner_interfaces', 'cmake_prefix_path')
[0.786s] INFO:colcon.colcon_core.shell:Creating environment hook '/home/hecate/code/24-visual-group-second-assessment-Chris/Question2-ROS2/miner_ws/install/miner_interfaces/share/miner_interfaces/hook/cmake_prefix_path.ps1'
[0.786s] INFO:colcon.colcon_core.shell:Creating environment descriptor '/home/hecate/code/24-visual-group-second-assessment-Chris/Question2-ROS2/miner_ws/install/miner_interfaces/share/miner_interfaces/hook/cmake_prefix_path.dsv'
[0.787s] INFO:colcon.colcon_core.shell:Creating environment hook '/home/hecate/code/24-visual-group-second-assessment-Chris/Question2-ROS2/miner_ws/install/miner_interfaces/share/miner_interfaces/hook/cmake_prefix_path.sh'
[0.787s] Level 1:colcon.colcon_core.environment:checking '/home/hecate/code/24-visual-group-second-assessment-Chris/Question2-ROS2/miner_ws/install/miner_interfaces/lib'
[0.787s] Level 1:colcon.colcon_core.shell:create_environment_hook('miner_interfaces', 'ld_library_path_lib')
[0.788s] INFO:colcon.colcon_core.shell:Creating environment hook '/home/hecate/code/24-visual-group-second-assessment-Chris/Question2-ROS2/miner_ws/install/miner_interfaces/share/miner_interfaces/hook/ld_library_path_lib.ps1'
[0.789s] INFO:colcon.colcon_core.shell:Creating environment descriptor '/home/hecate/code/24-visual-group-second-assessment-Chris/Question2-ROS2/miner_ws/install/miner_interfaces/share/miner_interfaces/hook/ld_library_path_lib.dsv'
[0.789s] INFO:colcon.colcon_core.shell:Creating environment hook '/home/hecate/code/24-visual-group-second-assessment-Chris/Question2-ROS2/miner_ws/install/miner_interfaces/share/miner_interfaces/hook/ld_library_path_lib.sh'
[0.789s] Level 1:colcon.colcon_core.environment:checking '/home/hecate/code/24-visual-group-second-assessment-Chris/Question2-ROS2/miner_ws/install/miner_interfaces/bin'
[0.789s] Level 1:colcon.colcon_core.environment:checking '/home/hecate/code/24-visual-group-second-assessment-Chris/Question2-ROS2/miner_ws/install/miner_interfaces/lib/pkgconfig/miner_interfaces.pc'
[0.790s] Level 1:colcon.colcon_core.environment:checking '/home/hecate/code/24-visual-group-second-assessment-Chris/Question2-ROS2/miner_ws/install/miner_interfaces/lib/python3.10/site-packages'
[0.790s] Level 1:colcon.colcon_core.environment:checking '/home/hecate/code/24-visual-group-second-assessment-Chris/Question2-ROS2/miner_ws/install/miner_interfaces/bin'
[0.791s] INFO:colcon.colcon_core.shell:Creating package script '/home/hecate/code/24-visual-group-second-assessment-Chris/Question2-ROS2/miner_ws/install/miner_interfaces/share/miner_interfaces/package.ps1'
[0.791s] INFO:colcon.colcon_core.shell:Creating package descriptor '/home/hecate/code/24-visual-group-second-assessment-Chris/Question2-ROS2/miner_ws/install/miner_interfaces/share/miner_interfaces/package.dsv'
[0.792s] INFO:colcon.colcon_core.shell:Creating package script '/home/hecate/code/24-visual-group-second-assessment-Chris/Question2-ROS2/miner_ws/install/miner_interfaces/share/miner_interfaces/package.sh'
[0.792s] INFO:colcon.colcon_core.shell:Creating package script '/home/hecate/code/24-visual-group-second-assessment-Chris/Question2-ROS2/miner_ws/install/miner_interfaces/share/miner_interfaces/package.bash'
[0.792s] INFO:colcon.colcon_core.shell:Creating package script '/home/hecate/code/24-visual-group-second-assessment-Chris/Question2-ROS2/miner_ws/install/miner_interfaces/share/miner_interfaces/package.zsh'
[0.793s] Level 1:colcon.colcon_core.environment:create_file_with_runtime_dependencies(/home/hecate/code/24-visual-group-second-assessment-Chris/Question2-ROS2/miner_ws/install/miner_interfaces/share/colcon-core/packages/miner_interfaces)
[0.793s] INFO:colcon.colcon_ros.task.ament_cmake.build:Building ROS package in '/home/hecate/code/24-visual-group-second-assessment-Chris/Question2-ROS2/miner_ws/src/mine_publisher' with build type 'ament_cmake'
[0.793s] INFO:colcon.colcon_cmake.task.cmake.build:Building CMake package in '/home/hecate/code/24-visual-group-second-assessment-Chris/Question2-ROS2/miner_ws/src/mine_publisher'
[0.794s] INFO:colcon.colcon_core.shell:Skip shell extension 'powershell' for command environment: Not usable outside of PowerShell
[0.794s] DEBUG:colcon.colcon_core.shell:Skip shell extension 'dsv' for command environment
[0.797s] INFO:colcon.colcon_ros.task.ament_cmake.build:Building ROS package in '/home/hecate/code/24-visual-group-second-assessment-Chris/Question2-ROS2/miner_ws/src/mine_service' with build type 'ament_cmake'
[0.798s] INFO:colcon.colcon_cmake.task.cmake.build:Building CMake package in '/home/hecate/code/24-visual-group-second-assessment-Chris/Question2-ROS2/miner_ws/src/mine_service'
[0.799s] INFO:colcon.colcon_core.shell:Skip shell extension 'powershell' for command environment: Not usable outside of PowerShell
[0.799s] DEBUG:colcon.colcon_core.shell:Skip shell extension 'dsv' for command environment
[0.807s] DEBUG:colcon.colcon_core.event_handler.log_command:Invoking command in '/home/hecate/code/24-visual-group-second-assessment-Chris/Question2-ROS2/miner_ws/build/mine_publisher': AMENT_PREFIX_PATH=/home/hecate/code/24-visual-group-second-assessment-Chris/Question2-ROS2/miner_ws/install/miner_interfaces:${AMENT_PREFIX_PATH} CMAKE_PREFIX_PATH=/home/hecate/code/24-visual-group-second-assessment-Chris/Question2-ROS2/miner_ws/install/miner_interfaces:/opt/ros/humble LD_LIBRARY_PATH=/home/hecate/code/24-visual-group-second-assessment-Chris/Question2-ROS2/miner_ws/install/miner_interfaces/lib:${LD_LIBRARY_PATH} PYTHONPATH=/home/hecate/code/24-visual-group-second-assessment-Chris/Question2-ROS2/miner_ws/install/miner_interfaces/local/lib/python3.10/dist-packages:${PYTHONPATH} /usr/bin/cmake --build /home/hecate/code/24-visual-group-second-assessment-Chris/Question2-ROS2/miner_ws/build/mine_publisher -- -j8 -l8
[0.810s] DEBUG:colcon.colcon_core.event_handler.log_command:Invoking command in '/home/hecate/code/24-visual-group-second-assessment-Chris/Question2-ROS2/miner_ws/build/mine_service': AMENT_PREFIX_PATH=/home/hecate/code/24-visual-group-second-assessment-Chris/Question2-ROS2/miner_ws/install/miner_interfaces:${AMENT_PREFIX_PATH} CMAKE_PREFIX_PATH=/home/hecate/code/24-visual-group-second-assessment-Chris/Question2-ROS2/miner_ws/install/miner_interfaces:/opt/ros/humble LD_LIBRARY_PATH=/home/hecate/code/24-visual-group-second-assessment-Chris/Question2-ROS2/miner_ws/install/miner_interfaces/lib:${LD_LIBRARY_PATH} PYTHONPATH=/home/hecate/code/24-visual-group-second-assessment-Chris/Question2-ROS2/miner_ws/install/miner_interfaces/local/lib/python3.10/dist-packages:${PYTHONPATH} /usr/bin/cmake --build /home/hecate/code/24-visual-group-second-assessment-Chris/Question2-ROS2/miner_ws/build/mine_service -- -j8 -l8
[0.958s] DEBUG:colcon.colcon_core.event_handler.log_command:Invoked command in '/home/hecate/code/24-visual-group-second-assessment-Chris/Question2-ROS2/miner_ws/build/mine_publisher' returned '0': AMENT_PREFIX_PATH=/home/hecate/code/24-visual-group-second-assessment-Chris/Question2-ROS2/miner_ws/install/miner_interfaces:${AMENT_PREFIX_PATH} CMAKE_PREFIX_PATH=/home/hecate/code/24-visual-group-second-assessment-Chris/Question2-ROS2/miner_ws/install/miner_interfaces:/opt/ros/humble LD_LIBRARY_PATH=/home/hecate/code/24-visual-group-second-assessment-Chris/Question2-ROS2/miner_ws/install/miner_interfaces/lib:${LD_LIBRARY_PATH} PYTHONPATH=/home/hecate/code/24-visual-group-second-assessment-Chris/Question2-ROS2/miner_ws/install/miner_interfaces/local/lib/python3.10/dist-packages:${PYTHONPATH} /usr/bin/cmake --build /home/hecate/code/24-visual-group-second-assessment-Chris/Question2-ROS2/miner_ws/build/mine_publisher -- -j8 -l8
[0.980s] DEBUG:colcon.colcon_core.event_handler.log_command:Invoking command in '/home/hecate/code/24-visual-group-second-assessment-Chris/Question2-ROS2/miner_ws/build/mine_publisher': AMENT_PREFIX_PATH=/home/hecate/code/24-visual-group-second-assessment-Chris/Question2-ROS2/miner_ws/install/miner_interfaces:${AMENT_PREFIX_PATH} CMAKE_PREFIX_PATH=/home/hecate/code/24-visual-group-second-assessment-Chris/Question2-ROS2/miner_ws/install/miner_interfaces:/opt/ros/humble LD_LIBRARY_PATH=/home/hecate/code/24-visual-group-second-assessment-Chris/Question2-ROS2/miner_ws/install/miner_interfaces/lib:${LD_LIBRARY_PATH} PYTHONPATH=/home/hecate/code/24-visual-group-second-assessment-Chris/Question2-ROS2/miner_ws/install/miner_interfaces/local/lib/python3.10/dist-packages:${PYTHONPATH} /usr/bin/cmake --install /home/hecate/code/24-visual-group-second-assessment-Chris/Question2-ROS2/miner_ws/build/mine_publisher
[1.009s] Level 1:colcon.colcon_core.environment:create_environment_scripts_only(mine_publisher)
[1.012s] Level 1:colcon.colcon_core.environment:checking '/home/hecate/code/24-visual-group-second-assessment-Chris/Question2-ROS2/miner_ws/install/mine_publisher' for CMake module files
[1.013s] DEBUG:colcon.colcon_core.event_handler.log_command:Invoked command in '/home/hecate/code/24-visual-group-second-assessment-Chris/Question2-ROS2/miner_ws/build/mine_publisher' returned '0': AMENT_PREFIX_PATH=/home/hecate/code/24-visual-group-second-assessment-Chris/Question2-ROS2/miner_ws/install/miner_interfaces:${AMENT_PREFIX_PATH} CMAKE_PREFIX_PATH=/home/hecate/code/24-visual-group-second-assessment-Chris/Question2-ROS2/miner_ws/install/miner_interfaces:/opt/ros/humble LD_LIBRARY_PATH=/home/hecate/code/24-visual-group-second-assessment-Chris/Question2-ROS2/miner_ws/install/miner_interfaces/lib:${LD_LIBRARY_PATH} PYTHONPATH=/home/hecate/code/24-visual-group-second-assessment-Chris/Question2-ROS2/miner_ws/install/miner_interfaces/local/lib/python3.10/dist-packages:${PYTHONPATH} /usr/bin/cmake --install /home/hecate/code/24-visual-group-second-assessment-Chris/Question2-ROS2/miner_ws/build/mine_publisher
[1.013s] Level 1:colcon.colcon_core.environment:checking '/home/hecate/code/24-visual-group-second-assessment-Chris/Question2-ROS2/miner_ws/install/mine_publisher' for CMake config files
[1.013s] Level 1:colcon.colcon_core.shell:create_environment_hook('mine_publisher', 'cmake_prefix_path')
[1.016s] INFO:colcon.colcon_core.shell:Creating environment hook '/home/hecate/code/24-visual-group-second-assessment-Chris/Question2-ROS2/miner_ws/install/mine_publisher/share/mine_publisher/hook/cmake_prefix_path.ps1'
[1.016s] INFO:colcon.colcon_core.shell:Creating environment descriptor '/home/hecate/code/24-visual-group-second-assessment-Chris/Question2-ROS2/miner_ws/install/mine_publisher/share/mine_publisher/hook/cmake_prefix_path.dsv'
[1.017s] INFO:colcon.colcon_core.shell:Creating environment hook '/home/hecate/code/24-visual-group-second-assessment-Chris/Question2-ROS2/miner_ws/install/mine_publisher/share/mine_publisher/hook/cmake_prefix_path.sh'
[1.017s] Level 1:colcon.colcon_core.environment:checking '/home/hecate/code/24-visual-group-second-assessment-Chris/Question2-ROS2/miner_ws/install/mine_publisher/lib'
[1.017s] Level 1:colcon.colcon_core.shell:create_environment_hook('mine_publisher', 'ld_library_path_lib')
[1.019s] INFO:colcon.colcon_core.shell:Creating environment hook '/home/hecate/code/24-visual-group-second-assessment-Chris/Question2-ROS2/miner_ws/install/mine_publisher/share/mine_publisher/hook/ld_library_path_lib.ps1'
[1.020s] INFO:colcon.colcon_core.shell:Creating environment descriptor '/home/hecate/code/24-visual-group-second-assessment-Chris/Question2-ROS2/miner_ws/install/mine_publisher/share/mine_publisher/hook/ld_library_path_lib.dsv'
[1.020s] INFO:colcon.colcon_core.shell:Creating environment hook '/home/hecate/code/24-visual-group-second-assessment-Chris/Question2-ROS2/miner_ws/install/mine_publisher/share/mine_publisher/hook/ld_library_path_lib.sh'
[1.020s] Level 1:colcon.colcon_core.environment:checking '/home/hecate/code/24-visual-group-second-assessment-Chris/Question2-ROS2/miner_ws/install/mine_publisher/bin'
[1.020s] Level 1:colcon.colcon_core.environment:checking '/home/hecate/code/24-visual-group-second-assessment-Chris/Question2-ROS2/miner_ws/install/mine_publisher/lib/pkgconfig/mine_publisher.pc'
[1.021s] Level 1:colcon.colcon_core.environment:checking '/home/hecate/code/24-visual-group-second-assessment-Chris/Question2-ROS2/miner_ws/install/mine_publisher/lib/python3.10/site-packages'
[1.021s] Level 1:colcon.colcon_core.environment:checking '/home/hecate/code/24-visual-group-second-assessment-Chris/Question2-ROS2/miner_ws/install/mine_publisher/bin'
[1.023s] INFO:colcon.colcon_core.shell:Creating package script '/home/hecate/code/24-visual-group-second-assessment-Chris/Question2-ROS2/miner_ws/install/mine_publisher/share/mine_publisher/package.ps1'
[1.023s] INFO:colcon.colcon_core.shell:Creating package descriptor '/home/hecate/code/24-visual-group-second-assessment-Chris/Question2-ROS2/miner_ws/install/mine_publisher/share/mine_publisher/package.dsv'
[1.024s] INFO:colcon.colcon_core.shell:Creating package script '/home/hecate/code/24-visual-group-second-assessment-Chris/Question2-ROS2/miner_ws/install/mine_publisher/share/mine_publisher/package.sh'
[1.024s] INFO:colcon.colcon_core.shell:Creating package script '/home/hecate/code/24-visual-group-second-assessment-Chris/Question2-ROS2/miner_ws/install/mine_publisher/share/mine_publisher/package.bash'
[1.025s] INFO:colcon.colcon_core.shell:Creating package script '/home/hecate/code/24-visual-group-second-assessment-Chris/Question2-ROS2/miner_ws/install/mine_publisher/share/mine_publisher/package.zsh'
[1.025s] Level 1:colcon.colcon_core.environment:create_file_with_runtime_dependencies(/home/hecate/code/24-visual-group-second-assessment-Chris/Question2-ROS2/miner_ws/install/mine_publisher/share/colcon-core/packages/mine_publisher)
[1.056s] Level 1:colcon.colcon_core.environment:create_environment_scripts_only(mine_publisher)
[1.059s] Level 1:colcon.colcon_core.environment:checking '/home/hecate/code/24-visual-group-second-assessment-Chris/Question2-ROS2/miner_ws/install/mine_publisher' for CMake module files
[1.060s] Level 1:colcon.colcon_core.environment:checking '/home/hecate/code/24-visual-group-second-assessment-Chris/Question2-ROS2/miner_ws/install/mine_publisher' for CMake config files
[1.060s] Level 1:colcon.colcon_core.shell:create_environment_hook('mine_publisher', 'cmake_prefix_path')
[1.062s] INFO:colcon.colcon_core.shell:Creating environment hook '/home/hecate/code/24-visual-group-second-assessment-Chris/Question2-ROS2/miner_ws/install/mine_publisher/share/mine_publisher/hook/cmake_prefix_path.ps1'
[1.063s] INFO:colcon.colcon_core.shell:Creating environment descriptor '/home/hecate/code/24-visual-group-second-assessment-Chris/Question2-ROS2/miner_ws/install/mine_publisher/share/mine_publisher/hook/cmake_prefix_path.dsv'
[1.063s] INFO:colcon.colcon_core.shell:Creating environment hook '/home/hecate/code/24-visual-group-second-assessment-Chris/Question2-ROS2/miner_ws/install/mine_publisher/share/mine_publisher/hook/cmake_prefix_path.sh'
[1.064s] Level 1:colcon.colcon_core.environment:checking '/home/hecate/code/24-visual-group-second-assessment-Chris/Question2-ROS2/miner_ws/install/mine_publisher/lib'
[1.064s] Level 1:colcon.colcon_core.shell:create_environment_hook('mine_publisher', 'ld_library_path_lib')
[1.065s] INFO:colcon.colcon_core.shell:Creating environment hook '/home/hecate/code/24-visual-group-second-assessment-Chris/Question2-ROS2/miner_ws/install/mine_publisher/share/mine_publisher/hook/ld_library_path_lib.ps1'
[1.066s] INFO:colcon.colcon_core.shell:Creating environment descriptor '/home/hecate/code/24-visual-group-second-assessment-Chris/Question2-ROS2/miner_ws/install/mine_publisher/share/mine_publisher/hook/ld_library_path_lib.dsv'
[1.066s] INFO:colcon.colcon_core.shell:Creating environment hook '/home/hecate/code/24-visual-group-second-assessment-Chris/Question2-ROS2/miner_ws/install/mine_publisher/share/mine_publisher/hook/ld_library_path_lib.sh'
[1.067s] Level 1:colcon.colcon_core.environment:checking '/home/hecate/code/24-visual-group-second-assessment-Chris/Question2-ROS2/miner_ws/install/mine_publisher/bin'
[1.067s] Level 1:colcon.colcon_core.environment:checking '/home/hecate/code/24-visual-group-second-assessment-Chris/Question2-ROS2/miner_ws/install/mine_publisher/lib/pkgconfig/mine_publisher.pc'
[1.067s] Level 1:colcon.colcon_core.environment:checking '/home/hecate/code/24-visual-group-second-assessment-Chris/Question2-ROS2/miner_ws/install/mine_publisher/lib/python3.10/site-packages'
[1.068s] Level 1:colcon.colcon_core.environment:checking '/home/hecate/code/24-visual-group-second-assessment-Chris/Question2-ROS2/miner_ws/install/mine_publisher/bin'
[1.069s] INFO:colcon.colcon_core.shell:Creating package script '/home/hecate/code/24-visual-group-second-assessment-Chris/Question2-ROS2/miner_ws/install/mine_publisher/share/mine_publisher/package.ps1'
[1.070s] INFO:colcon.colcon_core.shell:Creating package descriptor '/home/hecate/code/24-visual-group-second-assessment-Chris/Question2-ROS2/miner_ws/install/mine_publisher/share/mine_publisher/package.dsv'
[1.071s] INFO:colcon.colcon_core.shell:Creating package script '/home/hecate/code/24-visual-group-second-assessment-Chris/Question2-ROS2/miner_ws/install/mine_publisher/share/mine_publisher/package.sh'
[1.071s] INFO:colcon.colcon_core.shell:Creating package script '/home/hecate/code/24-visual-group-second-assessment-Chris/Question2-ROS2/miner_ws/install/mine_publisher/share/mine_publisher/package.bash'
[1.071s] INFO:colcon.colcon_core.shell:Creating package script '/home/hecate/code/24-visual-group-second-assessment-Chris/Question2-ROS2/miner_ws/install/mine_publisher/share/mine_publisher/package.zsh'
[1.072s] Level 1:colcon.colcon_core.environment:create_file_with_runtime_dependencies(/home/hecate/code/24-visual-group-second-assessment-Chris/Question2-ROS2/miner_ws/install/mine_publisher/share/colcon-core/packages/mine_publisher)
[8.237s] DEBUG:colcon.colcon_core.event_handler.log_command:Invoked command in '/home/hecate/code/24-visual-group-second-assessment-Chris/Question2-ROS2/miner_ws/build/mine_service' returned '0': AMENT_PREFIX_PATH=/home/hecate/code/24-visual-group-second-assessment-Chris/Question2-ROS2/miner_ws/install/miner_interfaces:${AMENT_PREFIX_PATH} CMAKE_PREFIX_PATH=/home/hecate/code/24-visual-group-second-assessment-Chris/Question2-ROS2/miner_ws/install/miner_interfaces:/opt/ros/humble LD_LIBRARY_PATH=/home/hecate/code/24-visual-group-second-assessment-Chris/Question2-ROS2/miner_ws/install/miner_interfaces/lib:${LD_LIBRARY_PATH} PYTHONPATH=/home/hecate/code/24-visual-group-second-assessment-Chris/Question2-ROS2/miner_ws/install/miner_interfaces/local/lib/python3.10/dist-packages:${PYTHONPATH} /usr/bin/cmake --build /home/hecate/code/24-visual-group-second-assessment-Chris/Question2-ROS2/miner_ws/build/mine_service -- -j8 -l8
[8.259s] DEBUG:colcon.colcon_core.event_handler.log_command:Invoking command in '/home/hecate/code/24-visual-group-second-assessment-Chris/Question2-ROS2/miner_ws/build/mine_service': AMENT_PREFIX_PATH=/home/hecate/code/24-visual-group-second-assessment-Chris/Question2-ROS2/miner_ws/install/miner_interfaces:${AMENT_PREFIX_PATH} CMAKE_PREFIX_PATH=/home/hecate/code/24-visual-group-second-assessment-Chris/Question2-ROS2/miner_ws/install/miner_interfaces:/opt/ros/humble LD_LIBRARY_PATH=/home/hecate/code/24-visual-group-second-assessment-Chris/Question2-ROS2/miner_ws/install/miner_interfaces/lib:${LD_LIBRARY_PATH} PYTHONPATH=/home/hecate/code/24-visual-group-second-assessment-Chris/Question2-ROS2/miner_ws/install/miner_interfaces/local/lib/python3.10/dist-packages:${PYTHONPATH} /usr/bin/cmake --install /home/hecate/code/24-visual-group-second-assessment-Chris/Question2-ROS2/miner_ws/build/mine_service
[8.286s] Level 1:colcon.colcon_core.environment:create_environment_scripts_only(mine_service)
[8.287s] Level 1:colcon.colcon_core.environment:checking '/home/hecate/code/24-visual-group-second-assessment-Chris/Question2-ROS2/miner_ws/install/mine_service' for CMake module files
[8.288s] DEBUG:colcon.colcon_core.event_handler.log_command:Invoked command in '/home/hecate/code/24-visual-group-second-assessment-Chris/Question2-ROS2/miner_ws/build/mine_service' returned '0': AMENT_PREFIX_PATH=/home/hecate/code/24-visual-group-second-assessment-Chris/Question2-ROS2/miner_ws/install/miner_interfaces:${AMENT_PREFIX_PATH} CMAKE_PREFIX_PATH=/home/hecate/code/24-visual-group-second-assessment-Chris/Question2-ROS2/miner_ws/install/miner_interfaces:/opt/ros/humble LD_LIBRARY_PATH=/home/hecate/code/24-visual-group-second-assessment-Chris/Question2-ROS2/miner_ws/install/miner_interfaces/lib:${LD_LIBRARY_PATH} PYTHONPATH=/home/hecate/code/24-visual-group-second-assessment-Chris/Question2-ROS2/miner_ws/install/miner_interfaces/local/lib/python3.10/dist-packages:${PYTHONPATH} /usr/bin/cmake --install /home/hecate/code/24-visual-group-second-assessment-Chris/Question2-ROS2/miner_ws/build/mine_service
[8.289s] Level 1:colcon.colcon_core.environment:checking '/home/hecate/code/24-visual-group-second-assessment-Chris/Question2-ROS2/miner_ws/install/mine_service' for CMake config files
[8.289s] Level 1:colcon.colcon_core.shell:create_environment_hook('mine_service', 'cmake_prefix_path')
[8.291s] INFO:colcon.colcon_core.shell:Creating environment hook '/home/hecate/code/24-visual-group-second-assessment-Chris/Question2-ROS2/miner_ws/install/mine_service/share/mine_service/hook/cmake_prefix_path.ps1'
[8.292s] INFO:colcon.colcon_core.shell:Creating environment descriptor '/home/hecate/code/24-visual-group-second-assessment-Chris/Question2-ROS2/miner_ws/install/mine_service/share/mine_service/hook/cmake_prefix_path.dsv'
[8.292s] INFO:colcon.colcon_core.shell:Creating environment hook '/home/hecate/code/24-visual-group-second-assessment-Chris/Question2-ROS2/miner_ws/install/mine_service/share/mine_service/hook/cmake_prefix_path.sh'
[8.293s] Level 1:colcon.colcon_core.environment:checking '/home/hecate/code/24-visual-group-second-assessment-Chris/Question2-ROS2/miner_ws/install/mine_service/lib'
[8.293s] Level 1:colcon.colcon_core.shell:create_environment_hook('mine_service', 'ld_library_path_lib')
[8.294s] INFO:colcon.colcon_core.shell:Creating environment hook '/home/hecate/code/24-visual-group-second-assessment-Chris/Question2-ROS2/miner_ws/install/mine_service/share/mine_service/hook/ld_library_path_lib.ps1'
[8.294s] INFO:colcon.colcon_core.shell:Creating environment descriptor '/home/hecate/code/24-visual-group-second-assessment-Chris/Question2-ROS2/miner_ws/install/mine_service/share/mine_service/hook/ld_library_path_lib.dsv'
[8.295s] INFO:colcon.colcon_core.shell:Creating environment hook '/home/hecate/code/24-visual-group-second-assessment-Chris/Question2-ROS2/miner_ws/install/mine_service/share/mine_service/hook/ld_library_path_lib.sh'
[8.295s] Level 1:colcon.colcon_core.environment:checking '/home/hecate/code/24-visual-group-second-assessment-Chris/Question2-ROS2/miner_ws/install/mine_service/bin'
[8.295s] Level 1:colcon.colcon_core.environment:checking '/home/hecate/code/24-visual-group-second-assessment-Chris/Question2-ROS2/miner_ws/install/mine_service/lib/pkgconfig/mine_service.pc'
[8.295s] Level 1:colcon.colcon_core.environment:checking '/home/hecate/code/24-visual-group-second-assessment-Chris/Question2-ROS2/miner_ws/install/mine_service/lib/python3.10/site-packages'
[8.295s] Level 1:colcon.colcon_core.environment:checking '/home/hecate/code/24-visual-group-second-assessment-Chris/Question2-ROS2/miner_ws/install/mine_service/bin'
[8.296s] INFO:colcon.colcon_core.shell:Creating package script '/home/hecate/code/24-visual-group-second-assessment-Chris/Question2-ROS2/miner_ws/install/mine_service/share/mine_service/package.ps1'
[8.297s] INFO:colcon.colcon_core.shell:Creating package descriptor '/home/hecate/code/24-visual-group-second-assessment-Chris/Question2-ROS2/miner_ws/install/mine_service/share/mine_service/package.dsv'
[8.297s] INFO:colcon.colcon_core.shell:Creating package script '/home/hecate/code/24-visual-group-second-assessment-Chris/Question2-ROS2/miner_ws/install/mine_service/share/mine_service/package.sh'
[8.297s] INFO:colcon.colcon_core.shell:Creating package script '/home/hecate/code/24-visual-group-second-assessment-Chris/Question2-ROS2/miner_ws/install/mine_service/share/mine_service/package.bash'
[8.298s] INFO:colcon.colcon_core.shell:Creating package script '/home/hecate/code/24-visual-group-second-assessment-Chris/Question2-ROS2/miner_ws/install/mine_service/share/mine_service/package.zsh'
[8.298s] Level 1:colcon.colcon_core.environment:create_file_with_runtime_dependencies(/home/hecate/code/24-visual-group-second-assessment-Chris/Question2-ROS2/miner_ws/install/mine_service/share/colcon-core/packages/mine_service)
[8.324s] Level 1:colcon.colcon_core.environment:create_environment_scripts_only(mine_service)
[8.325s] Level 1:colcon.colcon_core.environment:checking '/home/hecate/code/24-visual-group-second-assessment-Chris/Question2-ROS2/miner_ws/install/mine_service' for CMake module files
[8.326s] Level 1:colcon.colcon_core.environment:checking '/home/hecate/code/24-visual-group-second-assessment-Chris/Question2-ROS2/miner_ws/install/mine_service' for CMake config files
[8.327s] Level 1:colcon.colcon_core.shell:create_environment_hook('mine_service', 'cmake_prefix_path')
[8.328s] INFO:colcon.colcon_core.shell:Creating environment hook '/home/hecate/code/24-visual-group-second-assessment-Chris/Question2-ROS2/miner_ws/install/mine_service/share/mine_service/hook/cmake_prefix_path.ps1'
[8.328s] INFO:colcon.colcon_core.shell:Creating environment descriptor '/home/hecate/code/24-visual-group-second-assessment-Chris/Question2-ROS2/miner_ws/install/mine_service/share/mine_service/hook/cmake_prefix_path.dsv'
[8.329s] INFO:colcon.colcon_core.shell:Creating environment hook '/home/hecate/code/24-visual-group-second-assessment-Chris/Question2-ROS2/miner_ws/install/mine_service/share/mine_service/hook/cmake_prefix_path.sh'
[8.329s] Level 1:colcon.colcon_core.environment:checking '/home/hecate/code/24-visual-group-second-assessment-Chris/Question2-ROS2/miner_ws/install/mine_service/lib'
[8.329s] Level 1:colcon.colcon_core.shell:create_environment_hook('mine_service', 'ld_library_path_lib')
[8.330s] INFO:colcon.colcon_core.shell:Creating environment hook '/home/hecate/code/24-visual-group-second-assessment-Chris/Question2-ROS2/miner_ws/install/mine_service/share/mine_service/hook/ld_library_path_lib.ps1'
[8.330s] INFO:colcon.colcon_core.shell:Creating environment descriptor '/home/hecate/code/24-visual-group-second-assessment-Chris/Question2-ROS2/miner_ws/install/mine_service/share/mine_service/hook/ld_library_path_lib.dsv'
[8.331s] INFO:colcon.colcon_core.shell:Creating environment hook '/home/hecate/code/24-visual-group-second-assessment-Chris/Question2-ROS2/miner_ws/install/mine_service/share/mine_service/hook/ld_library_path_lib.sh'
[8.331s] Level 1:colcon.colcon_core.environment:checking '/home/hecate/code/24-visual-group-second-assessment-Chris/Question2-ROS2/miner_ws/install/mine_service/bin'
[8.331s] Level 1:colcon.colcon_core.environment:checking '/home/hecate/code/24-visual-group-second-assessment-Chris/Question2-ROS2/miner_ws/install/mine_service/lib/pkgconfig/mine_service.pc'
[8.331s] Level 1:colcon.colcon_core.environment:checking '/home/hecate/code/24-visual-group-second-assessment-Chris/Question2-ROS2/miner_ws/install/mine_service/lib/python3.10/site-packages'
[8.331s] Level 1:colcon.colcon_core.environment:checking '/home/hecate/code/24-visual-group-second-assessment-Chris/Question2-ROS2/miner_ws/install/mine_service/bin'
[8.333s] INFO:colcon.colcon_core.shell:Creating package script '/home/hecate/code/24-visual-group-second-assessment-Chris/Question2-ROS2/miner_ws/install/mine_service/share/mine_service/package.ps1'
[8.333s] INFO:colcon.colcon_core.shell:Creating package descriptor '/home/hecate/code/24-visual-group-second-assessment-Chris/Question2-ROS2/miner_ws/install/mine_service/share/mine_service/package.dsv'
[8.334s] INFO:colcon.colcon_core.shell:Creating package script '/home/hecate/code/24-visual-group-second-assessment-Chris/Question2-ROS2/miner_ws/install/mine_service/share/mine_service/package.sh'
[8.334s] INFO:colcon.colcon_core.shell:Creating package script '/home/hecate/code/24-visual-group-second-assessment-Chris/Question2-ROS2/miner_ws/install/mine_service/share/mine_service/package.bash'
[8.334s] INFO:colcon.colcon_core.shell:Creating package script '/home/hecate/code/24-visual-group-second-assessment-Chris/Question2-ROS2/miner_ws/install/mine_service/share/mine_service/package.zsh'
[8.334s] Level 1:colcon.colcon_core.environment:create_file_with_runtime_dependencies(/home/hecate/code/24-visual-group-second-assessment-Chris/Question2-ROS2/miner_ws/install/mine_service/share/colcon-core/packages/mine_service)
[8.335s] DEBUG:colcon.colcon_parallel_executor.executor.parallel:closing loop
[8.335s] DEBUG:colcon.colcon_parallel_executor.executor.parallel:loop closed
[8.335s] DEBUG:colcon.colcon_parallel_executor.executor.parallel:run_until_complete finished with '0'
[8.335s] DEBUG:colcon.colcon_core.event_reactor:joining thread
[8.339s] INFO:colcon.colcon_core.plugin_system:Skipping extension 'colcon_notification.desktop_notification.terminal_notifier': Not used on non-Darwin systems
[8.339s] INFO:colcon.colcon_core.plugin_system:Skipping extension 'colcon_notification.desktop_notification.win32': Not used on non-Windows systems
[8.339s] INFO:colcon.colcon_notification.desktop_notification:Sending desktop notification using 'notify2'
[8.351s] DEBUG:colcon.colcon_core.event_reactor:joined thread
[8.353s] INFO:colcon.colcon_core.shell:Creating prefix script '/home/hecate/code/24-visual-group-second-assessment-Chris/Question2-ROS2/miner_ws/install/local_setup.ps1'
[8.354s] INFO:colcon.colcon_core.shell:Creating prefix util module '/home/hecate/code/24-visual-group-second-assessment-Chris/Question2-ROS2/miner_ws/install/_local_setup_util_ps1.py'
[8.355s] INFO:colcon.colcon_core.shell:Creating prefix chain script '/home/hecate/code/24-visual-group-second-assessment-Chris/Question2-ROS2/miner_ws/install/setup.ps1'
[8.356s] INFO:colcon.colcon_core.shell:Creating prefix script '/home/hecate/code/24-visual-group-second-assessment-Chris/Question2-ROS2/miner_ws/install/local_setup.sh'
[8.356s] INFO:colcon.colcon_core.shell:Creating prefix util module '/home/hecate/code/24-visual-group-second-assessment-Chris/Question2-ROS2/miner_ws/install/_local_setup_util_sh.py'
[8.357s] INFO:colcon.colcon_core.shell:Creating prefix chain script '/home/hecate/code/24-visual-group-second-assessment-Chris/Question2-ROS2/miner_ws/install/setup.sh'
[8.358s] INFO:colcon.colcon_core.shell:Creating prefix script '/home/hecate/code/24-visual-group-second-assessment-Chris/Question2-ROS2/miner_ws/install/local_setup.bash'
[8.358s] INFO:colcon.colcon_core.shell:Creating prefix chain script '/home/hecate/code/24-visual-group-second-assessment-Chris/Question2-ROS2/miner_ws/install/setup.bash'
[8.359s] INFO:colcon.colcon_core.shell:Creating prefix script '/home/hecate/code/24-visual-group-second-assessment-Chris/Question2-ROS2/miner_ws/install/local_setup.zsh'
[8.360s] INFO:colcon.colcon_core.shell:Creating prefix chain script '/home/hecate/code/24-visual-group-second-assessment-Chris/Question2-ROS2/miner_ws/install/setup.zsh'
