[0.024s] Invoking command in '/home/hecate/code/24-visual-group-second-assessment-Chris/Question3-tf2/3-ROS-urdf-src/build/hero_description': CMAKE_PREFIX_PATH=${CMAKE_PREFIX_PATH}:/opt/ros/humble /usr/bin/cmake /home/hecate/code/24-visual-group-second-assessment-Chris/Question3-tf2/3-ROS-urdf-src/src/hero_description -DAMENT_CMAKE_SYMLINK_INSTALL=1 -DCMAKE_INSTALL_PREFIX=/home/hecate/code/24-visual-group-second-assessment-Chris/Question3-tf2/3-ROS-urdf-src/install/hero_description
[0.073s] -- The C compiler identification is GNU 11.4.0
[0.134s] -- The CXX compiler identification is GNU 11.4.0
[0.142s] -- Detecting C compiler ABI info
[0.209s] -- Detecting C compiler ABI info - done
[0.221s] -- Check for working C compiler: /usr/bin/cc - skipped
[0.221s] -- Detecting C compile features
[0.222s] -- Detecting C compile features - done
[0.227s] -- Detecting CXX compiler ABI info
[0.327s] -- Detecting CXX compiler ABI info - done
[0.340s] -- Check for working CXX compiler: /usr/bin/c++ - skipped
[0.341s] -- Detecting CXX compile features
[0.341s] -- Detecting CXX compile features - done
[0.344s] -- Found ament_cmake: 1.3.5 (/opt/ros/humble/share/ament_cmake/cmake)
[0.564s] -- Found Python3: /usr/bin/python3.10 (found version "3.10.12") found components: Interpreter 
[0.655s] -- Override CMake install command with custom implementation using symlinks instead of copying resources
[0.686s] -- Found ament_lint_auto: 0.12.6 (/opt/ros/humble/share/ament_lint_auto/cmake)
[0.780s] -- Added test 'copyright' to check source files copyright and LICENSE
[0.782s] -- Added test 'flake8' to check Python code syntax and style conventions
[0.783s] -- Added test 'lint_cmake' to check CMake code style
[0.783s] -- Added test 'pep257' to check Python code against some of the docstring style conventions in PEP 257
[0.785s] -- Added test 'xmllint' to check XML markup files
[0.786s] -- Configuring done
[0.788s] -- Generating done
[0.789s] -- Build files have been written to: /home/hecate/code/24-visual-group-second-assessment-Chris/Question3-tf2/3-ROS-urdf-src/build/hero_description
[0.794s] Invoked command in '/home/hecate/code/24-visual-group-second-assessment-Chris/Question3-tf2/3-ROS-urdf-src/build/hero_description' returned '0': CMAKE_PREFIX_PATH=${CMAKE_PREFIX_PATH}:/opt/ros/humble /usr/bin/cmake /home/hecate/code/24-visual-group-second-assessment-Chris/Question3-tf2/3-ROS-urdf-src/src/hero_description -DAMENT_CMAKE_SYMLINK_INSTALL=1 -DCMAKE_INSTALL_PREFIX=/home/hecate/code/24-visual-group-second-assessment-Chris/Question3-tf2/3-ROS-urdf-src/install/hero_description
[0.796s] Invoking command in '/home/hecate/code/24-visual-group-second-assessment-Chris/Question3-tf2/3-ROS-urdf-src/build/hero_description': CMAKE_PREFIX_PATH=${CMAKE_PREFIX_PATH}:/opt/ros/humble /usr/bin/cmake --build /home/hecate/code/24-visual-group-second-assessment-Chris/Question3-tf2/3-ROS-urdf-src/build/hero_description -- -j8 -l8
[0.837s] Invoked command in '/home/hecate/code/24-visual-group-second-assessment-Chris/Question3-tf2/3-ROS-urdf-src/build/hero_description' returned '0': CMAKE_PREFIX_PATH=${CMAKE_PREFIX_PATH}:/opt/ros/humble /usr/bin/cmake --build /home/hecate/code/24-visual-group-second-assessment-Chris/Question3-tf2/3-ROS-urdf-src/build/hero_description -- -j8 -l8
[0.874s] Invoking command in '/home/hecate/code/24-visual-group-second-assessment-Chris/Question3-tf2/3-ROS-urdf-src/build/hero_description': CMAKE_PREFIX_PATH=${CMAKE_PREFIX_PATH}:/opt/ros/humble /usr/bin/cmake --install /home/hecate/code/24-visual-group-second-assessment-Chris/Question3-tf2/3-ROS-urdf-src/build/hero_description
[0.881s] -- Install configuration: ""
[0.882s] -- Execute custom install script
[0.882s] -- Symlinking: /home/hecate/code/24-visual-group-second-assessment-Chris/Question3-tf2/3-ROS-urdf-src/install/hero_description/share/hero_description/launch/__pycache__/view_model.launch.cpython-38.pyc
[0.891s] -- Symlinking: /home/hecate/code/24-visual-group-second-assessment-Chris/Question3-tf2/3-ROS-urdf-src/install/hero_description/share/hero_description/launch/view_model.launch.py
[0.898s] -- Symlinking: /home/hecate/code/24-visual-group-second-assessment-Chris/Question3-tf2/3-ROS-urdf-src/install/hero_description/share/hero_description/launch/view_model.rviz
[0.906s] -- Symlinking: /home/hecate/code/24-visual-group-second-assessment-Chris/Question3-tf2/3-ROS-urdf-src/install/hero_description/share/hero_description/meshes/base_link.STL
[0.914s] -- Symlinking: /home/hecate/code/24-visual-group-second-assessment-Chris/Question3-tf2/3-ROS-urdf-src/install/hero_description/share/hero_description/meshes/camera_link.STL
[0.927s] -- Symlinking: /home/hecate/code/24-visual-group-second-assessment-Chris/Question3-tf2/3-ROS-urdf-src/install/hero_description/share/hero_description/meshes/camera_optical_link.STL
[0.938s] -- Symlinking: /home/hecate/code/24-visual-group-second-assessment-Chris/Question3-tf2/3-ROS-urdf-src/install/hero_description/share/hero_description/meshes/imu_link.STL
[0.949s] -- Symlinking: /home/hecate/code/24-visual-group-second-assessment-Chris/Question3-tf2/3-ROS-urdf-src/install/hero_description/share/hero_description/meshes/odom_link.STL
[0.959s] -- Symlinking: /home/hecate/code/24-visual-group-second-assessment-Chris/Question3-tf2/3-ROS-urdf-src/install/hero_description/share/hero_description/meshes/pitch_link.STL
[0.972s] -- Symlinking: /home/hecate/code/24-visual-group-second-assessment-Chris/Question3-tf2/3-ROS-urdf-src/install/hero_description/share/hero_description/meshes/yaw_link.STL
[0.983s] -- Symlinking: /home/hecate/code/24-visual-group-second-assessment-Chris/Question3-tf2/3-ROS-urdf-src/install/hero_description/share/hero_description/urdf/hero_description.urdf
[0.992s] -- Symlinking: /home/hecate/code/24-visual-group-second-assessment-Chris/Question3-tf2/3-ROS-urdf-src/install/hero_description/share/ament_index/resource_index/package_run_dependencies/hero_description
[1.000s] -- Symlinking: /home/hecate/code/24-visual-group-second-assessment-Chris/Question3-tf2/3-ROS-urdf-src/install/hero_description/share/ament_index/resource_index/parent_prefix_path/hero_description
[1.018s] -- Symlinking: /home/hecate/code/24-visual-group-second-assessment-Chris/Question3-tf2/3-ROS-urdf-src/install/hero_description/share/hero_description/environment/ament_prefix_path.sh
[1.034s] -- Symlinking: /home/hecate/code/24-visual-group-second-assessment-Chris/Question3-tf2/3-ROS-urdf-src/install/hero_description/share/hero_description/environment/ament_prefix_path.dsv
[1.045s] -- Symlinking: /home/hecate/code/24-visual-group-second-assessment-Chris/Question3-tf2/3-ROS-urdf-src/install/hero_description/share/hero_description/environment/path.sh
[1.055s] -- Symlinking: /home/hecate/code/24-visual-group-second-assessment-Chris/Question3-tf2/3-ROS-urdf-src/install/hero_description/share/hero_description/environment/path.dsv
[1.070s] -- Symlinking: /home/hecate/code/24-visual-group-second-assessment-Chris/Question3-tf2/3-ROS-urdf-src/install/hero_description/share/hero_description/local_setup.bash
[1.083s] -- Symlinking: /home/hecate/code/24-visual-group-second-assessment-Chris/Question3-tf2/3-ROS-urdf-src/install/hero_description/share/hero_description/local_setup.sh
[1.091s] -- Symlinking: /home/hecate/code/24-visual-group-second-assessment-Chris/Question3-tf2/3-ROS-urdf-src/install/hero_description/share/hero_description/local_setup.zsh
[1.101s] -- Symlinking: /home/hecate/code/24-visual-group-second-assessment-Chris/Question3-tf2/3-ROS-urdf-src/install/hero_description/share/hero_description/local_setup.dsv
[1.112s] -- Symlinking: /home/hecate/code/24-visual-group-second-assessment-Chris/Question3-tf2/3-ROS-urdf-src/install/hero_description/share/hero_description/package.dsv
[1.120s] -- Symlinking: /home/hecate/code/24-visual-group-second-assessment-Chris/Question3-tf2/3-ROS-urdf-src/install/hero_description/share/ament_index/resource_index/packages/hero_description
[1.135s] -- Symlinking: /home/hecate/code/24-visual-group-second-assessment-Chris/Question3-tf2/3-ROS-urdf-src/install/hero_description/share/hero_description/cmake/hero_descriptionConfig.cmake
[1.144s] -- Symlinking: /home/hecate/code/24-visual-group-second-assessment-Chris/Question3-tf2/3-ROS-urdf-src/install/hero_description/share/hero_description/cmake/hero_descriptionConfig-version.cmake
[1.153s] -- Symlinking: /home/hecate/code/24-visual-group-second-assessment-Chris/Question3-tf2/3-ROS-urdf-src/install/hero_description/share/hero_description/package.xml
[1.164s] Invoked command in '/home/hecate/code/24-visual-group-second-assessment-Chris/Question3-tf2/3-ROS-urdf-src/build/hero_description' returned '0': CMAKE_PREFIX_PATH=${CMAKE_PREFIX_PATH}:/opt/ros/humble /usr/bin/cmake --install /home/hecate/code/24-visual-group-second-assessment-Chris/Question3-tf2/3-ROS-urdf-src/build/hero_description
