[0.035s] Invoking command in '/home/hecate/code/24-visual-group-second-assessment-Chris/Question2-ROS2/miner_ws/build/miner_client': CMAKE_PREFIX_PATH=/home/hecate/code/24-visual-group-second-assessment-Chris/Question2-ROS2/miner_ws/install/miner_interfaces:/home/hecate/code/24-visual-group-second-assessment-Chris/Question2-ROS2/miner_ws/install/miner_client:/home/hecate/code/24-visual-group-second-assessment-Chris/Question2-ROS2/miner_ws/install/mine_service:/home/hecate/code/24-visual-group-second-assessment-Chris/Question2-ROS2/miner_ws/install/mine_publisher:/opt/ros/humble LD_LIBRARY_PATH=/home/hecate/code/24-visual-group-second-assessment-Chris/Question2-ROS2/miner_ws/install/miner_interfaces/lib:/home/hecate/code/24-visual-group-second-assessment-Chris/Question2-ROS2/miner_ws/install/miner_client/lib:/home/hecate/code/24-visual-group-second-assessment-Chris/Question2-ROS2/miner_ws/install/mine_service/lib:/home/hecate/code/24-visual-group-second-assessment-Chris/Question2-ROS2/miner_ws/install/mine_publisher/lib:/opt/ros/humble/opt/rviz_ogre_vendor/lib:/opt/ros/humble/lib/x86_64-linux-gnu:/opt/ros/humble/lib /usr/bin/cmake --build /home/hecate/code/24-visual-group-second-assessment-Chris/Question2-ROS2/miner_ws/build/miner_client -- -j8 -l8
[0.116s] [35m[1mConsolidate compiler generated dependencies of target miner_client[0m
[0.151s] [ 25%] [32mBuilding CXX object CMakeFiles/miner_client.dir/src/miner_client_node.cpp.o[0m
[12.201s] [ 50%] [32m[1mLinking CXX shared library libminer_client.so[0m
[12.882s] [ 50%] Built target miner_client
[12.918s] [100%] Built target miner_client_node
[12.948s] Invoked command in '/home/hecate/code/24-visual-group-second-assessment-Chris/Question2-ROS2/miner_ws/build/miner_client' returned '0': CMAKE_PREFIX_PATH=/home/hecate/code/24-visual-group-second-assessment-Chris/Question2-ROS2/miner_ws/install/miner_interfaces:/home/hecate/code/24-visual-group-second-assessment-Chris/Question2-ROS2/miner_ws/install/miner_client:/home/hecate/code/24-visual-group-second-assessment-Chris/Question2-ROS2/miner_ws/install/mine_service:/home/hecate/code/24-visual-group-second-assessment-Chris/Question2-ROS2/miner_ws/install/mine_publisher:/opt/ros/humble LD_LIBRARY_PATH=/home/hecate/code/24-visual-group-second-assessment-Chris/Question2-ROS2/miner_ws/install/miner_interfaces/lib:/home/hecate/code/24-visual-group-second-assessment-Chris/Question2-ROS2/miner_ws/install/miner_client/lib:/home/hecate/code/24-visual-group-second-assessment-Chris/Question2-ROS2/miner_ws/install/mine_service/lib:/home/hecate/code/24-visual-group-second-assessment-Chris/Question2-ROS2/miner_ws/install/mine_publisher/lib:/opt/ros/humble/opt/rviz_ogre_vendor/lib:/opt/ros/humble/lib/x86_64-linux-gnu:/opt/ros/humble/lib /usr/bin/cmake --build /home/hecate/code/24-visual-group-second-assessment-Chris/Question2-ROS2/miner_ws/build/miner_client -- -j8 -l8
[12.982s] Invoking command in '/home/hecate/code/24-visual-group-second-assessment-Chris/Question2-ROS2/miner_ws/build/miner_client': CMAKE_PREFIX_PATH=/home/hecate/code/24-visual-group-second-assessment-Chris/Question2-ROS2/miner_ws/install/miner_interfaces:/home/hecate/code/24-visual-group-second-assessment-Chris/Question2-ROS2/miner_ws/install/miner_client:/home/hecate/code/24-visual-group-second-assessment-Chris/Question2-ROS2/miner_ws/install/mine_service:/home/hecate/code/24-visual-group-second-assessment-Chris/Question2-ROS2/miner_ws/install/mine_publisher:/opt/ros/humble LD_LIBRARY_PATH=/home/hecate/code/24-visual-group-second-assessment-Chris/Question2-ROS2/miner_ws/install/miner_interfaces/lib:/home/hecate/code/24-visual-group-second-assessment-Chris/Question2-ROS2/miner_ws/install/miner_client/lib:/home/hecate/code/24-visual-group-second-assessment-Chris/Question2-ROS2/miner_ws/install/mine_service/lib:/home/hecate/code/24-visual-group-second-assessment-Chris/Question2-ROS2/miner_ws/install/mine_publisher/lib:/opt/ros/humble/opt/rviz_ogre_vendor/lib:/opt/ros/humble/lib/x86_64-linux-gnu:/opt/ros/humble/lib /usr/bin/cmake --install /home/hecate/code/24-visual-group-second-assessment-Chris/Question2-ROS2/miner_ws/build/miner_client
[12.991s] -- Install configuration: ""
[12.992s] -- Execute custom install script
[12.993s] -- Up-to-date symlink: /home/hecate/code/24-visual-group-second-assessment-Chris/Question2-ROS2/miner_ws/install/miner_client/lib/miner_client/miner_client_node
[12.993s] -- Up-to-date symlink: /home/hecate/code/24-visual-group-second-assessment-Chris/Question2-ROS2/miner_ws/install/miner_client/include/miner_client/miner_client_node.hpp
[12.994s] -- Up-to-date symlink: /home/hecate/code/24-visual-group-second-assessment-Chris/Question2-ROS2/miner_ws/install/miner_client/share/miner_client/launch/miner_client.launch.py
[12.994s] -- Up-to-date symlink: /home/hecate/code/24-visual-group-second-assessment-Chris/Question2-ROS2/miner_ws/install/miner_client/share/ament_index/resource_index/package_run_dependencies/miner_client
[12.994s] -- Up-to-date symlink: /home/hecate/code/24-visual-group-second-assessment-Chris/Question2-ROS2/miner_ws/install/miner_client/share/ament_index/resource_index/parent_prefix_path/miner_client
[12.995s] -- Up-to-date symlink: /home/hecate/code/24-visual-group-second-assessment-Chris/Question2-ROS2/miner_ws/install/miner_client/share/miner_client/environment/ament_prefix_path.sh
[12.995s] -- Up-to-date symlink: /home/hecate/code/24-visual-group-second-assessment-Chris/Question2-ROS2/miner_ws/install/miner_client/share/miner_client/environment/ament_prefix_path.dsv
[12.995s] -- Up-to-date symlink: /home/hecate/code/24-visual-group-second-assessment-Chris/Question2-ROS2/miner_ws/install/miner_client/share/miner_client/environment/path.sh
[12.995s] -- Up-to-date symlink: /home/hecate/code/24-visual-group-second-assessment-Chris/Question2-ROS2/miner_ws/install/miner_client/share/miner_client/environment/path.dsv
[12.995s] -- Up-to-date symlink: /home/hecate/code/24-visual-group-second-assessment-Chris/Question2-ROS2/miner_ws/install/miner_client/share/miner_client/local_setup.bash
[12.996s] -- Up-to-date symlink: /home/hecate/code/24-visual-group-second-assessment-Chris/Question2-ROS2/miner_ws/install/miner_client/share/miner_client/local_setup.sh
[12.996s] -- Up-to-date symlink: /home/hecate/code/24-visual-group-second-assessment-Chris/Question2-ROS2/miner_ws/install/miner_client/share/miner_client/local_setup.zsh
[12.996s] -- Up-to-date symlink: /home/hecate/code/24-visual-group-second-assessment-Chris/Question2-ROS2/miner_ws/install/miner_client/share/miner_client/local_setup.dsv
[12.996s] -- Symlinking: /home/hecate/code/24-visual-group-second-assessment-Chris/Question2-ROS2/miner_ws/install/miner_client/share/miner_client/package.dsv
[13.008s] -- Up-to-date symlink: /home/hecate/code/24-visual-group-second-assessment-Chris/Question2-ROS2/miner_ws/install/miner_client/share/ament_index/resource_index/packages/miner_client
[13.009s] -- Up-to-date symlink: /home/hecate/code/24-visual-group-second-assessment-Chris/Question2-ROS2/miner_ws/install/miner_client/share/ament_index/resource_index/rclcpp_components/miner_client
[13.009s] -- Up-to-date symlink: /home/hecate/code/24-visual-group-second-assessment-Chris/Question2-ROS2/miner_ws/install/miner_client/share/miner_client/cmake/ament_cmake_export_targets-extras.cmake
[13.009s] -- Up-to-date symlink: /home/hecate/code/24-visual-group-second-assessment-Chris/Question2-ROS2/miner_ws/install/miner_client/share/miner_client/cmake/ament_cmake_export_dependencies-extras.cmake
[13.010s] -- Up-to-date symlink: /home/hecate/code/24-visual-group-second-assessment-Chris/Question2-ROS2/miner_ws/install/miner_client/share/miner_client/cmake/miner_clientConfig.cmake
[13.010s] -- Up-to-date symlink: /home/hecate/code/24-visual-group-second-assessment-Chris/Question2-ROS2/miner_ws/install/miner_client/share/miner_client/cmake/miner_clientConfig-version.cmake
[13.010s] -- Up-to-date symlink: /home/hecate/code/24-visual-group-second-assessment-Chris/Question2-ROS2/miner_ws/install/miner_client/share/miner_client/package.xml
[13.011s] -- Installing: /home/hecate/code/24-visual-group-second-assessment-Chris/Question2-ROS2/miner_ws/install/miner_client/lib/libminer_client.so
[13.026s] -- Set runtime path of "/home/hecate/code/24-visual-group-second-assessment-Chris/Question2-ROS2/miner_ws/install/miner_client/lib/libminer_client.so" to ""
[13.026s] -- Up-to-date: /home/hecate/code/24-visual-group-second-assessment-Chris/Question2-ROS2/miner_ws/install/miner_client/share/miner_client/cmake/export_miner_clientExport.cmake
[13.026s] -- Up-to-date: /home/hecate/code/24-visual-group-second-assessment-Chris/Question2-ROS2/miner_ws/install/miner_client/share/miner_client/cmake/export_miner_clientExport-noconfig.cmake
[13.033s] Invoked command in '/home/hecate/code/24-visual-group-second-assessment-Chris/Question2-ROS2/miner_ws/build/miner_client' returned '0': CMAKE_PREFIX_PATH=/home/hecate/code/24-visual-group-second-assessment-Chris/Question2-ROS2/miner_ws/install/miner_interfaces:/home/hecate/code/24-visual-group-second-assessment-Chris/Question2-ROS2/miner_ws/install/miner_client:/home/hecate/code/24-visual-group-second-assessment-Chris/Question2-ROS2/miner_ws/install/mine_service:/home/hecate/code/24-visual-group-second-assessment-Chris/Question2-ROS2/miner_ws/install/mine_publisher:/opt/ros/humble LD_LIBRARY_PATH=/home/hecate/code/24-visual-group-second-assessment-Chris/Question2-ROS2/miner_ws/install/miner_interfaces/lib:/home/hecate/code/24-visual-group-second-assessment-Chris/Question2-ROS2/miner_ws/install/miner_client/lib:/home/hecate/code/24-visual-group-second-assessment-Chris/Question2-ROS2/miner_ws/install/mine_service/lib:/home/hecate/code/24-visual-group-second-assessment-Chris/Question2-ROS2/miner_ws/install/mine_publisher/lib:/opt/ros/humble/opt/rviz_ogre_vendor/lib:/opt/ros/humble/lib/x86_64-linux-gnu:/opt/ros/humble/lib /usr/bin/cmake --install /home/hecate/code/24-visual-group-second-assessment-Chris/Question2-ROS2/miner_ws/build/miner_client
