[0.010s] Invoking command in '/home/hecate/code/24-visual-group-second-assessment-Chris/Question2-ROS2/miner_ws/build/miner_interfaces': CMAKE_PREFIX_PATH=/opt/ros/humble /usr/bin/cmake /home/hecate/code/24-visual-group-second-assessment-Chris/Question2-ROS2/miner_ws/src/miner_interfaces -DAMENT_CMAKE_SYMLINK_INSTALL=1 -DCMAKE_INSTALL_PREFIX=/home/hecate/code/24-visual-group-second-assessment-Chris/Question2-ROS2/miner_ws/install/miner_interfaces
[0.061s] -- The C compiler identification is GNU 11.4.0
[0.111s] -- The CXX compiler identification is GNU 11.4.0
[0.118s] -- Detecting C compiler ABI info
[0.174s] -- Detecting C compiler ABI info - done
[0.180s] -- Check for working C compiler: /usr/bin/cc - skipped
[0.180s] -- Detecting C compile features
[0.180s] -- Detecting C compile features - done
[0.184s] -- Detecting CXX compiler ABI info
[0.255s] -- Detecting CXX compiler ABI info - done
[0.261s] -- Check for working CXX compiler: /usr/bin/c++ - skipped
[0.261s] -- Detecting CXX compile features
[0.262s] -- Detecting CXX compile features - done
[0.263s] -- Found ament_cmake: 1.3.5 (/opt/ros/humble/share/ament_cmake/cmake)
[0.411s] -- Found Python3: /usr/bin/python3.10 (found version "3.10.12") found components: Interpreter 
[0.477s] -- Override CMake install command with custom implementation using symlinks instead of copying resources
[0.497s] -- Found geometry_msgs: 4.2.3 (/opt/ros/humble/share/geometry_msgs/cmake)
[0.527s] -- Found rosidl_generator_c: 3.1.4 (/opt/ros/humble/share/rosidl_generator_c/cmake)
[0.537s] -- Found rosidl_adapter: 3.1.4 (/opt/ros/humble/share/rosidl_adapter/cmake)
[0.542s] -- Found rosidl_generator_cpp: 3.1.4 (/opt/ros/humble/share/rosidl_generator_cpp/cmake)
[0.554s] -- Using all available rosidl_typesupport_c: rosidl_typesupport_fastrtps_c;rosidl_typesupport_introspection_c
[0.568s] -- Using all available rosidl_typesupport_cpp: rosidl_typesupport_fastrtps_cpp;rosidl_typesupport_introspection_cpp
[0.659s] -- Found rosidl_default_generators: 1.2.0 (/opt/ros/humble/share/rosidl_default_generators/cmake)
[0.664s] -- Found ament_lint_auto: 0.12.6 (/opt/ros/humble/share/ament_lint_auto/cmake)
[0.917s] -- Found ament_cmake_ros: 0.10.0 (/opt/ros/humble/share/ament_cmake_ros/cmake)
[1.263s] -- Using all available rosidl_typesupport_c: rosidl_typesupport_fastrtps_c;rosidl_typesupport_introspection_c
[1.392s] -- Using all available rosidl_typesupport_cpp: rosidl_typesupport_fastrtps_cpp;rosidl_typesupport_introspection_cpp
[1.414s] -- Found PythonInterp: /usr/bin/python3 (found suitable version "3.10.12", minimum required is "3.6") 
[1.415s] -- Found python_cmake_module: 0.10.0 (/opt/ros/humble/share/python_cmake_module/cmake)
[1.437s] -- Found PythonLibs: /usr/lib/x86_64-linux-gnu/libpython3.10.so (found suitable version "3.10.12", minimum required is "3.5") 
[1.437s] -- Using PYTHON_EXECUTABLE: /usr/bin/python3
[1.437s] -- Using PYTHON_INCLUDE_DIRS: /usr/include/python3.10
[1.437s] -- Using PYTHON_LIBRARIES: /usr/lib/x86_64-linux-gnu/libpython3.10.so
[1.454s] -- Found PythonExtra: .so  
[1.502s] -- Added test 'lint_cmake' to check CMake code style
[1.503s] -- Added test 'xmllint' to check XML markup files
[1.507s] -- Configuring done
[1.535s] -- Generating done
[1.537s] -- Build files have been written to: /home/hecate/code/24-visual-group-second-assessment-Chris/Question2-ROS2/miner_ws/build/miner_interfaces
[1.547s] Invoked command in '/home/hecate/code/24-visual-group-second-assessment-Chris/Question2-ROS2/miner_ws/build/miner_interfaces' returned '0': CMAKE_PREFIX_PATH=/opt/ros/humble /usr/bin/cmake /home/hecate/code/24-visual-group-second-assessment-Chris/Question2-ROS2/miner_ws/src/miner_interfaces -DAMENT_CMAKE_SYMLINK_INSTALL=1 -DCMAKE_INSTALL_PREFIX=/home/hecate/code/24-visual-group-second-assessment-Chris/Question2-ROS2/miner_ws/install/miner_interfaces
[1.547s] Invoking command in '/home/hecate/code/24-visual-group-second-assessment-Chris/Question2-ROS2/miner_ws/build/miner_interfaces': CMAKE_PREFIX_PATH=/opt/ros/humble /usr/bin/cmake --build /home/hecate/code/24-visual-group-second-assessment-Chris/Question2-ROS2/miner_ws/build/miner_interfaces -- -j8 -l8
[1.582s] [  2%] [34m[1mGenerating C code for ROS interfaces[0m
[1.590s] [  5%] [34m[1mGenerating C++ code for ROS interfaces[0m
[1.602s] [  5%] Built target ament_cmake_python_symlink_miner_interfaces
[1.842s] running egg_info
[1.843s] creating miner_interfaces.egg-info
[1.844s] writing miner_interfaces.egg-info/PKG-INFO
[1.844s] writing dependency_links to miner_interfaces.egg-info/dependency_links.txt
[1.844s] writing top-level names to miner_interfaces.egg-info/top_level.txt
[1.844s] writing manifest file 'miner_interfaces.egg-info/SOURCES.txt'
[1.846s] reading manifest file 'miner_interfaces.egg-info/SOURCES.txt'
[1.846s] writing manifest file 'miner_interfaces.egg-info/SOURCES.txt'
[1.880s] [  5%] Built target ament_cmake_python_build_miner_interfaces_egg
[1.921s] [  5%] Built target miner_interfaces__cpp
[1.922s] [  7%] [32mBuilding C object CMakeFiles/miner_interfaces__rosidl_generator_c.dir/rosidl_generator_c/miner_interfaces/msg/detail/ore__functions.c.o[0m
[1.923s] [ 10%] [32mBuilding C object CMakeFiles/miner_interfaces__rosidl_generator_c.dir/rosidl_generator_c/miner_interfaces/msg/detail/ores__functions.c.o[0m
[1.934s] [ 15%] [34m[1mGenerating C++ introspection for ROS interfaces[0m
[1.935s] [ 15%] [34m[1mGenerating C++ type support for eProsima Fast-RTPS[0m
[1.935s] [ 17%] [34m[1mGenerating C++ type support dispatch for ROS interfaces[0m
[1.943s] In file included from [01m[K/home/hecate/code/24-visual-group-second-assessment-Chris/Question2-ROS2/miner_ws/build/miner_interfaces/rosidl_generator_c/miner_interfaces/msg/detail/ores__functions.h:19[m[K,
[1.943s]                  from [01m[K/home/hecate/code/24-visual-group-second-assessment-Chris/Question2-ROS2/miner_ws/build/miner_interfaces/rosidl_generator_c/miner_interfaces/msg/detail/ores__functions.c:4[m[K:
[1.943s] [01m[K/home/hecate/code/24-visual-group-second-assessment-Chris/Question2-ROS2/miner_ws/build/miner_interfaces/rosidl_generator_c/miner_interfaces/msg/detail/ores__struct.h:24:10:[m[K [01;31m[Kfatal error: [m[Kminer_interfaces/msg/detail/mine__struct.h: No such file or directory
[1.943s]    24 | #include [01;31m[K"miner_interfaces/msg/detail/mine__struct.h"[m[K
[1.943s]       |          [01;31m[K^~~~~~~~~~~~~~~~~~~~~~~~~~~~~~~~~~~~~~~~~~~~[m[K
[1.944s] compilation terminated.
[1.944s] gmake[2]: *** [CMakeFiles/miner_interfaces__rosidl_generator_c.dir/build.make:196: CMakeFiles/miner_interfaces__rosidl_generator_c.dir/rosidl_generator_c/miner_interfaces/msg/detail/ores__functions.c.o] Error 1
[1.944s] gmake[2]: *** Waiting for unfinished jobs....
[1.971s] gmake[1]: *** [CMakeFiles/Makefile2:213: CMakeFiles/miner_interfaces__rosidl_generator_c.dir/all] Error 2
[1.971s] gmake[1]: *** Waiting for unfinished jobs....
[2.175s] [ 23%] [32mBuilding CXX object CMakeFiles/miner_interfaces__rosidl_typesupport_cpp.dir/rosidl_typesupport_cpp/miner_interfaces/msg/ores__type_support.cpp.o[0m
[2.175s] [ 23%] [32mBuilding CXX object CMakeFiles/miner_interfaces__rosidl_typesupport_cpp.dir/rosidl_typesupport_cpp/miner_interfaces/msg/ore__type_support.cpp.o[0m
[2.247s] In file included from [01m[K/home/hecate/code/24-visual-group-second-assessment-Chris/Question2-ROS2/miner_ws/build/miner_interfaces/rosidl_typesupport_cpp/miner_interfaces/msg/ores__type_support.cpp:7[m[K:
[2.247s] [01m[K/home/hecate/code/24-visual-group-second-assessment-Chris/Question2-ROS2/miner_ws/build/miner_interfaces/rosidl_generator_cpp/miner_interfaces/msg/detail/ores__struct.hpp:22:10:[m[K [01;31m[Kfatal error: [m[Kminer_interfaces/msg/detail/mine__struct.hpp: No such file or directory
[2.247s]    22 | #include [01;31m[K"miner_interfaces/msg/detail/mine__struct.hpp"[m[K
[2.247s]       |          [01;31m[K^~~~~~~~~~~~~~~~~~~~~~~~~~~~~~~~~~~~~~~~~~~~~~[m[K
[2.247s] compilation terminated.
[2.260s] [ 25%] [32mBuilding CXX object CMakeFiles/miner_interfaces__rosidl_typesupport_introspection_cpp.dir/rosidl_typesupport_introspection_cpp/miner_interfaces/msg/detail/ores__type_support.cpp.o[0m
[2.260s] gmake[2]: *** [CMakeFiles/miner_interfaces__rosidl_typesupport_cpp.dir/build.make:165: CMakeFiles/miner_interfaces__rosidl_typesupport_cpp.dir/rosidl_typesupport_cpp/miner_interfaces/msg/ores__type_support.cpp.o] Error 1
[2.260s] gmake[2]: *** Waiting for unfinished jobs....
[2.262s] [ 28%] [32mBuilding CXX object CMakeFiles/miner_interfaces__rosidl_typesupport_introspection_cpp.dir/rosidl_typesupport_introspection_cpp/miner_interfaces/msg/detail/ore__type_support.cpp.o[0m
[2.271s] [ 33%] [32mBuilding CXX object CMakeFiles/miner_interfaces__rosidl_typesupport_fastrtps_cpp.dir/rosidl_typesupport_fastrtps_cpp/miner_interfaces/msg/detail/dds_fastrtps/ore__type_support.cpp.o[0m
[2.271s] [ 33%] [32mBuilding CXX object CMakeFiles/miner_interfaces__rosidl_typesupport_fastrtps_cpp.dir/rosidl_typesupport_fastrtps_cpp/miner_interfaces/msg/detail/dds_fastrtps/ores__type_support.cpp.o[0m
[2.355s] In file included from [01m[K/home/hecate/code/24-visual-group-second-assessment-Chris/Question2-ROS2/miner_ws/build/miner_interfaces/rosidl_typesupport_introspection_cpp/miner_interfaces/msg/detail/ores__type_support.cpp:12[m[K:
[2.355s] [01m[K/home/hecate/code/24-visual-group-second-assessment-Chris/Question2-ROS2/miner_ws/build/miner_interfaces/rosidl_generator_cpp/miner_interfaces/msg/detail/ores__struct.hpp:22:10:[m[K [01;31m[Kfatal error: [m[Kminer_interfaces/msg/detail/mine__struct.hpp: No such file or directory
[2.355s]    22 | #include [01;31m[K"miner_interfaces/msg/detail/mine__struct.hpp"[m[K
[2.355s]       |          [01;31m[K^~~~~~~~~~~~~~~~~~~~~~~~~~~~~~~~~~~~~~~~~~~~~~[m[K
[2.355s] compilation terminated.
[2.356s] In file included from [01m[K/home/hecate/code/24-visual-group-second-assessment-Chris/Question2-ROS2/miner_ws/build/miner_interfaces/rosidl_typesupport_fastrtps_cpp/miner_interfaces/msg/detail/ores__rosidl_typesupport_fastrtps_cpp.hpp:11[m[K,
[2.356s]                  from [01m[K/home/hecate/code/24-visual-group-second-assessment-Chris/Question2-ROS2/miner_ws/build/miner_interfaces/rosidl_typesupport_fastrtps_cpp/miner_interfaces/msg/detail/dds_fastrtps/ores__type_support.cpp:4[m[K:
[2.356s] [01m[K/home/hecate/code/24-visual-group-second-assessment-Chris/Question2-ROS2/miner_ws/build/miner_interfaces/rosidl_generator_cpp/miner_interfaces/msg/detail/ores__struct.hpp:22:10:[m[K [01;31m[Kfatal error: [m[Kminer_interfaces/msg/detail/mine__struct.hpp: No such file or directory
[2.356s]    22 | #include [01;31m[K"miner_interfaces/msg/detail/mine__struct.hpp"[m[K
[2.356s]       |          [01;31m[K^~~~~~~~~~~~~~~~~~~~~~~~~~~~~~~~~~~~~~~~~~~~~~[m[K
[2.356s] compilation terminated.
[2.357s] gmake[2]: *** [CMakeFiles/miner_interfaces__rosidl_typesupport_fastrtps_cpp.dir/build.make:173: CMakeFiles/miner_interfaces__rosidl_typesupport_fastrtps_cpp.dir/rosidl_typesupport_fastrtps_cpp/miner_interfaces/msg/detail/dds_fastrtps/ores__type_support.cpp.o] Error 1
[2.357s] gmake[2]: *** [CMakeFiles/miner_interfaces__rosidl_typesupport_introspection_cpp.dir/build.make:173: CMakeFiles/miner_interfaces__rosidl_typesupport_introspection_cpp.dir/rosidl_typesupport_introspection_cpp/miner_interfaces/msg/detail/ores__type_support.cpp.o] Error 1
[2.357s] gmake[2]: *** Waiting for unfinished jobs....
[2.357s] gmake[2]: *** Waiting for unfinished jobs....
[2.468s] gmake[1]: *** [CMakeFiles/Makefile2:395: CMakeFiles/miner_interfaces__rosidl_typesupport_cpp.dir/all] Error 2
[2.689s] gmake[1]: *** [CMakeFiles/Makefile2:369: CMakeFiles/miner_interfaces__rosidl_typesupport_introspection_cpp.dir/all] Error 2
[2.715s] gmake[1]: *** [CMakeFiles/Makefile2:291: CMakeFiles/miner_interfaces__rosidl_typesupport_fastrtps_cpp.dir/all] Error 2
[2.715s] gmake: *** [Makefile:146: all] Error 2
[2.717s] Invoked command in '/home/hecate/code/24-visual-group-second-assessment-Chris/Question2-ROS2/miner_ws/build/miner_interfaces' returned '2': CMAKE_PREFIX_PATH=/opt/ros/humble /usr/bin/cmake --build /home/hecate/code/24-visual-group-second-assessment-Chris/Question2-ROS2/miner_ws/build/miner_interfaces -- -j8 -l8
