[35m[1mConsolidate compiler generated dependencies of target look_transform[0m
[100%] Built target look_transform
-- Install configuration: ""
-- Execute custom install script
-- Symlinking: /home/hecate/code/24-visual-group-second-assessment-Chris/Question3-tf2/3-ROS-urdf-src/install/look_transform/lib/look_transform/look_transform
-- Symlinking: /home/hecate/code/24-visual-group-second-assessment-Chris/Question3-tf2/3-ROS-urdf-src/install/look_transform/share/ament_index/resource_index/package_run_dependencies/look_transform
-- Symlinking: /home/hecate/code/24-visual-group-second-assessment-Chris/Question3-tf2/3-ROS-urdf-src/install/look_transform/share/ament_index/resource_index/parent_prefix_path/look_transform
-- Symlinking: /home/hecate/code/24-visual-group-second-assessment-Chris/Question3-tf2/3-ROS-urdf-src/install/look_transform/share/look_transform/environment/ament_prefix_path.sh
-- Symlinking: /home/hecate/code/24-visual-group-second-assessment-Chris/Question3-tf2/3-ROS-urdf-src/install/look_transform/share/look_transform/environment/ament_prefix_path.dsv
-- Symlinking: /home/hecate/code/24-visual-group-second-assessment-Chris/Question3-tf2/3-ROS-urdf-src/install/look_transform/share/look_transform/environment/path.sh
-- Symlinking: /home/hecate/code/24-visual-group-second-assessment-Chris/Question3-tf2/3-ROS-urdf-src/install/look_transform/share/look_transform/environment/path.dsv
-- Symlinking: /home/hecate/code/24-visual-group-second-assessment-Chris/Question3-tf2/3-ROS-urdf-src/install/look_transform/share/look_transform/local_setup.bash
-- Symlinking: /home/hecate/code/24-visual-group-second-assessment-Chris/Question3-tf2/3-ROS-urdf-src/install/look_transform/share/look_transform/local_setup.sh
-- Symlinking: /home/hecate/code/24-visual-group-second-assessment-Chris/Question3-tf2/3-ROS-urdf-src/install/look_transform/share/look_transform/local_setup.zsh
-- Symlinking: /home/hecate/code/24-visual-group-second-assessment-Chris/Question3-tf2/3-ROS-urdf-src/install/look_transform/share/look_transform/local_setup.dsv
-- Symlinking: /home/hecate/code/24-visual-group-second-assessment-Chris/Question3-tf2/3-ROS-urdf-src/install/look_transform/share/look_transform/package.dsv
-- Symlinking: /home/hecate/code/24-visual-group-second-assessment-Chris/Question3-tf2/3-ROS-urdf-src/install/look_transform/share/ament_index/resource_index/packages/look_transform
-- Symlinking: /home/hecate/code/24-visual-group-second-assessment-Chris/Question3-tf2/3-ROS-urdf-src/install/look_transform/share/look_transform/cmake/look_transformConfig.cmake
-- Symlinking: /home/hecate/code/24-visual-group-second-assessment-Chris/Question3-tf2/3-ROS-urdf-src/install/look_transform/share/look_transform/cmake/look_transformConfig-version.cmake
-- Symlinking: /home/hecate/code/24-visual-group-second-assessment-Chris/Question3-tf2/3-ROS-urdf-src/install/look_transform/share/look_transform/package.xml
